#
# There is insufficient memory for the Java Runtime Environment to continue.
# Native memory allocation (malloc) failed to allocate 1340080 bytes for Chunk::new
# Possible reasons:
#   The system is out of physical RAM or swap space
#   The process is running with CompressedOops enabled, and the Java Heap may be blocking the growth of the native heap
# Possible solutions:
#   Reduce memory load on the system
#   Increase physical memory or swap space
#   Check if swap backing store is full
#   Decrease Java heap size (-Xmx/-Xms)
#   Decrease number of Java threads
#   Decrease Java thread stack sizes (-Xss)
#   Set larger code cache with -XX:ReservedCodeCacheSize=
#   JVM is running with Zero Based Compressed Oops mode in which the Java heap is
#     placed in the first 32GB address space. The Java Heap base address is the
#     maximum limit for the native heap growth. Please use -XX:HeapBaseMinAddress
#     to set the Java Heap base and to place the Java Heap above 32GB virtual address.
# This output file may be truncated or incomplete.
#
#  Out of Memory Error (arena.cpp:189), pid=2436, tid=21772
#
# JRE version: Java(TM) SE Runtime Environment (17.0.14+8) (build 17.0.14+8-LTS-191)
# Java VM: Java HotSpot(TM) 64-Bit Server VM (17.0.14+8-LTS-191, mixed mode, sharing, tiered, compressed oops, compressed class ptrs, g1 gc, windows-amd64)
# No core dump will be written. Minidumps are not enabled by default on client versions of Windows
#

---------------  S U M M A R Y ------------

Command Line: -Dclassworlds.conf=C:\Users\us\Downloads\apache-maven-3.9.9-bin\apache-maven-3.9.9\bin\m2.conf -Dmaven.home=C:\Users\us\Downloads\apache-maven-3.9.9-bin\apache-maven-3.9.9 -Dlibrary.jansi.path=C:\Users\us\Downloads\apache-maven-3.9.9-bin\apache-maven-3.9.9\lib\jansi-native -Dmaven.multiModuleProjectDirectory=C:\Fpo 2 version\DATE-FPO-Backend org.codehaus.plexus.classworlds.launcher.Launcher spring-boot:run

Host: 11th Gen Intel(R) Core(TM) i5-1145G7 @ 2.60GHz, 8 cores, 15G,  Windows 11 , 64 bit Build 26100 (10.0.26100.5074)
Time: Tue Oct  7 21:49:10 2025 India Standard Time elapsed time: 49.178523 seconds (0d 0h 0m 49s)

---------------  T H R E A D  ---------------

Current thread (0x000001dbfee74ad0):  JavaThread "C2 CompilerThread2" daemon [_thread_in_native, id=21772, stack(0x0000008136600000,0x0000008136700000)]


Current CompileTask:
C2:  49178 12087       4       com.sun.tools.javac.comp.Resolve$AbstractMethodCheck::argumentsAcceptable (288 bytes)

Stack: [0x0000008136600000,0x0000008136700000]
Native frames: (J=compiled Java code, j=interpreted, Vv=VM code, C=native code)
V  [jvm.dll+0x67a38a]
V  [jvm.dll+0x7da7ed]
V  [jvm.dll+0x7dc133]
V  [jvm.dll+0x7dc7a3]
V  [jvm.dll+0x24517f]
V  [jvm.dll+0xab773]
V  [jvm.dll+0xabd3c]
V  [jvm.dll+0x361e4e]
V  [jvm.dll+0x1ba28a]
V  [jvm.dll+0x216a97]
V  [jvm.dll+0x215d6f]
V  [jvm.dll+0x1a2950]
V  [jvm.dll+0x22620b]
V  [jvm.dll+0x2243ab]
V  [jvm.dll+0x790bbc]
V  [jvm.dll+0x78b04a]
V  [jvm.dll+0x679275]
C  [ucrtbase.dll+0x37b0]
C  [KERNEL32.DLL+0x2e8d7]
C  [ntdll.dll+0x8d9c]


---------------  P R O C E S S  ---------------

Threads class SMR info:
_java_thread_list=0x000001dbd4d3c1d0, length=15, elements={
0x000001dbe8bc69c0, 0x000001dbfe781680, 0x000001dbfe782240, 0x000001dbfe796000,
0x000001dbfe7988e0, 0x000001dbfe7998b0, 0x000001dbfe79a270, 0x000001dbfe79b370,
0x000001dbfe8b8090, 0x000001dbfe8b9dc0, 0x000001dbfe9fd600, 0x000001dbfea0a740,
0x000001dbd47a5850, 0x000001dbfee75570, 0x000001dbfee74ad0
}

Java Threads: ( => current thread )
  0x000001dbe8bc69c0 JavaThread "main" [_thread_in_native, id=5196, stack(0x0000008134200000,0x0000008134300000)]
  0x000001dbfe781680 JavaThread "Reference Handler" daemon [_thread_blocked, id=13928, stack(0x0000008134900000,0x0000008134a00000)]
  0x000001dbfe782240 JavaThread "Finalizer" daemon [_thread_blocked, id=18848, stack(0x0000008134a00000,0x0000008134b00000)]
  0x000001dbfe796000 JavaThread "Signal Dispatcher" daemon [_thread_blocked, id=26368, stack(0x0000008134b00000,0x0000008134c00000)]
  0x000001dbfe7988e0 JavaThread "Attach Listener" daemon [_thread_blocked, id=21912, stack(0x0000008134c00000,0x0000008134d00000)]
  0x000001dbfe7998b0 JavaThread "Service Thread" daemon [_thread_blocked, id=20168, stack(0x0000008134d00000,0x0000008134e00000)]
  0x000001dbfe79a270 JavaThread "Monitor Deflation Thread" daemon [_thread_blocked, id=24656, stack(0x0000008134e00000,0x0000008134f00000)]
  0x000001dbfe79b370 JavaThread "C2 CompilerThread0" daemon [_thread_in_native, id=11024, stack(0x0000008134f00000,0x0000008135000000)]
  0x000001dbfe8b8090 JavaThread "C1 CompilerThread0" daemon [_thread_blocked, id=21604, stack(0x0000008135000000,0x0000008135100000)]
  0x000001dbfe8b9dc0 JavaThread "Sweeper thread" daemon [_thread_blocked, id=26812, stack(0x0000008135100000,0x0000008135200000)]
  0x000001dbfe9fd600 JavaThread "Notification Thread" daemon [_thread_blocked, id=1588, stack(0x0000008135200000,0x0000008135300000)]
  0x000001dbfea0a740 JavaThread "Common-Cleaner" daemon [_thread_blocked, id=10716, stack(0x0000008135400000,0x0000008135500000)]
  0x000001dbd47a5850 JavaThread "Thread-1" daemon [_thread_blocked, id=17752, stack(0x0000008135d00000,0x0000008135e00000)]
  0x000001dbfee75570 JavaThread "C2 CompilerThread1" daemon [_thread_in_native, id=3200, stack(0x0000008135600000,0x0000008135700000)]
=>0x000001dbfee74ad0 JavaThread "C2 CompilerThread2" daemon [_thread_in_native, id=21772, stack(0x0000008136600000,0x0000008136700000)]

Other Threads:
  0x000001dbfe77bbd0 VMThread "VM Thread" [stack: 0x0000008134800000,0x0000008134900000] [id=2944]
  0x000001dbe8c49380 WatcherThread [stack: 0x0000008135300000,0x0000008135400000] [id=10372]
  0x000001dbe8c2d7d0 GCTaskThread "GC Thread#0" [stack: 0x0000008134300000,0x0000008134400000] [id=7616]
  0x000001dbfea258c0 GCTaskThread "GC Thread#1" [stack: 0x0000008135700000,0x0000008135800000] [id=4708]
  0x000001dbd4118b70 GCTaskThread "GC Thread#2" [stack: 0x0000008135800000,0x0000008135900000] [id=25016]
  0x000001dbff329060 GCTaskThread "GC Thread#3" [stack: 0x0000008135900000,0x0000008135a00000] [id=11772]
  0x000001dbd43cb400 GCTaskThread "GC Thread#4" [stack: 0x0000008135a00000,0x0000008135b00000] [id=6192]
  0x000001dbd43cb6c0 GCTaskThread "GC Thread#5" [stack: 0x0000008135b00000,0x0000008135c00000] [id=20008]
  0x000001dbd444e0f0 GCTaskThread "GC Thread#6" [stack: 0x0000008135c00000,0x0000008135d00000] [id=4312]
  0x000001dbd434a060 GCTaskThread "GC Thread#7" [stack: 0x0000008135500000,0x0000008135600000] [id=18360]
  0x000001dbe8c3e2f0 ConcurrentGCThread "G1 Main Marker" [stack: 0x0000008134400000,0x0000008134500000] [id=14064]
  0x000001dbe8c3fd10 ConcurrentGCThread "G1 Conc#0" [stack: 0x0000008134500000,0x0000008134600000] [id=6404]
  0x000001dbd5213ee0 ConcurrentGCThread "G1 Conc#1" [stack: 0x0000008135f00000,0x0000008136000000] [id=3980]
  0x000001dbfe636100 ConcurrentGCThread "G1 Refine#0" [stack: 0x0000008134600000,0x0000008134700000] [id=23708]
  0x000001dbfecb9570 ConcurrentGCThread "G1 Refine#1" [stack: 0x0000008136000000,0x0000008136100000] [id=1876]
  0x000001dbfecb9860 ConcurrentGCThread "G1 Refine#2" [stack: 0x0000008136100000,0x0000008136200000] [id=27204]
  0x000001dbfecb83d0 ConcurrentGCThread "G1 Refine#3" [stack: 0x0000008136200000,0x0000008136300000] [id=20520]
  0x000001dbd62d5730 ConcurrentGCThread "G1 Refine#4" [stack: 0x0000008136300000,0x0000008136400000] [id=6588]
  0x000001dbd62d7a70 ConcurrentGCThread "G1 Refine#5" [stack: 0x0000008135e00000,0x0000008135f00000] [id=11716]
  0x000001dbd62d7d60 ConcurrentGCThread "G1 Refine#6" [stack: 0x0000008136500000,0x0000008136600000] [id=4324]
  0x000001dbd62d6bc0 ConcurrentGCThread "G1 Refine#7" [stack: 0x0000008136400000,0x0000008136500000] [id=23124]
  0x000001dbfe6378f0 ConcurrentGCThread "G1 Service" [stack: 0x0000008134700000,0x0000008134800000] [id=13132]

Threads with active compile tasks:
C2 CompilerThread0    49224 11971       4       com.sun.tools.javac.comp.Resolve::findVar (558 bytes)
C2 CompilerThread1    49224 12013       4       com.sun.tools.javac.jvm.PoolWriter$WriteablePoolHelper::writeConstant (863 bytes)
C2 CompilerThread2    49225 12087       4       com.sun.tools.javac.comp.Resolve$AbstractMethodCheck::argumentsAcceptable (288 bytes)

VM state: not at safepoint (normal execution)

VM Mutex/Monitor currently owned by a thread: None

Heap address: 0x0000000704200000, size: 4030 MB, Compressed Oops mode: Zero based, Oop shift amount: 3

CDS archive(s) mapped at: [0x000001db8f000000-0x000001db8fbd0000-0x000001db8fbd0000), size 12386304, SharedBaseAddress: 0x000001db8f000000, ArchiveRelocationMode: 1.
Compressed class space mapped at: 0x000001db90000000-0x000001dbd0000000, reserved size: 1073741824
Narrow klass base: 0x000001db8f000000, Narrow klass shift: 0, Narrow klass range: 0x100000000

GC Precious Log:
 CPUs: 8 total, 8 available
 Memory: 16118M
 Large Page Support: Disabled
 NUMA Support: Disabled
 Compressed Oops: Enabled (Zero based)
 Heap Region Size: 2M
 Heap Min Capacity: 8M
 Heap Initial Capacity: 252M
 Heap Max Capacity: 4030M
 Pre-touch: Disabled
 Parallel Workers: 8
 Concurrent Workers: 2
 Concurrent Refinement Workers: 8
 Periodic GC: Disabled

Heap:
 garbage-first heap   total 466944K, used 374665K [0x0000000704200000, 0x0000000800000000)
  region size 2048K, 129 young (264192K), 5 survivors (10240K)
 Metaspace       used 38069K, committed 38464K, reserved 1114112K
  class space    used 4256K, committed 4416K, reserved 1048576K

Heap Regions: E=young(eden), S=young(survivor), O=old, HS=humongous(starts), HC=humongous(continues), CS=collection set, F=free, OA=open archive, CA=closed archive, TAMS=top-at-mark-start (previous, next)
|   0|0x0000000704200000, 0x0000000704400000, 0x0000000704400000|100%| O|  |TAMS 0x0000000704400000, 0x0000000704400000| Untracked 
|   1|0x0000000704400000, 0x0000000704600000, 0x0000000704600000|100%| O|  |TAMS 0x0000000704600000, 0x0000000704600000| Untracked 
|   2|0x0000000704600000, 0x0000000704800000, 0x0000000704800000|100%| O|  |TAMS 0x0000000704800000, 0x0000000704800000| Untracked 
|   3|0x0000000704800000, 0x0000000704a00000, 0x0000000704a00000|100%|HS|  |TAMS 0x0000000704a00000, 0x0000000704a00000| Complete 
|   4|0x0000000704a00000, 0x0000000704c00000, 0x0000000704c00000|100%| O|  |TAMS 0x0000000704c00000, 0x0000000704c00000| Untracked 
|   5|0x0000000704c00000, 0x0000000704e00000, 0x0000000704e00000|100%| O|  |TAMS 0x0000000704e00000, 0x0000000704e00000| Untracked 
|   6|0x0000000704e00000, 0x0000000705000000, 0x0000000705000000|100%| O|  |TAMS 0x0000000705000000, 0x0000000705000000| Untracked 
|   7|0x0000000705000000, 0x0000000705200000, 0x0000000705200000|100%| O|  |TAMS 0x0000000705200000, 0x0000000705200000| Untracked 
|   8|0x0000000705200000, 0x0000000705400000, 0x0000000705400000|100%| O|  |TAMS 0x0000000705400000, 0x0000000705400000| Untracked 
|   9|0x0000000705400000, 0x0000000705600000, 0x0000000705600000|100%| O|  |TAMS 0x0000000705600000, 0x0000000705600000| Untracked 
|  10|0x0000000705600000, 0x0000000705800000, 0x0000000705800000|100%| O|  |TAMS 0x0000000705800000, 0x0000000705800000| Untracked 
|  11|0x0000000705800000, 0x0000000705a00000, 0x0000000705a00000|100%| O|  |TAMS 0x0000000705a00000, 0x0000000705a00000| Untracked 
|  12|0x0000000705a00000, 0x0000000705c00000, 0x0000000705c00000|100%| O|  |TAMS 0x0000000705c00000, 0x0000000705c00000| Untracked 
|  13|0x0000000705c00000, 0x0000000705e00000, 0x0000000705e00000|100%| O|  |TAMS 0x0000000705e00000, 0x0000000705e00000| Untracked 
|  14|0x0000000705e00000, 0x0000000706000000, 0x0000000706000000|100%| O|  |TAMS 0x0000000706000000, 0x0000000706000000| Untracked 
|  15|0x0000000706000000, 0x0000000706200000, 0x0000000706200000|100%| O|  |TAMS 0x0000000706200000, 0x0000000706200000| Untracked 
|  16|0x0000000706200000, 0x0000000706400000, 0x0000000706400000|100%| O|  |TAMS 0x0000000706400000, 0x0000000706400000| Untracked 
|  17|0x0000000706400000, 0x0000000706600000, 0x0000000706600000|100%| O|  |TAMS 0x0000000706600000, 0x0000000706600000| Untracked 
|  18|0x0000000706600000, 0x0000000706800000, 0x0000000706800000|100%| O|  |TAMS 0x0000000706600000, 0x0000000706800000| Untracked 
|  19|0x0000000706800000, 0x0000000706a00000, 0x0000000706a00000|100%| O|  |TAMS 0x0000000706a00000, 0x0000000706a00000| Untracked 
|  20|0x0000000706a00000, 0x0000000706c00000, 0x0000000706c00000|100%| O|  |TAMS 0x0000000706c00000, 0x0000000706c00000| Untracked 
|  21|0x0000000706c00000, 0x0000000706e00000, 0x0000000706e00000|100%| O|  |TAMS 0x0000000706e00000, 0x0000000706e00000| Untracked 
|  22|0x0000000706e00000, 0x0000000707000000, 0x0000000707000000|100%| O|  |TAMS 0x0000000707000000, 0x0000000707000000| Untracked 
|  23|0x0000000707000000, 0x0000000707200000, 0x0000000707200000|100%| O|  |TAMS 0x0000000707000000, 0x0000000707200000| Untracked 
|  24|0x0000000707200000, 0x0000000707400000, 0x0000000707400000|100%| O|  |TAMS 0x0000000707200000, 0x0000000707400000| Untracked 
|  25|0x0000000707400000, 0x0000000707600000, 0x0000000707600000|100%| O|  |TAMS 0x0000000707400000, 0x00000007075c3c00| Untracked 
|  26|0x0000000707600000, 0x0000000707800000, 0x0000000707800000|100%| O|  |TAMS 0x0000000707600000, 0x0000000707600000| Untracked 
|  27|0x0000000707800000, 0x0000000707a00000, 0x0000000707a00000|100%| O|  |TAMS 0x0000000707800000, 0x0000000707800000| Untracked 
|  28|0x0000000707a00000, 0x0000000707c00000, 0x0000000707c00000|100%|HS|  |TAMS 0x0000000707a00000, 0x0000000707a00000| Complete 
|  29|0x0000000707c00000, 0x0000000707e00000, 0x0000000707e00000|100%| O|  |TAMS 0x0000000707c00000, 0x0000000707c00000| Untracked 
|  30|0x0000000707e00000, 0x0000000708000000, 0x0000000708000000|100%| O|  |TAMS 0x0000000707e00000, 0x0000000707e00000| Untracked 
|  31|0x0000000708000000, 0x0000000708200000, 0x0000000708200000|100%| O|  |TAMS 0x0000000708000000, 0x0000000708000000| Untracked 
|  32|0x0000000708200000, 0x0000000708400000, 0x0000000708400000|100%| O|  |TAMS 0x0000000708200000, 0x0000000708200000| Untracked 
|  33|0x0000000708400000, 0x0000000708600000, 0x0000000708600000|100%| O|  |TAMS 0x0000000708400000, 0x0000000708400000| Untracked 
|  34|0x0000000708600000, 0x0000000708800000, 0x0000000708800000|100%| O|  |TAMS 0x0000000708600000, 0x0000000708600000| Untracked 
|  35|0x0000000708800000, 0x0000000708a00000, 0x0000000708a00000|100%| O|  |TAMS 0x0000000708800000, 0x0000000708800000| Untracked 
|  36|0x0000000708a00000, 0x0000000708c00000, 0x0000000708c00000|100%|HS|  |TAMS 0x0000000708a00000, 0x0000000708a00000| Complete 
|  37|0x0000000708c00000, 0x0000000708e00000, 0x0000000708e00000|100%| O|  |TAMS 0x0000000708c00000, 0x0000000708c00000| Untracked 
|  38|0x0000000708e00000, 0x0000000709000000, 0x0000000709000000|100%| O|  |TAMS 0x0000000708e00000, 0x0000000708e00000| Untracked 
|  39|0x0000000709000000, 0x0000000709200000, 0x0000000709200000|100%| O|  |TAMS 0x0000000709000000, 0x0000000709000000| Untracked 
|  40|0x0000000709200000, 0x0000000709400000, 0x0000000709400000|100%| O|  |TAMS 0x0000000709200000, 0x0000000709200000| Untracked 
|  41|0x0000000709400000, 0x0000000709600000, 0x0000000709600000|100%| O|  |TAMS 0x0000000709400000, 0x0000000709400000| Untracked 
|  42|0x0000000709600000, 0x0000000709800000, 0x0000000709800000|100%| O|  |TAMS 0x0000000709600000, 0x0000000709600000| Untracked 
|  43|0x0000000709800000, 0x0000000709a00000, 0x0000000709a00000|100%|HS|  |TAMS 0x0000000709800000, 0x0000000709800000| Complete 
|  44|0x0000000709a00000, 0x0000000709c00000, 0x0000000709c00000|100%|HC|  |TAMS 0x0000000709a00000, 0x0000000709a00000| Complete 
|  45|0x0000000709c00000, 0x0000000709e00000, 0x0000000709e00000|100%| O|  |TAMS 0x0000000709c00000, 0x0000000709c00000| Untracked 
|  46|0x0000000709e00000, 0x000000070a000000, 0x000000070a000000|100%| O|  |TAMS 0x0000000709e00000, 0x0000000709e00000| Untracked 
|  47|0x000000070a000000, 0x000000070a200000, 0x000000070a200000|100%| O|  |TAMS 0x000000070a000000, 0x000000070a000000| Untracked 
|  48|0x000000070a200000, 0x000000070a400000, 0x000000070a400000|100%| O|  |TAMS 0x000000070a200000, 0x000000070a200000| Untracked 
|  49|0x000000070a400000, 0x000000070a600000, 0x000000070a600000|100%| O|  |TAMS 0x000000070a400000, 0x000000070a400000| Untracked 
|  50|0x000000070a600000, 0x000000070a800000, 0x000000070a800000|100%| O|  |TAMS 0x000000070a600000, 0x000000070a600000| Untracked 
|  51|0x000000070a800000, 0x000000070aa00000, 0x000000070aa00000|100%| O|  |TAMS 0x000000070a800000, 0x000000070a800000| Untracked 
|  52|0x000000070aa00000, 0x000000070aa47600, 0x000000070ac00000| 13%| O|  |TAMS 0x000000070aa00000, 0x000000070aa00000| Untracked 
|  53|0x000000070ac00000, 0x000000070ae00000, 0x000000070ae00000|100%|HS|  |TAMS 0x000000070ac00000, 0x000000070ac00000| Complete 
|  54|0x000000070ae00000, 0x000000070b000000, 0x000000070b000000|100%|HC|  |TAMS 0x000000070ae00000, 0x000000070ae00000| Complete 
|  55|0x000000070b000000, 0x000000070b000000, 0x000000070b200000|  0%| F|  |TAMS 0x000000070b000000, 0x000000070b000000| Untracked 
|  56|0x000000070b200000, 0x000000070b200000, 0x000000070b400000|  0%| F|  |TAMS 0x000000070b200000, 0x000000070b200000| Untracked 
|  57|0x000000070b400000, 0x000000070b400000, 0x000000070b600000|  0%| F|  |TAMS 0x000000070b400000, 0x000000070b400000| Untracked 
|  58|0x000000070b600000, 0x000000070b600000, 0x000000070b800000|  0%| F|  |TAMS 0x000000070b600000, 0x000000070b600000| Untracked 
|  59|0x000000070b800000, 0x000000070b800000, 0x000000070ba00000|  0%| F|  |TAMS 0x000000070b800000, 0x000000070b800000| Untracked 
|  60|0x000000070ba00000, 0x000000070ba00000, 0x000000070bc00000|  0%| F|  |TAMS 0x000000070ba00000, 0x000000070ba00000| Untracked 
|  61|0x000000070bc00000, 0x000000070bc00000, 0x000000070be00000|  0%| F|  |TAMS 0x000000070bc00000, 0x000000070bc00000| Untracked 
|  62|0x000000070be00000, 0x000000070be00000, 0x000000070c000000|  0%| F|  |TAMS 0x000000070be00000, 0x000000070be00000| Untracked 
|  63|0x000000070c000000, 0x000000070c000000, 0x000000070c200000|  0%| F|  |TAMS 0x000000070c000000, 0x000000070c000000| Untracked 
|  64|0x000000070c200000, 0x000000070c200000, 0x000000070c400000|  0%| F|  |TAMS 0x000000070c200000, 0x000000070c200000| Untracked 
|  65|0x000000070c400000, 0x000000070c400000, 0x000000070c600000|  0%| F|  |TAMS 0x000000070c400000, 0x000000070c400000| Untracked 
|  66|0x000000070c600000, 0x000000070c600000, 0x000000070c800000|  0%| F|  |TAMS 0x000000070c600000, 0x000000070c600000| Untracked 
|  67|0x000000070c800000, 0x000000070c800000, 0x000000070ca00000|  0%| F|  |TAMS 0x000000070c800000, 0x000000070c800000| Untracked 
|  68|0x000000070ca00000, 0x000000070ca00000, 0x000000070cc00000|  0%| F|  |TAMS 0x000000070ca00000, 0x000000070ca00000| Untracked 
|  69|0x000000070cc00000, 0x000000070cc00000, 0x000000070ce00000|  0%| F|  |TAMS 0x000000070cc00000, 0x000000070cc00000| Untracked 
|  70|0x000000070ce00000, 0x000000070ce00000, 0x000000070d000000|  0%| F|  |TAMS 0x000000070ce00000, 0x000000070ce00000| Untracked 
|  71|0x000000070d000000, 0x000000070d000000, 0x000000070d200000|  0%| F|  |TAMS 0x000000070d000000, 0x000000070d000000| Untracked 
|  72|0x000000070d200000, 0x000000070d200000, 0x000000070d400000|  0%| F|  |TAMS 0x000000070d200000, 0x000000070d200000| Untracked 
|  73|0x000000070d400000, 0x000000070d400000, 0x000000070d600000|  0%| F|  |TAMS 0x000000070d400000, 0x000000070d400000| Untracked 
|  74|0x000000070d600000, 0x000000070d600000, 0x000000070d800000|  0%| F|  |TAMS 0x000000070d600000, 0x000000070d600000| Untracked 
|  75|0x000000070d800000, 0x000000070d800000, 0x000000070da00000|  0%| F|  |TAMS 0x000000070d800000, 0x000000070d800000| Untracked 
|  76|0x000000070da00000, 0x000000070da00000, 0x000000070dc00000|  0%| F|  |TAMS 0x000000070da00000, 0x000000070da00000| Untracked 
|  77|0x000000070dc00000, 0x000000070dc00000, 0x000000070de00000|  0%| F|  |TAMS 0x000000070dc00000, 0x000000070dc00000| Untracked 
|  78|0x000000070de00000, 0x000000070de00000, 0x000000070e000000|  0%| F|  |TAMS 0x000000070de00000, 0x000000070de00000| Untracked 
|  79|0x000000070e000000, 0x000000070e000000, 0x000000070e200000|  0%| F|  |TAMS 0x000000070e000000, 0x000000070e000000| Untracked 
|  80|0x000000070e200000, 0x000000070e200000, 0x000000070e400000|  0%| F|  |TAMS 0x000000070e200000, 0x000000070e200000| Untracked 
|  81|0x000000070e400000, 0x000000070e400000, 0x000000070e600000|  0%| F|  |TAMS 0x000000070e400000, 0x000000070e400000| Untracked 
|  82|0x000000070e600000, 0x000000070e600000, 0x000000070e800000|  0%| F|  |TAMS 0x000000070e600000, 0x000000070e600000| Untracked 
|  83|0x000000070e800000, 0x000000070e800000, 0x000000070ea00000|  0%| F|  |TAMS 0x000000070e800000, 0x000000070e800000| Untracked 
|  84|0x000000070ea00000, 0x000000070ea00000, 0x000000070ec00000|  0%| F|  |TAMS 0x000000070ea00000, 0x000000070ea00000| Untracked 
|  85|0x000000070ec00000, 0x000000070ec00000, 0x000000070ee00000|  0%| F|  |TAMS 0x000000070ec00000, 0x000000070ec00000| Untracked 
|  86|0x000000070ee00000, 0x000000070ee00000, 0x000000070f000000|  0%| F|  |TAMS 0x000000070ee00000, 0x000000070ee00000| Untracked 
|  87|0x000000070f000000, 0x000000070f000000, 0x000000070f200000|  0%| F|  |TAMS 0x000000070f000000, 0x000000070f000000| Untracked 
|  88|0x000000070f200000, 0x000000070f200000, 0x000000070f400000|  0%| F|  |TAMS 0x000000070f200000, 0x000000070f200000| Untracked 
|  89|0x000000070f400000, 0x000000070f59b048, 0x000000070f600000| 80%| S|CS|TAMS 0x000000070f400000, 0x000000070f400000| Complete 
|  90|0x000000070f600000, 0x000000070f800000, 0x000000070f800000|100%| S|CS|TAMS 0x000000070f600000, 0x000000070f600000| Complete 
|  91|0x000000070f800000, 0x000000070fa00000, 0x000000070fa00000|100%| S|CS|TAMS 0x000000070f800000, 0x000000070f800000| Complete 
|  92|0x000000070fa00000, 0x000000070fc00000, 0x000000070fc00000|100%| S|CS|TAMS 0x000000070fa00000, 0x000000070fa00000| Complete 
|  93|0x000000070fc00000, 0x000000070fe00000, 0x000000070fe00000|100%| S|CS|TAMS 0x000000070fc00000, 0x000000070fc00000| Complete 
|  94|0x000000070fe00000, 0x000000070fe00000, 0x0000000710000000|  0%| F|  |TAMS 0x000000070fe00000, 0x000000070fe00000| Untracked 
|  95|0x0000000710000000, 0x0000000710000000, 0x0000000710200000|  0%| F|  |TAMS 0x0000000710000000, 0x0000000710000000| Untracked 
|  96|0x0000000710200000, 0x0000000710200000, 0x0000000710400000|  0%| F|  |TAMS 0x0000000710200000, 0x0000000710200000| Untracked 
|  97|0x0000000710400000, 0x0000000710400000, 0x0000000710600000|  0%| F|  |TAMS 0x0000000710400000, 0x0000000710400000| Untracked 
|  98|0x0000000710600000, 0x0000000710600000, 0x0000000710800000|  0%| F|  |TAMS 0x0000000710600000, 0x0000000710600000| Untracked 
|  99|0x0000000710800000, 0x0000000710800000, 0x0000000710a00000|  0%| F|  |TAMS 0x0000000710800000, 0x0000000710800000| Untracked 
| 100|0x0000000710a00000, 0x0000000710a00000, 0x0000000710c00000|  0%| F|  |TAMS 0x0000000710a00000, 0x0000000710a00000| Untracked 
| 101|0x0000000710c00000, 0x0000000710c00000, 0x0000000710e00000|  0%| F|  |TAMS 0x0000000710c00000, 0x0000000710c00000| Untracked 
| 102|0x0000000710e00000, 0x0000000710e00000, 0x0000000711000000|  0%| F|  |TAMS 0x0000000710e00000, 0x0000000710e00000| Untracked 
| 103|0x0000000711000000, 0x0000000711200000, 0x0000000711200000|100%| E|  |TAMS 0x0000000711000000, 0x0000000711000000| Complete 
| 104|0x0000000711200000, 0x0000000711400000, 0x0000000711400000|100%| E|CS|TAMS 0x0000000711200000, 0x0000000711200000| Complete 
| 105|0x0000000711400000, 0x0000000711600000, 0x0000000711600000|100%| E|CS|TAMS 0x0000000711400000, 0x0000000711400000| Complete 
| 106|0x0000000711600000, 0x0000000711800000, 0x0000000711800000|100%| E|CS|TAMS 0x0000000711600000, 0x0000000711600000| Complete 
| 107|0x0000000711800000, 0x0000000711a00000, 0x0000000711a00000|100%| E|CS|TAMS 0x0000000711800000, 0x0000000711800000| Complete 
| 108|0x0000000711a00000, 0x0000000711c00000, 0x0000000711c00000|100%| E|CS|TAMS 0x0000000711a00000, 0x0000000711a00000| Complete 
| 109|0x0000000711c00000, 0x0000000711e00000, 0x0000000711e00000|100%| E|CS|TAMS 0x0000000711c00000, 0x0000000711c00000| Complete 
| 110|0x0000000711e00000, 0x0000000712000000, 0x0000000712000000|100%| E|CS|TAMS 0x0000000711e00000, 0x0000000711e00000| Complete 
| 111|0x0000000712000000, 0x0000000712200000, 0x0000000712200000|100%| E|CS|TAMS 0x0000000712000000, 0x0000000712000000| Complete 
| 112|0x0000000712200000, 0x0000000712400000, 0x0000000712400000|100%| E|CS|TAMS 0x0000000712200000, 0x0000000712200000| Complete 
| 113|0x0000000712400000, 0x0000000712600000, 0x0000000712600000|100%| E|CS|TAMS 0x0000000712400000, 0x0000000712400000| Complete 
| 114|0x0000000712600000, 0x0000000712800000, 0x0000000712800000|100%| E|CS|TAMS 0x0000000712600000, 0x0000000712600000| Complete 
| 115|0x0000000712800000, 0x0000000712a00000, 0x0000000712a00000|100%| E|CS|TAMS 0x0000000712800000, 0x0000000712800000| Complete 
| 116|0x0000000712a00000, 0x0000000712c00000, 0x0000000712c00000|100%| E|CS|TAMS 0x0000000712a00000, 0x0000000712a00000| Complete 
| 117|0x0000000712c00000, 0x0000000712e00000, 0x0000000712e00000|100%| E|CS|TAMS 0x0000000712c00000, 0x0000000712c00000| Complete 
| 118|0x0000000712e00000, 0x0000000713000000, 0x0000000713000000|100%| E|CS|TAMS 0x0000000712e00000, 0x0000000712e00000| Complete 
| 119|0x0000000713000000, 0x0000000713200000, 0x0000000713200000|100%| E|CS|TAMS 0x0000000713000000, 0x0000000713000000| Complete 
| 120|0x0000000713200000, 0x0000000713400000, 0x0000000713400000|100%| E|CS|TAMS 0x0000000713200000, 0x0000000713200000| Complete 
| 121|0x0000000713400000, 0x0000000713600000, 0x0000000713600000|100%| E|CS|TAMS 0x0000000713400000, 0x0000000713400000| Complete 
| 122|0x0000000713600000, 0x0000000713800000, 0x0000000713800000|100%| E|CS|TAMS 0x0000000713600000, 0x0000000713600000| Complete 
| 123|0x0000000713800000, 0x0000000713a00000, 0x0000000713a00000|100%| E|CS|TAMS 0x0000000713800000, 0x0000000713800000| Complete 
| 124|0x0000000713a00000, 0x0000000713c00000, 0x0000000713c00000|100%| E|CS|TAMS 0x0000000713a00000, 0x0000000713a00000| Complete 
| 125|0x0000000713c00000, 0x0000000713e00000, 0x0000000713e00000|100%| E|CS|TAMS 0x0000000713c00000, 0x0000000713c00000| Complete 
| 126|0x0000000713e00000, 0x0000000714000000, 0x0000000714000000|100%| E|CS|TAMS 0x0000000713e00000, 0x0000000713e00000| Complete 
| 127|0x0000000714000000, 0x0000000714200000, 0x0000000714200000|100%| E|CS|TAMS 0x0000000714000000, 0x0000000714000000| Complete 
| 128|0x0000000714200000, 0x0000000714400000, 0x0000000714400000|100%| E|CS|TAMS 0x0000000714200000, 0x0000000714200000| Complete 
| 129|0x0000000714400000, 0x0000000714600000, 0x0000000714600000|100%| E|CS|TAMS 0x0000000714400000, 0x0000000714400000| Complete 
| 130|0x0000000714600000, 0x0000000714800000, 0x0000000714800000|100%| E|CS|TAMS 0x0000000714600000, 0x0000000714600000| Complete 
| 131|0x0000000714800000, 0x0000000714a00000, 0x0000000714a00000|100%| E|CS|TAMS 0x0000000714800000, 0x0000000714800000| Complete 
| 132|0x0000000714a00000, 0x0000000714c00000, 0x0000000714c00000|100%| E|CS|TAMS 0x0000000714a00000, 0x0000000714a00000| Complete 
| 133|0x0000000714c00000, 0x0000000714e00000, 0x0000000714e00000|100%| E|CS|TAMS 0x0000000714c00000, 0x0000000714c00000| Complete 
| 134|0x0000000714e00000, 0x0000000715000000, 0x0000000715000000|100%| E|CS|TAMS 0x0000000714e00000, 0x0000000714e00000| Complete 
| 135|0x0000000715000000, 0x0000000715200000, 0x0000000715200000|100%| E|CS|TAMS 0x0000000715000000, 0x0000000715000000| Complete 
| 136|0x0000000715200000, 0x0000000715400000, 0x0000000715400000|100%| E|CS|TAMS 0x0000000715200000, 0x0000000715200000| Complete 
| 137|0x0000000715400000, 0x0000000715600000, 0x0000000715600000|100%| E|CS|TAMS 0x0000000715400000, 0x0000000715400000| Complete 
| 138|0x0000000715600000, 0x0000000715800000, 0x0000000715800000|100%| E|CS|TAMS 0x0000000715600000, 0x0000000715600000| Complete 
| 139|0x0000000715800000, 0x0000000715a00000, 0x0000000715a00000|100%| E|CS|TAMS 0x0000000715800000, 0x0000000715800000| Complete 
| 140|0x0000000715a00000, 0x0000000715c00000, 0x0000000715c00000|100%| E|CS|TAMS 0x0000000715a00000, 0x0000000715a00000| Complete 
| 141|0x0000000715c00000, 0x0000000715e00000, 0x0000000715e00000|100%| E|CS|TAMS 0x0000000715c00000, 0x0000000715c00000| Complete 
| 142|0x0000000715e00000, 0x0000000716000000, 0x0000000716000000|100%| E|CS|TAMS 0x0000000715e00000, 0x0000000715e00000| Complete 
| 143|0x0000000716000000, 0x0000000716200000, 0x0000000716200000|100%| E|CS|TAMS 0x0000000716000000, 0x0000000716000000| Complete 
| 144|0x0000000716200000, 0x0000000716400000, 0x0000000716400000|100%| E|CS|TAMS 0x0000000716200000, 0x0000000716200000| Complete 
| 145|0x0000000716400000, 0x0000000716600000, 0x0000000716600000|100%| E|CS|TAMS 0x0000000716400000, 0x0000000716400000| Complete 
| 146|0x0000000716600000, 0x0000000716800000, 0x0000000716800000|100%| E|CS|TAMS 0x0000000716600000, 0x0000000716600000| Complete 
| 147|0x0000000716800000, 0x0000000716a00000, 0x0000000716a00000|100%| E|CS|TAMS 0x0000000716800000, 0x0000000716800000| Complete 
| 148|0x0000000716a00000, 0x0000000716c00000, 0x0000000716c00000|100%| E|CS|TAMS 0x0000000716a00000, 0x0000000716a00000| Complete 
| 149|0x0000000716c00000, 0x0000000716e00000, 0x0000000716e00000|100%| E|CS|TAMS 0x0000000716c00000, 0x0000000716c00000| Complete 
| 150|0x0000000716e00000, 0x0000000717000000, 0x0000000717000000|100%| E|CS|TAMS 0x0000000716e00000, 0x0000000716e00000| Complete 
| 151|0x0000000717000000, 0x0000000717200000, 0x0000000717200000|100%| E|CS|TAMS 0x0000000717000000, 0x0000000717000000| Complete 
| 152|0x0000000717200000, 0x0000000717400000, 0x0000000717400000|100%| E|CS|TAMS 0x0000000717200000, 0x0000000717200000| Complete 
| 153|0x0000000717400000, 0x0000000717600000, 0x0000000717600000|100%| E|CS|TAMS 0x0000000717400000, 0x0000000717400000| Complete 
| 154|0x0000000717600000, 0x0000000717800000, 0x0000000717800000|100%| E|CS|TAMS 0x0000000717600000, 0x0000000717600000| Complete 
| 155|0x0000000717800000, 0x0000000717a00000, 0x0000000717a00000|100%| E|CS|TAMS 0x0000000717800000, 0x0000000717800000| Complete 
| 156|0x0000000717a00000, 0x0000000717c00000, 0x0000000717c00000|100%| E|CS|TAMS 0x0000000717a00000, 0x0000000717a00000| Complete 
| 157|0x0000000717c00000, 0x0000000717e00000, 0x0000000717e00000|100%| E|CS|TAMS 0x0000000717c00000, 0x0000000717c00000| Complete 
| 158|0x0000000717e00000, 0x0000000718000000, 0x0000000718000000|100%| E|CS|TAMS 0x0000000717e00000, 0x0000000717e00000| Complete 
| 159|0x0000000718000000, 0x0000000718200000, 0x0000000718200000|100%| E|CS|TAMS 0x0000000718000000, 0x0000000718000000| Complete 
| 160|0x0000000718200000, 0x0000000718400000, 0x0000000718400000|100%| E|CS|TAMS 0x0000000718200000, 0x0000000718200000| Complete 
| 161|0x0000000718400000, 0x0000000718600000, 0x0000000718600000|100%| E|CS|TAMS 0x0000000718400000, 0x0000000718400000| Complete 
| 162|0x0000000718600000, 0x0000000718800000, 0x0000000718800000|100%| E|CS|TAMS 0x0000000718600000, 0x0000000718600000| Complete 
| 163|0x0000000718800000, 0x0000000718a00000, 0x0000000718a00000|100%| E|CS|TAMS 0x0000000718800000, 0x0000000718800000| Complete 
| 164|0x0000000718a00000, 0x0000000718c00000, 0x0000000718c00000|100%| E|CS|TAMS 0x0000000718a00000, 0x0000000718a00000| Complete 
| 165|0x0000000718c00000, 0x0000000718e00000, 0x0000000718e00000|100%| E|CS|TAMS 0x0000000718c00000, 0x0000000718c00000| Complete 
| 166|0x0000000718e00000, 0x0000000719000000, 0x0000000719000000|100%| E|CS|TAMS 0x0000000718e00000, 0x0000000718e00000| Complete 
| 167|0x0000000719000000, 0x0000000719200000, 0x0000000719200000|100%| E|CS|TAMS 0x0000000719000000, 0x0000000719000000| Complete 
| 168|0x0000000719200000, 0x0000000719400000, 0x0000000719400000|100%| E|CS|TAMS 0x0000000719200000, 0x0000000719200000| Complete 
| 169|0x0000000719400000, 0x0000000719600000, 0x0000000719600000|100%| E|CS|TAMS 0x0000000719400000, 0x0000000719400000| Complete 
| 170|0x0000000719600000, 0x0000000719800000, 0x0000000719800000|100%| E|CS|TAMS 0x0000000719600000, 0x0000000719600000| Complete 
| 171|0x0000000719800000, 0x0000000719a00000, 0x0000000719a00000|100%| E|CS|TAMS 0x0000000719800000, 0x0000000719800000| Complete 
| 172|0x0000000719a00000, 0x0000000719c00000, 0x0000000719c00000|100%| E|CS|TAMS 0x0000000719a00000, 0x0000000719a00000| Complete 
| 173|0x0000000719c00000, 0x0000000719e00000, 0x0000000719e00000|100%| E|CS|TAMS 0x0000000719c00000, 0x0000000719c00000| Complete 
| 174|0x0000000719e00000, 0x000000071a000000, 0x000000071a000000|100%| E|CS|TAMS 0x0000000719e00000, 0x0000000719e00000| Complete 
| 175|0x000000071a000000, 0x000000071a200000, 0x000000071a200000|100%| E|CS|TAMS 0x000000071a000000, 0x000000071a000000| Complete 
| 176|0x000000071a200000, 0x000000071a400000, 0x000000071a400000|100%| E|CS|TAMS 0x000000071a200000, 0x000000071a200000| Complete 
| 177|0x000000071a400000, 0x000000071a600000, 0x000000071a600000|100%| E|CS|TAMS 0x000000071a400000, 0x000000071a400000| Complete 
| 178|0x000000071a600000, 0x000000071a800000, 0x000000071a800000|100%| E|CS|TAMS 0x000000071a600000, 0x000000071a600000| Complete 
| 179|0x000000071a800000, 0x000000071aa00000, 0x000000071aa00000|100%| E|CS|TAMS 0x000000071a800000, 0x000000071a800000| Complete 
| 180|0x000000071aa00000, 0x000000071ac00000, 0x000000071ac00000|100%| E|CS|TAMS 0x000000071aa00000, 0x000000071aa00000| Complete 
| 181|0x000000071ac00000, 0x000000071ae00000, 0x000000071ae00000|100%| E|CS|TAMS 0x000000071ac00000, 0x000000071ac00000| Complete 
| 182|0x000000071ae00000, 0x000000071b000000, 0x000000071b000000|100%| E|CS|TAMS 0x000000071ae00000, 0x000000071ae00000| Complete 
| 183|0x000000071b000000, 0x000000071b200000, 0x000000071b200000|100%| E|CS|TAMS 0x000000071b000000, 0x000000071b000000| Complete 
| 184|0x000000071b200000, 0x000000071b400000, 0x000000071b400000|100%| E|CS|TAMS 0x000000071b200000, 0x000000071b200000| Complete 
| 185|0x000000071b400000, 0x000000071b600000, 0x000000071b600000|100%| E|CS|TAMS 0x000000071b400000, 0x000000071b400000| Complete 
| 186|0x000000071b600000, 0x000000071b800000, 0x000000071b800000|100%| E|CS|TAMS 0x000000071b600000, 0x000000071b600000| Complete 
| 187|0x000000071b800000, 0x000000071ba00000, 0x000000071ba00000|100%| E|CS|TAMS 0x000000071b800000, 0x000000071b800000| Complete 
| 188|0x000000071ba00000, 0x000000071bc00000, 0x000000071bc00000|100%| E|CS|TAMS 0x000000071ba00000, 0x000000071ba00000| Complete 
| 189|0x000000071bc00000, 0x000000071be00000, 0x000000071be00000|100%| E|CS|TAMS 0x000000071bc00000, 0x000000071bc00000| Complete 
| 190|0x000000071be00000, 0x000000071c000000, 0x000000071c000000|100%| E|CS|TAMS 0x000000071be00000, 0x000000071be00000| Complete 
| 191|0x000000071c000000, 0x000000071c200000, 0x000000071c200000|100%| E|CS|TAMS 0x000000071c000000, 0x000000071c000000| Complete 
| 192|0x000000071c200000, 0x000000071c400000, 0x000000071c400000|100%| E|CS|TAMS 0x000000071c200000, 0x000000071c200000| Complete 
| 193|0x000000071c400000, 0x000000071c600000, 0x000000071c600000|100%| E|CS|TAMS 0x000000071c400000, 0x000000071c400000| Complete 
| 194|0x000000071c600000, 0x000000071c800000, 0x000000071c800000|100%| E|CS|TAMS 0x000000071c600000, 0x000000071c600000| Complete 
| 195|0x000000071c800000, 0x000000071ca00000, 0x000000071ca00000|100%| E|CS|TAMS 0x000000071c800000, 0x000000071c800000| Complete 
| 196|0x000000071ca00000, 0x000000071cc00000, 0x000000071cc00000|100%| E|CS|TAMS 0x000000071ca00000, 0x000000071ca00000| Complete 
| 197|0x000000071cc00000, 0x000000071ce00000, 0x000000071ce00000|100%| E|CS|TAMS 0x000000071cc00000, 0x000000071cc00000| Complete 
| 198|0x000000071ce00000, 0x000000071d000000, 0x000000071d000000|100%| E|CS|TAMS 0x000000071ce00000, 0x000000071ce00000| Complete 
| 199|0x000000071d000000, 0x000000071d200000, 0x000000071d200000|100%| E|CS|TAMS 0x000000071d000000, 0x000000071d000000| Complete 
| 200|0x000000071d200000, 0x000000071d400000, 0x000000071d400000|100%| E|CS|TAMS 0x000000071d200000, 0x000000071d200000| Complete 
| 201|0x000000071d400000, 0x000000071d600000, 0x000000071d600000|100%| E|CS|TAMS 0x000000071d400000, 0x000000071d400000| Complete 
| 202|0x000000071d600000, 0x000000071d800000, 0x000000071d800000|100%| E|CS|TAMS 0x000000071d600000, 0x000000071d600000| Complete 
| 203|0x000000071d800000, 0x000000071da00000, 0x000000071da00000|100%| E|CS|TAMS 0x000000071d800000, 0x000000071d800000| Complete 
| 204|0x000000071da00000, 0x000000071dc00000, 0x000000071dc00000|100%| E|CS|TAMS 0x000000071da00000, 0x000000071da00000| Complete 
| 205|0x000000071dc00000, 0x000000071de00000, 0x000000071de00000|100%| E|CS|TAMS 0x000000071dc00000, 0x000000071dc00000| Complete 
| 206|0x000000071de00000, 0x000000071e000000, 0x000000071e000000|100%| E|CS|TAMS 0x000000071de00000, 0x000000071de00000| Complete 
| 207|0x000000071e000000, 0x000000071e200000, 0x000000071e200000|100%| E|CS|TAMS 0x000000071e000000, 0x000000071e000000| Complete 
| 208|0x000000071e200000, 0x000000071e400000, 0x000000071e400000|100%| E|CS|TAMS 0x000000071e200000, 0x000000071e200000| Complete 
| 209|0x000000071e400000, 0x000000071e600000, 0x000000071e600000|100%| E|CS|TAMS 0x000000071e400000, 0x000000071e400000| Complete 
| 210|0x000000071e600000, 0x000000071e800000, 0x000000071e800000|100%| E|CS|TAMS 0x000000071e600000, 0x000000071e600000| Complete 
| 211|0x000000071e800000, 0x000000071ea00000, 0x000000071ea00000|100%| E|CS|TAMS 0x000000071e800000, 0x000000071e800000| Complete 
| 212|0x000000071ea00000, 0x000000071ec00000, 0x000000071ec00000|100%| E|CS|TAMS 0x000000071ea00000, 0x000000071ea00000| Complete 
| 213|0x000000071ec00000, 0x000000071ee00000, 0x000000071ee00000|100%| E|CS|TAMS 0x000000071ec00000, 0x000000071ec00000| Complete 
| 214|0x000000071ee00000, 0x000000071f000000, 0x000000071f000000|100%| E|CS|TAMS 0x000000071ee00000, 0x000000071ee00000| Complete 
| 215|0x000000071f000000, 0x000000071f200000, 0x000000071f200000|100%| E|CS|TAMS 0x000000071f000000, 0x000000071f000000| Complete 
| 216|0x000000071f200000, 0x000000071f400000, 0x000000071f400000|100%| E|CS|TAMS 0x000000071f200000, 0x000000071f200000| Complete 
| 217|0x000000071f400000, 0x000000071f600000, 0x000000071f600000|100%| E|CS|TAMS 0x000000071f400000, 0x000000071f400000| Complete 
| 218|0x000000071f600000, 0x000000071f800000, 0x000000071f800000|100%| E|CS|TAMS 0x000000071f600000, 0x000000071f600000| Complete 
| 219|0x000000071f800000, 0x000000071fa00000, 0x000000071fa00000|100%| E|CS|TAMS 0x000000071f800000, 0x000000071f800000| Complete 
| 220|0x000000071fa00000, 0x000000071fc00000, 0x000000071fc00000|100%| E|CS|TAMS 0x000000071fa00000, 0x000000071fa00000| Complete 
| 221|0x000000071fc00000, 0x000000071fe00000, 0x000000071fe00000|100%| E|CS|TAMS 0x000000071fc00000, 0x000000071fc00000| Complete 
| 222|0x000000071fe00000, 0x0000000720000000, 0x0000000720000000|100%| E|CS|TAMS 0x000000071fe00000, 0x000000071fe00000| Complete 
| 223|0x0000000720000000, 0x0000000720200000, 0x0000000720200000|100%| E|CS|TAMS 0x0000000720000000, 0x0000000720000000| Complete 
| 224|0x0000000720200000, 0x0000000720400000, 0x0000000720400000|100%| E|CS|TAMS 0x0000000720200000, 0x0000000720200000| Complete 
| 225|0x0000000720400000, 0x0000000720600000, 0x0000000720600000|100%| E|CS|TAMS 0x0000000720400000, 0x0000000720400000| Complete 
| 226|0x0000000720600000, 0x0000000720800000, 0x0000000720800000|100%| E|CS|TAMS 0x0000000720600000, 0x0000000720600000| Complete 
|2014|0x00000007ffe00000, 0x0000000800000000, 0x0000000800000000|100%| O|  |TAMS 0x0000000800000000, 0x0000000800000000| Untracked 

Card table byte_map: [0x000001dbf2ed0000,0x000001dbf36b0000] _byte_map_base: 0x000001dbef6af000

Marking Bits (Prev, Next): (CMBitMap*) 0x000001dbe8c2ddf0, (CMBitMap*) 0x000001dbe8c2de30
 Prev Bits: [0x000001dbf3e90000, 0x000001dbf7d88000)
 Next Bits: [0x000001dbf7d90000, 0x000001dbfbc88000)

Polling page: 0x000001dbe8c90000

Metaspace:

Usage:
  Non-class:     33.02 MB used.
      Class:      4.16 MB used.
       Both:     37.18 MB used.

Virtual space:
  Non-class space:       64.00 MB reserved,      33.25 MB ( 52%) committed,  1 nodes.
      Class space:        1.00 GB reserved,       4.31 MB ( <1%) committed,  1 nodes.
             Both:        1.06 GB reserved,      37.56 MB (  3%) committed. 

Chunk freelists:
   Non-Class:  14.11 MB
       Class:  11.50 MB
        Both:  25.61 MB

MaxMetaspaceSize: unlimited
CompressedClassSpaceSize: 1.00 GB
Initial GC threshold: 21.00 MB
Current GC threshold: 43.38 MB
CDS: on
MetaspaceReclaimPolicy: balanced
 - commit_granule_bytes: 65536.
 - commit_granule_words: 8192.
 - virtual_space_node_default_size: 8388608.
 - enlarge_chunks_in_place: 1.
 - new_chunks_are_fully_committed: 0.
 - uncommit_free_chunks: 1.
 - use_allocation_guard: 0.
 - handle_deallocations: 1.


Internal statistics:

num_allocs_failed_limit: 3.
num_arena_births: 332.
num_arena_deaths: 0.
num_vsnodes_births: 2.
num_vsnodes_deaths: 0.
num_space_committed: 600.
num_space_uncommitted: 0.
num_chunks_returned_to_freelist: 3.
num_chunks_taken_from_freelist: 1759.
num_chunk_merges: 3.
num_chunk_splits: 1208.
num_chunks_enlarged: 890.
num_inconsistent_stats: 0.

CodeHeap 'non-profiled nmethods': size=120000Kb used=8309Kb max_used=8309Kb free=111690Kb
 bounds [0x000001db87ad0000, 0x000001db88310000, 0x000001db8f000000]
CodeHeap 'profiled nmethods': size=120000Kb used=20826Kb max_used=20826Kb free=99173Kb
 bounds [0x000001db80000000, 0x000001db81470000, 0x000001db87530000]
CodeHeap 'non-nmethods': size=5760Kb used=1259Kb max_used=1352Kb free=4500Kb
 bounds [0x000001db87530000, 0x000001db877a0000, 0x000001db87ad0000]
 total_blobs=9859 nmethods=9298 adapters=473
 compilation: enabled
              stopped_count=0, restarted_count=0
 full_count=0

Compilation events (20 events):
Event: 47.781 Thread 0x000001dbfe8b8090 nmethod 12097 0x000001db80fd5a10 code [0x000001db80fd5ba0, 0x000001db80fd5ce8]
Event: 47.792 Thread 0x000001dbfee75570 nmethod 11996 0x000001db88279890 code [0x000001db88279a60, 0x000001db8827a1c8]
Event: 47.792 Thread 0x000001dbfee75570 11789       4       com.sun.tools.javac.util.Bits::excl (72 bytes)
Event: 47.802 Thread 0x000001dbfee75570 nmethod 11789 0x000001db87fb0390 code [0x000001db87fb0520, 0x000001db87fb0ad8]
Event: 47.802 Thread 0x000001dbfee75570 12085       4       com.sun.tools.javac.comp.TransTypes::visitIdent (129 bytes)
Event: 47.819 Thread 0x000001dbfee75570 nmethod 12085 0x000001db88206c10 code [0x000001db88206de0, 0x000001db882074c8]
Event: 47.819 Thread 0x000001dbfee75570 12058       4       com.sun.tools.javac.jvm.ClassFile::externalize (16 bytes)
Event: 47.833 Thread 0x000001dbfee75570 nmethod 12058 0x000001db87d18210 code [0x000001db87d183a0, 0x000001db87d186d8]
Event: 47.834 Thread 0x000001dbfee75570 12013       4       com.sun.tools.javac.jvm.PoolWriter$WriteablePoolHelper::writeConstant (863 bytes)
Event: 47.974 Thread 0x000001dbfe8b8090 12104       2       com.sun.tools.javac.file.JavacFileManager::hasLocation (14 bytes)
Event: 47.974 Thread 0x000001dbfe8b8090 nmethod 12104 0x000001db8103e690 code [0x000001db8103e840, 0x000001db8103ea68]
Event: 47.974 Thread 0x000001dbfe8b8090 12105       2       com.sun.tools.javac.file.Locations::hasLocation (19 bytes)
Event: 47.975 Thread 0x000001dbfe8b8090 nmethod 12105 0x000001db8104d610 code [0x000001db8104d7e0, 0x000001db8104dae8]
Event: 48.044 Thread 0x000001dbfe8b8090 12108       2       com.sun.tools.javac.comp.Attr::attribClassBody (702 bytes)
Event: 48.052 Thread 0x000001dbfe8b8090 nmethod 12108 0x000001db81457910 code [0x000001db81457e00, 0x000001db81459ec8]
Event: 48.102 Thread 0x000001dbfe8b8090 12109       2       com.sun.tools.javac.comp.CompileStates::isDone (27 bytes)
Event: 48.102 Thread 0x000001dbfe8b8090 nmethod 12109 0x000001db80199910 code [0x000001db80199ac0, 0x000001db80199ca8]
Event: 48.150 Thread 0x000001dbfe8b8090 12110       2       com.sun.tools.javac.comp.Attr$ResultInfo::<init> (17 bytes)
Event: 48.150 Thread 0x000001dbfe8b8090 nmethod 12110 0x000001db8104ce10 code [0x000001db8104cfc0, 0x000001db8104d2d8]
Event: 48.160 Thread 0x000001dbfe8b8090 12111 % !   3       com.sun.tools.javac.comp.Flow$FlowAnalyzer::visitClassDef @ 304 (644 bytes)

GC Heap History (20 events):
Event: 26.968 GC heap before
{Heap before GC invocations=17 (full 0):
 garbage-first heap   total 241664K, used 189024K [0x0000000704200000, 0x0000000800000000)
  region size 2048K, 55 young (112640K), 4 survivors (8192K)
 Metaspace       used 29842K, committed 30144K, reserved 1114112K
  class space    used 3325K, committed 3456K, reserved 1048576K
}
Event: 26.996 GC heap after
{Heap after GC invocations=18 (full 0):
 garbage-first heap   total 241664K, used 89729K [0x0000000704200000, 0x0000000800000000)
  region size 2048K, 5 young (10240K), 5 survivors (10240K)
 Metaspace       used 29842K, committed 30144K, reserved 1114112K
  class space    used 3325K, committed 3456K, reserved 1048576K
}
Event: 27.792 GC heap before
{Heap before GC invocations=18 (full 0):
 garbage-first heap   total 241664K, used 190081K [0x0000000704200000, 0x0000000800000000)
  region size 2048K, 54 young (110592K), 5 survivors (10240K)
 Metaspace       used 29897K, committed 30208K, reserved 1114112K
  class space    used 3329K, committed 3456K, reserved 1048576K
}
Event: 27.830 GC heap after
{Heap after GC invocations=19 (full 0):
 garbage-first heap   total 241664K, used 95553K [0x0000000704200000, 0x0000000800000000)
  region size 2048K, 6 young (12288K), 6 survivors (12288K)
 Metaspace       used 29897K, committed 30208K, reserved 1114112K
  class space    used 3329K, committed 3456K, reserved 1048576K
}
Event: 28.389 GC heap before
{Heap before GC invocations=19 (full 0):
 garbage-first heap   total 241664K, used 193857K [0x0000000704200000, 0x0000000800000000)
  region size 2048K, 54 young (110592K), 6 survivors (12288K)
 Metaspace       used 29901K, committed 30208K, reserved 1114112K
  class space    used 3329K, committed 3456K, reserved 1048576K
}
Event: 28.433 GC heap after
{Heap after GC invocations=20 (full 0):
 garbage-first heap   total 241664K, used 101649K [0x0000000704200000, 0x0000000800000000)
  region size 2048K, 6 young (12288K), 6 survivors (12288K)
 Metaspace       used 29901K, committed 30208K, reserved 1114112K
  class space    used 3329K, committed 3456K, reserved 1048576K
}
Event: 28.987 GC heap before
{Heap before GC invocations=20 (full 0):
 garbage-first heap   total 241664K, used 199953K [0x0000000704200000, 0x0000000800000000)
  region size 2048K, 52 young (106496K), 6 survivors (12288K)
 Metaspace       used 29915K, committed 30208K, reserved 1114112K
  class space    used 3329K, committed 3456K, reserved 1048576K
}
Event: 29.032 GC heap after
{Heap after GC invocations=21 (full 0):
 garbage-first heap   total 344064K, used 109645K [0x0000000704200000, 0x0000000800000000)
  region size 2048K, 5 young (10240K), 5 survivors (10240K)
 Metaspace       used 29915K, committed 30208K, reserved 1114112K
  class space    used 3329K, committed 3456K, reserved 1048576K
}
Event: 29.756 GC heap before
{Heap before GC invocations=21 (full 0):
 garbage-first heap   total 344064K, used 277581K [0x0000000704200000, 0x0000000800000000)
  region size 2048K, 87 young (178176K), 5 survivors (10240K)
 Metaspace       used 29918K, committed 30208K, reserved 1114112K
  class space    used 3329K, committed 3456K, reserved 1048576K
}
Event: 29.776 GC heap after
{Heap after GC invocations=22 (full 0):
 garbage-first heap   total 344064K, used 110000K [0x0000000704200000, 0x0000000800000000)
  region size 2048K, 5 young (10240K), 5 survivors (10240K)
 Metaspace       used 29918K, committed 30208K, reserved 1114112K
  class space    used 3329K, committed 3456K, reserved 1048576K
}
Event: 33.562 GC heap before
{Heap before GC invocations=22 (full 0):
 garbage-first heap   total 344064K, used 286128K [0x0000000704200000, 0x0000000800000000)
  region size 2048K, 91 young (186368K), 5 survivors (10240K)
 Metaspace       used 35352K, committed 35776K, reserved 1114112K
  class space    used 4022K, committed 4224K, reserved 1048576K
}
Event: 33.606 GC heap after
{Heap after GC invocations=23 (full 0):
 garbage-first heap   total 344064K, used 118642K [0x0000000704200000, 0x0000000800000000)
  region size 2048K, 10 young (20480K), 10 survivors (20480K)
 Metaspace       used 35352K, committed 35776K, reserved 1114112K
  class space    used 4022K, committed 4224K, reserved 1048576K
}
Event: 34.771 GC heap before
{Heap before GC invocations=23 (full 0):
 garbage-first heap   total 344064K, used 282482K [0x0000000704200000, 0x0000000800000000)
  region size 2048K, 90 young (184320K), 10 survivors (20480K)
 Metaspace       used 35382K, committed 35776K, reserved 1114112K
  class space    used 4022K, committed 4224K, reserved 1048576K
}
Event: 34.816 GC heap after
{Heap after GC invocations=24 (full 0):
 garbage-first heap   total 344064K, used 120630K [0x0000000704200000, 0x0000000800000000)
  region size 2048K, 6 young (12288K), 6 survivors (12288K)
 Metaspace       used 35382K, committed 35776K, reserved 1114112K
  class space    used 4022K, committed 4224K, reserved 1048576K
}
Event: 35.730 GC heap before
{Heap before GC invocations=24 (full 0):
 garbage-first heap   total 344064K, used 284470K [0x0000000704200000, 0x0000000800000000)
  region size 2048K, 86 young (176128K), 6 survivors (12288K)
 Metaspace       used 35402K, committed 35776K, reserved 1114112K
  class space    used 4022K, committed 4224K, reserved 1048576K
}
Event: 35.750 GC heap after
{Heap after GC invocations=25 (full 0):
 garbage-first heap   total 344064K, used 119051K [0x0000000704200000, 0x0000000800000000)
  region size 2048K, 5 young (10240K), 5 survivors (10240K)
 Metaspace       used 35402K, committed 35776K, reserved 1114112K
  class space    used 4022K, committed 4224K, reserved 1048576K
}
Event: 36.921 GC heap before
{Heap before GC invocations=25 (full 0):
 garbage-first heap   total 344064K, used 289035K [0x0000000704200000, 0x0000000800000000)
  region size 2048K, 88 young (180224K), 5 survivors (10240K)
 Metaspace       used 35420K, committed 35840K, reserved 1114112K
  class space    used 4022K, committed 4224K, reserved 1048576K
}
Event: 36.937 GC heap after
{Heap after GC invocations=26 (full 0):
 garbage-first heap   total 466944K, used 114640K [0x0000000704200000, 0x0000000800000000)
  region size 2048K, 3 young (6144K), 3 survivors (6144K)
 Metaspace       used 35420K, committed 35840K, reserved 1114112K
  class space    used 4022K, committed 4224K, reserved 1048576K
}
Event: 39.446 GC heap before
{Heap before GC invocations=26 (full 0):
 garbage-first heap   total 466944K, used 387024K [0x0000000704200000, 0x0000000800000000)
  region size 2048K, 136 young (278528K), 3 survivors (6144K)
 Metaspace       used 35436K, committed 35840K, reserved 1114112K
  class space    used 4022K, committed 4224K, reserved 1048576K
}
Event: 39.473 GC heap after
{Heap after GC invocations=27 (full 0):
 garbage-first heap   total 466944K, used 118665K [0x0000000704200000, 0x0000000800000000)
  region size 2048K, 5 young (10240K), 5 survivors (10240K)
 Metaspace       used 35436K, committed 35840K, reserved 1114112K
  class space    used 4022K, committed 4224K, reserved 1048576K
}

Deoptimization events (20 events):
Event: 47.189 Thread 0x000001dbe8bc69c0 DEOPT PACKING pc=0x000001db882ab8c8 sp=0x00000081342fb470
Event: 47.189 Thread 0x000001dbe8bc69c0 DEOPT UNPACKING pc=0x000001db87585ba3 sp=0x00000081342fb498 mode 2
Event: 47.190 Thread 0x000001dbe8bc69c0 Uncommon trap: trap_request=0xffffffde fr.pc=0x000001db8813656c relative=0x000000000000028c
Event: 47.190 Thread 0x000001dbe8bc69c0 Uncommon trap: reason=class_check action=maybe_recompile pc=0x000001db8813656c method=com.sun.tools.javac.code.Types.isAssignable(Lcom/sun/tools/javac/code/Type;Lcom/sun/tools/javac/code/Type;Lcom/sun/tools/javac/util/Warner;)Z @ 48 c2
Event: 47.190 Thread 0x000001dbe8bc69c0 DEOPT PACKING pc=0x000001db8813656c sp=0x00000081342fc340
Event: 47.190 Thread 0x000001dbe8bc69c0 DEOPT UNPACKING pc=0x000001db87585ba3 sp=0x00000081342fc2e0 mode 2
Event: 47.546 Thread 0x000001dbe8bc69c0 DEOPT PACKING pc=0x000001db801f8dd4 sp=0x00000081342fcb50
Event: 47.546 Thread 0x000001dbe8bc69c0 DEOPT UNPACKING pc=0x000001db875866e3 sp=0x00000081342fc0d0 mode 0
Event: 47.546 Thread 0x000001dbe8bc69c0 Uncommon trap: trap_request=0xffffff45 fr.pc=0x000001db87ae5f40 relative=0x0000000000000040
Event: 47.546 Thread 0x000001dbe8bc69c0 Uncommon trap: reason=unstable_if action=reinterpret pc=0x000001db87ae5f40 method=sun.nio.fs.WindowsPathParser.isSlash(C)Z @ 9 c2
Event: 47.546 Thread 0x000001dbe8bc69c0 DEOPT PACKING pc=0x000001db87ae5f40 sp=0x00000081342fcbe0
Event: 47.546 Thread 0x000001dbe8bc69c0 DEOPT UNPACKING pc=0x000001db87585ba3 sp=0x00000081342fcb68 mode 2
Event: 47.778 Thread 0x000001dbe8bc69c0 DEOPT PACKING pc=0x000001db8137b881 sp=0x00000081342fd010
Event: 47.778 Thread 0x000001dbe8bc69c0 DEOPT UNPACKING pc=0x000001db875866e3 sp=0x00000081342fc4f8 mode 0
Event: 47.778 Thread 0x000001dbe8bc69c0 DEOPT PACKING pc=0x000001db8137c258 sp=0x00000081342fcf70
Event: 47.778 Thread 0x000001dbe8bc69c0 DEOPT UNPACKING pc=0x000001db875866e3 sp=0x00000081342fc410 mode 0
Event: 48.186 Thread 0x000001dbe8bc69c0 Uncommon trap: trap_request=0xffffffde fr.pc=0x000001db880da1f4 relative=0x0000000000000074
Event: 48.186 Thread 0x000001dbe8bc69c0 Uncommon trap: reason=class_check action=maybe_recompile pc=0x000001db880da1f4 method=java.lang.Long.equals(Ljava/lang/Object;)Z @ 1 c2
Event: 48.186 Thread 0x000001dbe8bc69c0 DEOPT PACKING pc=0x000001db880da1f4 sp=0x00000081342fc710
Event: 48.186 Thread 0x000001dbe8bc69c0 DEOPT UNPACKING pc=0x000001db87585ba3 sp=0x00000081342fc6a0 mode 2

Classes unloaded (0 events):
No events

Classes redefined (0 events):
No events

Internal exceptions (20 events):
Event: 48.027 Thread 0x000001dbe8bc69c0 Exception <a 'sun/nio/fs/WindowsException'{0x000000071120cea8}> (0x000000071120cea8) 
thrown [s\open\src\hotspot\share\prims\jni.cpp, line 516]
Event: 48.027 Thread 0x000001dbe8bc69c0 Exception <a 'sun/nio/fs/WindowsException'{0x000000071120dee0}> (0x000000071120dee0) 
thrown [s\open\src\hotspot\share\prims\jni.cpp, line 516]
Event: 48.039 Thread 0x000001dbe8bc69c0 Exception <a 'sun/nio/fs/WindowsException'{0x000000071122d650}> (0x000000071122d650) 
thrown [s\open\src\hotspot\share\prims\jni.cpp, line 516]
Event: 48.039 Thread 0x000001dbe8bc69c0 Exception <a 'sun/nio/fs/WindowsException'{0x000000071122dd00}> (0x000000071122dd00) 
thrown [s\open\src\hotspot\share\prims\jni.cpp, line 516]
Event: 48.039 Thread 0x000001dbe8bc69c0 Exception <a 'sun/nio/fs/WindowsException'{0x000000071122ead0}> (0x000000071122ead0) 
thrown [s\open\src\hotspot\share\prims\jni.cpp, line 516]
Event: 48.072 Thread 0x000001dbe8bc69c0 Exception <a 'sun/nio/fs/WindowsException'{0x00000007113324f0}> (0x00000007113324f0) 
thrown [s\open\src\hotspot\share\prims\jni.cpp, line 516]
Event: 48.073 Thread 0x000001dbe8bc69c0 Exception <a 'sun/nio/fs/WindowsException'{0x0000000711332bc8}> (0x0000000711332bc8) 
thrown [s\open\src\hotspot\share\prims\jni.cpp, line 516]
Event: 48.073 Thread 0x000001dbe8bc69c0 Exception <a 'sun/nio/fs/WindowsException'{0x0000000711333af0}> (0x0000000711333af0) 
thrown [s\open\src\hotspot\share\prims\jni.cpp, line 516]
Event: 48.093 Thread 0x000001dbe8bc69c0 Exception <a 'sun/nio/fs/WindowsException'{0x000000071136f5f0}> (0x000000071136f5f0) 
thrown [s\open\src\hotspot\share\prims\jni.cpp, line 516]
Event: 48.093 Thread 0x000001dbe8bc69c0 Exception <a 'sun/nio/fs/WindowsException'{0x000000071136fc90}> (0x000000071136fc90) 
thrown [s\open\src\hotspot\share\prims\jni.cpp, line 516]
Event: 48.093 Thread 0x000001dbe8bc69c0 Exception <a 'sun/nio/fs/WindowsException'{0x00000007113709d8}> (0x00000007113709d8) 
thrown [s\open\src\hotspot\share\prims\jni.cpp, line 516]
Event: 48.104 Thread 0x000001dbe8bc69c0 Exception <a 'sun/nio/fs/WindowsException'{0x000000071139fbe0}> (0x000000071139fbe0) 
thrown [s\open\src\hotspot\share\prims\jni.cpp, line 516]
Event: 48.104 Thread 0x000001dbe8bc69c0 Exception <a 'sun/nio/fs/WindowsException'{0x00000007113a0288}> (0x00000007113a0288) 
thrown [s\open\src\hotspot\share\prims\jni.cpp, line 516]
Event: 48.104 Thread 0x000001dbe8bc69c0 Exception <a 'sun/nio/fs/WindowsException'{0x00000007113a1040}> (0x00000007113a1040) 
thrown [s\open\src\hotspot\share\prims\jni.cpp, line 516]
Event: 48.164 Thread 0x000001dbe8bc69c0 Exception <a 'sun/nio/fs/WindowsException'{0x0000000711035240}> (0x0000000711035240) 
thrown [s\open\src\hotspot\share\prims\jni.cpp, line 516]
Event: 48.165 Thread 0x000001dbe8bc69c0 Exception <a 'sun/nio/fs/WindowsException'{0x0000000711035920}> (0x0000000711035920) 
thrown [s\open\src\hotspot\share\prims\jni.cpp, line 516]
Event: 48.166 Thread 0x000001dbe8bc69c0 Exception <a 'sun/nio/fs/WindowsException'{0x0000000711036888}> (0x0000000711036888) 
thrown [s\open\src\hotspot\share\prims\jni.cpp, line 516]
Event: 48.177 Thread 0x000001dbe8bc69c0 Exception <a 'sun/nio/fs/WindowsException'{0x00000007110575f0}> (0x00000007110575f0) 
thrown [s\open\src\hotspot\share\prims\jni.cpp, line 516]
Event: 48.177 Thread 0x000001dbe8bc69c0 Exception <a 'sun/nio/fs/WindowsException'{0x0000000711057c90}> (0x0000000711057c90) 
thrown [s\open\src\hotspot\share\prims\jni.cpp, line 516]
Event: 48.178 Thread 0x000001dbe8bc69c0 Exception <a 'sun/nio/fs/WindowsException'{0x00000007110589f8}> (0x00000007110589f8) 
thrown [s\open\src\hotspot\share\prims\jni.cpp, line 516]

VM Operations (20 events):
Event: 43.086 Executing VM operation: ICBufferFull done
Event: 43.316 Executing VM operation: HandshakeAllThreads
Event: 43.317 Executing VM operation: HandshakeAllThreads done
Event: 43.376 Executing VM operation: ICBufferFull
Event: 43.376 Executing VM operation: ICBufferFull done
Event: 43.645 Executing VM operation: ICBufferFull
Event: 43.646 Executing VM operation: ICBufferFull done
Event: 44.067 Executing VM operation: ICBufferFull
Event: 44.068 Executing VM operation: ICBufferFull done
Event: 44.471 Executing VM operation: ICBufferFull
Event: 44.472 Executing VM operation: ICBufferFull done
Event: 45.194 Executing VM operation: ICBufferFull
Event: 45.195 Executing VM operation: ICBufferFull done
Event: 46.155 Executing VM operation: ICBufferFull
Event: 46.156 Executing VM operation: ICBufferFull done
Event: 47.163 Executing VM operation: Cleanup
Event: 47.179 Executing VM operation: Cleanup done
Event: 47.628 Executing VM operation: HandshakeAllThreads
Event: 47.628 Executing VM operation: HandshakeAllThreads done
Event: 48.643 Executing VM operation: Cleanup

Events (20 events):
Event: 47.635 Thread 0x000001dbfe8b9dc0 flushing nmethod 0x000001db88277810
Event: 47.636 Thread 0x000001dbfe8b9dc0 flushing nmethod 0x000001db80035890
Event: 47.637 Thread 0x000001dbfe8b9dc0 flushing nmethod 0x000001db80199910
Event: 47.642 Thread 0x000001dbfe8b9dc0 flushing nmethod 0x000001db80507490
Event: 47.642 Thread 0x000001dbfe8b9dc0 flushing nmethod 0x000001db80579010
Event: 47.644 Thread 0x000001dbfe8b9dc0 flushing nmethod 0x000001db80706f10
Event: 47.651 Thread 0x000001dbfe8b9dc0 flushing nmethod 0x000001db80bee790
Event: 47.654 Thread 0x000001dbfe8b9dc0 flushing nmethod 0x000001db80e7d210
Event: 47.655 Thread 0x000001dbfe8b9dc0 flushing nmethod 0x000001db80fd5a10
Event: 47.656 Thread 0x000001dbfe8b9dc0 flushing nmethod 0x000001db81033710
Event: 47.656 Thread 0x000001dbfe8b9dc0 flushing nmethod 0x000001db81035090
Event: 47.656 Thread 0x000001dbfe8b9dc0 flushing nmethod 0x000001db81036510
Event: 47.656 Thread 0x000001dbfe8b9dc0 flushing nmethod 0x000001db8103e390
Event: 47.656 Thread 0x000001dbfe8b9dc0 flushing nmethod 0x000001db8104ce10
Event: 47.656 Thread 0x000001dbfe8b9dc0 flushing nmethod 0x000001db81085790
Event: 47.656 Thread 0x000001dbfe8b9dc0 flushing nmethod 0x000001db81099690
Event: 47.657 Thread 0x000001dbfe8b9dc0 flushing nmethod 0x000001db8110c990
Event: 47.657 Thread 0x000001dbfe8b9dc0 flushing nmethod 0x000001db81111090
Event: 47.657 Thread 0x000001dbfe8b9dc0 flushing nmethod 0x000001db8111bc90
Event: 47.657 Thread 0x000001dbfe8b9dc0 flushing nmethod 0x000001db81151a10


Dynamic libraries:
0x00007ff69ca30000 - 0x00007ff69ca40000 	C:\Program Files\Java\jdk-17\bin\java.exe
0x00007ffd393e0000 - 0x00007ffd39649000 	C:\WINDOWS\SYSTEM32\ntdll.dll
0x00007ffd37af0000 - 0x00007ffd37bb9000 	C:\WINDOWS\System32\KERNEL32.DLL
0x00007ffd369c0000 - 0x00007ffd36db3000 	C:\WINDOWS\System32\KERNELBASE.dll
0x00007ffd36570000 - 0x00007ffd366bb000 	C:\WINDOWS\System32\ucrtbase.dll
0x00007ffd21120000 - 0x00007ffd2113b000 	C:\Program Files\Java\jdk-17\bin\VCRUNTIME140.dll
0x00007ffd21100000 - 0x00007ffd21119000 	C:\Program Files\Java\jdk-17\bin\jli.dll
0x00007ffd38370000 - 0x00007ffd38424000 	C:\WINDOWS\System32\ADVAPI32.dll
0x00007ffd37890000 - 0x00007ffd37939000 	C:\WINDOWS\System32\msvcrt.dll
0x00007ffd377e0000 - 0x00007ffd37886000 	C:\WINDOWS\System32\sechost.dll
0x00007ffd37cd0000 - 0x00007ffd37de8000 	C:\WINDOWS\System32\RPCRT4.dll
0x00007ffd38170000 - 0x00007ffd38334000 	C:\WINDOWS\System32\USER32.dll
0x00007ffd36990000 - 0x00007ffd369b7000 	C:\WINDOWS\System32\win32u.dll
0x00007ffd38340000 - 0x00007ffd3836b000 	C:\WINDOWS\System32\GDI32.dll
0x00007ffd36e70000 - 0x00007ffd36f9d000 	C:\WINDOWS\System32\gdi32full.dll
0x00007ffd36dc0000 - 0x00007ffd36e63000 	C:\WINDOWS\System32\msvcp_win.dll
0x00007ffd1e390000 - 0x00007ffd1e623000 	C:\WINDOWS\WinSxS\amd64_microsoft.windows.common-controls_6595b64144ccf1df_6.0.26100.5074_none_3e0d6f78e32fd63f\COMCTL32.dll
0x00007ffd26560000 - 0x00007ffd2656b000 	C:\WINDOWS\SYSTEM32\VERSION.dll
0x00007ffd38970000 - 0x00007ffd3899f000 	C:\WINDOWS\System32\IMM32.DLL
0x00007ffd210f0000 - 0x00007ffd210fc000 	C:\Program Files\Java\jdk-17\bin\vcruntime140_1.dll
0x00007ffcfe150000 - 0x00007ffcfe1de000 	C:\Program Files\Java\jdk-17\bin\msvcp140.dll
0x00007ffccfa00000 - 0x00007ffcd05e1000 	C:\Program Files\Java\jdk-17\bin\server\jvm.dll
0x00007ffd38a60000 - 0x00007ffd38a68000 	C:\WINDOWS\System32\PSAPI.DLL
0x00007ffd10990000 - 0x00007ffd1099a000 	C:\WINDOWS\SYSTEM32\WSOCK32.dll
0x00007ffd2c090000 - 0x00007ffd2c0c5000 	C:\WINDOWS\SYSTEM32\WINMM.dll
0x00007ffd388f0000 - 0x00007ffd38964000 	C:\WINDOWS\System32\WS2_32.dll
0x00007ffd35310000 - 0x00007ffd3532b000 	C:\WINDOWS\SYSTEM32\kernel.appcore.dll
0x00007ffd20890000 - 0x00007ffd2089a000 	C:\Program Files\Java\jdk-17\bin\jimage.dll
0x00007ffd33c10000 - 0x00007ffd33e52000 	C:\WINDOWS\SYSTEM32\DBGHELP.DLL
0x00007ffd37460000 - 0x00007ffd377db000 	C:\WINDOWS\System32\combase.dll
0x00007ffd37990000 - 0x00007ffd37a67000 	C:\WINDOWS\System32\OLEAUT32.dll
0x00007ffd32b50000 - 0x00007ffd32b8d000 	C:\WINDOWS\SYSTEM32\dbgcore.DLL
0x00007ffd37110000 - 0x00007ffd371a9000 	C:\WINDOWS\System32\bcryptPrimitives.dll
0x00007ffd1fa10000 - 0x00007ffd1fa35000 	C:\Program Files\Java\jdk-17\bin\java.dll
0x00007ffcf8760000 - 0x00007ffcf8837000 	C:\Program Files\Java\jdk-17\bin\jsvml.dll
0x00007ffd38c50000 - 0x00007ffd3939d000 	C:\WINDOWS\System32\SHELL32.dll
0x00007ffd36fa0000 - 0x00007ffd3710c000 	C:\WINDOWS\System32\wintypes.dll
0x00007ffd34190000 - 0x00007ffd349e9000 	C:\WINDOWS\SYSTEM32\windows.storage.dll
0x00007ffd37bc0000 - 0x00007ffd37cb0000 	C:\WINDOWS\System32\SHCORE.dll
0x00007ffd372f0000 - 0x00007ffd37352000 	C:\WINDOWS\System32\shlwapi.dll
0x00007ffd36490000 - 0x00007ffd364b9000 	C:\WINDOWS\SYSTEM32\profapi.dll
0x00007ffd20870000 - 0x00007ffd20889000 	C:\Program Files\Java\jdk-17\bin\net.dll
0x00007ffd30270000 - 0x00007ffd3038f000 	C:\WINDOWS\SYSTEM32\WINHTTP.dll
0x00007ffd35870000 - 0x00007ffd358db000 	C:\WINDOWS\system32\mswsock.dll
0x00007ffd20590000 - 0x00007ffd205a6000 	C:\Program Files\Java\jdk-17\bin\nio.dll
0x00007ffd1f9f0000 - 0x00007ffd1fa08000 	C:\Program Files\Java\jdk-17\bin\zip.dll
0x00007ffd02740000 - 0x00007ffd02764000 	C:\Users\us\Downloads\apache-maven-3.9.9-bin\apache-maven-3.9.9\lib\jansi-native\Windows\x86_64\jansi.dll
0x00007ffd1f9e0000 - 0x00007ffd1f9f0000 	C:\Program Files\Java\jdk-17\bin\verify.dll

dbghelp: loaded successfully - version: 4.0.5 - missing functions: none
symbol engine: initialized successfully - sym options: 0x614 - pdb path: .;C:\Program Files\Java\jdk-17\bin;C:\WINDOWS\SYSTEM32;C:\WINDOWS\WinSxS\amd64_microsoft.windows.common-controls_6595b64144ccf1df_6.0.26100.5074_none_3e0d6f78e32fd63f;C:\Program Files\Java\jdk-17\bin\server;C:\Users\us\Downloads\apache-maven-3.9.9-bin\apache-maven-3.9.9\lib\jansi-native\Windows\x86_64

VM Arguments:
jvm_args: -Dclassworlds.conf=C:\Users\us\Downloads\apache-maven-3.9.9-bin\apache-maven-3.9.9\bin\m2.conf -Dmaven.home=C:\Users\us\Downloads\apache-maven-3.9.9-bin\apache-maven-3.9.9 -Dlibrary.jansi.path=C:\Users\us\Downloads\apache-maven-3.9.9-bin\apache-maven-3.9.9\lib\jansi-native -Dmaven.multiModuleProjectDirectory=C:\Fpo 2 version\DATE-FPO-Backend 
java_command: org.codehaus.plexus.classworlds.launcher.Launcher spring-boot:run
java_class_path (initial): C:\Users\us\Downloads\apache-maven-3.9.9-bin\apache-maven-3.9.9\boot\plexus-classworlds-2.8.0.jar
Launcher Type: SUN_STANDARD

[Global flags]
     intx CICompilerCount                          = 4                                         {product} {ergonomic}
     uint ConcGCThreads                            = 2                                         {product} {ergonomic}
     uint G1ConcRefinementThreads                  = 8                                         {product} {ergonomic}
   size_t G1HeapRegionSize                         = 2097152                                   {product} {ergonomic}
    uintx GCDrainStackTargetSize                   = 64                                        {product} {ergonomic}
   size_t InitialHeapSize                          = 264241152                                 {product} {ergonomic}
   size_t MarkStackSize                            = 4194304                                   {product} {ergonomic}
   size_t MaxHeapSize                              = 4225761280                                {product} {ergonomic}
   size_t MaxNewSize                               = 2535456768                                {product} {ergonomic}
   size_t MinHeapDeltaBytes                        = 2097152                                   {product} {ergonomic}
   size_t MinHeapSize                              = 8388608                                   {product} {ergonomic}
    uintx NonNMethodCodeHeapSize                   = 5839372                                {pd product} {ergonomic}
    uintx NonProfiledCodeHeapSize                  = 122909434                              {pd product} {ergonomic}
    uintx ProfiledCodeHeapSize                     = 122909434                              {pd product} {ergonomic}
    uintx ReservedCodeCacheSize                    = 251658240                              {pd product} {ergonomic}
     bool SegmentedCodeCache                       = true                                      {product} {ergonomic}
   size_t SoftMaxHeapSize                          = 4225761280                             {manageable} {ergonomic}
     bool UseCompressedClassPointers               = true                           {product lp64_product} {ergonomic}
     bool UseCompressedOops                        = true                           {product lp64_product} {ergonomic}
     bool UseG1GC                                  = true                                      {product} {ergonomic}
     bool UseLargePagesIndividualAllocation        = false                                  {pd product} {ergonomic}

Logging:
Log output configuration:
 #0: stdout all=warning uptime,level,tags
 #1: stderr all=off uptime,level,tags

Environment Variables:
PATH=C:\Python313\Scripts\;C:\Python313\;C:\WINDOWS\system32;C:\WINDOWS;C:\WINDOWS\System32\Wbem;C:\WINDOWS\System32\WindowsPowerShell\v1.0\;C:\WINDOWS\System32\OpenSSH\;C:\Program Files\Git\cmd;C:\Users\us\Downloads\apache-maven-3.9.9-bin\apache-maven-3.9.9\bin;C:\Program Files\Java\jdk-17\bin;;C:\Program Files\Git LFS;C:\ProgramData\chocolatey\bin;c:\Users\us\AppData\Local\Programs\cursor\resources\app\bin;c:\Users\us\AppData\Local\Programs\cursor\resources\app\bin;C:\Karthik workspace\Node.js\;C:\Users\us\AppData\Local\Microsoft\WindowsApps;C:\Users\us\AppData\Local\Programs\Microsoft VS Code\bin;C:\Users\us\AppData\Local\GitHubDesktop\bin;C:\Users\us\AppData\Local\Programs\cursor\resources\app\bin;C:\Users\us\AppData\Roaming\npm
USERNAME=us
LANG=en_US.UTF-8
OS=Windows_NT
PROCESSOR_IDENTIFIER=Intel64 Family 6 Model 140 Stepping 1, GenuineIntel



---------------  S Y S T E M  ---------------

OS:
 Windows 11 , 64 bit Build 26100 (10.0.26100.5074)
OS uptime: 2 days 2:59 hours
Hyper-V role detected

CPU: total 8 (initial active 8) (4 cores per cpu, 2 threads per core) family 6 model 140 stepping 1 microcode 0xb8, cx8, cmov, fxsr, ht, mmx, 3dnowpref, sse, sse2, sse3, ssse3, sse4.1, sse4.2, popcnt, lzcnt, tsc, tscinvbit, avx, avx2, aes, erms, clmul, bmi1, bmi2, adx, avx512f, avx512dq, avx512cd, avx512bw, avx512vl, sha, fma, vzeroupper, avx512_vpopcntdq, avx512_vpclmulqdq, avx512_vaes, avx512_vnni, clflush, clflushopt, clwb, avx512_vbmi2, avx512_vbmi, hv

Memory: 4k page, system-wide physical 16118M (1678M free)
TotalPageFile size 29750M (AvailPageFile size 38M)
current process WorkingSet (physical memory assigned to process): 657M, peak: 660M
current process commit charge ("private bytes"): 700M, peak: 705M

vm_info: Java HotSpot(TM) 64-Bit Server VM (17.0.14+8-LTS-191) for windows-amd64 JRE (17.0.14+8-LTS-191), built on Dec  3 2024 11:07:59 by "mach5one" with MS VC++ 17.6 (VS2022)

END.
