#
# There is insufficient memory for the Java Runtime Environment to continue.
# Native memory allocation (malloc) failed to allocate 1034096 bytes for Chunk::new
# Possible reasons:
#   The system is out of physical RAM or swap space
#   The process is running with CompressedOops enabled, and the Java Heap may be blocking the growth of the native heap
# Possible solutions:
#   Reduce memory load on the system
#   Increase physical memory or swap space
#   Check if swap backing store is full
#   Decrease Java heap size (-Xmx/-Xms)
#   Decrease number of Java threads
#   Decrease Java thread stack sizes (-Xss)
#   Set larger code cache with -XX:ReservedCodeCacheSize=
#   JVM is running with Zero Based Compressed Oops mode in which the Java heap is
#     placed in the first 32GB address space. The Java Heap base address is the
#     maximum limit for the native heap growth. Please use -XX:HeapBaseMinAddress
#     to set the Java Heap base and to place the Java Heap above 32GB virtual address.
# This output file may be truncated or incomplete.
#
#  Out of Memory Error (arena.cpp:189), pid=8792, tid=2164
#
# JRE version: Java(TM) SE Runtime Environment (17.0.14+8) (build 17.0.14+8-LTS-191)
# Java VM: Java HotSpot(TM) 64-Bit Server VM (17.0.14+8-LTS-191, mixed mode, sharing, tiered, compressed oops, compressed class ptrs, g1 gc, windows-amd64)
# No core dump will be written. Minidumps are not enabled by default on client versions of Windows
#

---------------  S U M M A R Y ------------

Command Line: -Dclassworlds.conf=C:\Users\us\Downloads\apache-maven-3.9.9-bin\apache-maven-3.9.9\bin\m2.conf -Dmaven.home=C:\Users\us\Downloads\apache-maven-3.9.9-bin\apache-maven-3.9.9 -Dlibrary.jansi.path=C:\Users\us\Downloads\apache-maven-3.9.9-bin\apache-maven-3.9.9\lib\jansi-native -Dmaven.multiModuleProjectDirectory=C:\Fpo 2 version\DATE-FPO-Backend org.codehaus.plexus.classworlds.launcher.Launcher clean compile -DskipTests

Host: 11th Gen Intel(R) Core(TM) i5-1145G7 @ 2.60GHz, 8 cores, 15G,  Windows 11 , 64 bit Build 26100 (10.0.26100.5074)
Time: Tue Oct  7 12:05:05 2025 India Standard Time elapsed time: 50.672715 seconds (0d 0h 0m 50s)

---------------  T H R E A D  ---------------

Current thread (0x000001d06b858aa0):  JavaThread "C2 CompilerThread0" daemon [_thread_in_native, id=2164, stack(0x0000007cbc400000,0x0000007cbc500000)]


Current CompileTask:
C2:  50672 9593   !   4       com.sun.tools.javac.comp.MemberEnter::visitMethodDef (414 bytes)

Stack: [0x0000007cbc400000,0x0000007cbc500000]
Native frames: (J=compiled Java code, j=interpreted, Vv=VM code, C=native code)
V  [jvm.dll+0x67a38a]
V  [jvm.dll+0x7da7ed]
V  [jvm.dll+0x7dc133]
V  [jvm.dll+0x7dc7a3]
V  [jvm.dll+0x24517f]
V  [jvm.dll+0xab773]
V  [jvm.dll+0xabd3c]
V  [jvm.dll+0x361dff]
V  [jvm.dll+0x32c521]
V  [jvm.dll+0x32b9ba]
V  [jvm.dll+0x21693f]
V  [jvm.dll+0x215d6f]
V  [jvm.dll+0x1a2950]
V  [jvm.dll+0x22620b]
V  [jvm.dll+0x2243ab]
V  [jvm.dll+0x790bbc]
V  [jvm.dll+0x78b04a]
V  [jvm.dll+0x679275]
C  [ucrtbase.dll+0x37b0]
C  [KERNEL32.DLL+0x2e8d7]
C  [ntdll.dll+0x8d9c]


---------------  P R O C E S S  ---------------

Threads class SMR info:
_java_thread_list=0x000001d073f69810, length=14, elements={
0x000001d047011850, 0x000001d06b838b30, 0x000001d06b83a260, 0x000001d06b84e5a0,
0x000001d06b850f70, 0x000001d06b8524a0, 0x000001d06b8561b0, 0x000001d06b858aa0,
0x000001d06b85bc70, 0x000001d06b985cb0, 0x000001d06babdb90, 0x000001d06baca330,
0x000001d070cdb960, 0x000001d0703d6f10
}

Java Threads: ( => current thread )
  0x000001d047011850 JavaThread "main" [_thread_in_Java, id=6972, stack(0x0000007cbb700000,0x0000007cbb800000)]
  0x000001d06b838b30 JavaThread "Reference Handler" daemon [_thread_blocked, id=6184, stack(0x0000007cbbe00000,0x0000007cbbf00000)]
  0x000001d06b83a260 JavaThread "Finalizer" daemon [_thread_blocked, id=804, stack(0x0000007cbbf00000,0x0000007cbc000000)]
  0x000001d06b84e5a0 JavaThread "Signal Dispatcher" daemon [_thread_blocked, id=13432, stack(0x0000007cbc000000,0x0000007cbc100000)]
  0x000001d06b850f70 JavaThread "Attach Listener" daemon [_thread_blocked, id=21868, stack(0x0000007cbc100000,0x0000007cbc200000)]
  0x000001d06b8524a0 JavaThread "Service Thread" daemon [_thread_blocked, id=19008, stack(0x0000007cbc200000,0x0000007cbc300000)]
  0x000001d06b8561b0 JavaThread "Monitor Deflation Thread" daemon [_thread_blocked, id=12000, stack(0x0000007cbc300000,0x0000007cbc400000)]
=>0x000001d06b858aa0 JavaThread "C2 CompilerThread0" daemon [_thread_in_native, id=2164, stack(0x0000007cbc400000,0x0000007cbc500000)]
  0x000001d06b85bc70 JavaThread "C1 CompilerThread0" daemon [_thread_in_native, id=25044, stack(0x0000007cbc500000,0x0000007cbc600000)]
  0x000001d06b985cb0 JavaThread "Sweeper thread" daemon [_thread_blocked, id=16876, stack(0x0000007cbc600000,0x0000007cbc700000)]
  0x000001d06babdb90 JavaThread "Notification Thread" daemon [_thread_blocked, id=20104, stack(0x0000007cbc700000,0x0000007cbc800000)]
  0x000001d06baca330 JavaThread "Common-Cleaner" daemon [_thread_blocked, id=3284, stack(0x0000007cbc900000,0x0000007cbca00000)]
  0x000001d070cdb960 JavaThread "Thread-1" daemon [_thread_blocked, id=8500, stack(0x0000007cbd200000,0x0000007cbd300000)]
  0x000001d0703d6f10 JavaThread "C2 CompilerThread1" daemon [_thread_in_native, id=17140, stack(0x0000007cbcb00000,0x0000007cbcc00000)]

Other Threads:
  0x000001d06b831d70 VMThread "VM Thread" [stack: 0x0000007cbbd00000,0x0000007cbbe00000] [id=20452]
  0x000001d06bac6080 WatcherThread [stack: 0x0000007cbc800000,0x0000007cbc900000] [id=23344]
  0x000001d04707d7a0 GCTaskThread "GC Thread#0" [stack: 0x0000007cbb800000,0x0000007cbb900000] [id=21176]
  0x000001d070853bd0 GCTaskThread "GC Thread#1" [stack: 0x0000007cbcc00000,0x0000007cbcd00000] [id=13352]
  0x000001d06bbb4880 GCTaskThread "GC Thread#2" [stack: 0x0000007cbcd00000,0x0000007cbce00000] [id=13888]
  0x000001d0706c95e0 GCTaskThread "GC Thread#3" [stack: 0x0000007cbce00000,0x0000007cbcf00000] [id=16868]
  0x000001d0706c98a0 GCTaskThread "GC Thread#4" [stack: 0x0000007cbcf00000,0x0000007cbd000000] [id=16576]
  0x000001d070b6d030 GCTaskThread "GC Thread#5" [stack: 0x0000007cbd000000,0x0000007cbd100000] [id=4820]
  0x000001d0706c5e60 GCTaskThread "GC Thread#6" [stack: 0x0000007cbd100000,0x0000007cbd200000] [id=5096]
  0x000001d070bb7750 GCTaskThread "GC Thread#7" [stack: 0x0000007cbca00000,0x0000007cbcb00000] [id=16180]
  0x000001d04708f2d0 ConcurrentGCThread "G1 Main Marker" [stack: 0x0000007cbb900000,0x0000007cbba00000] [id=19432]
  0x000001d04708fce0 ConcurrentGCThread "G1 Conc#0" [stack: 0x0000007cbba00000,0x0000007cbbb00000] [id=21452]
  0x000001d07105bfc0 ConcurrentGCThread "G1 Conc#1" [stack: 0x0000007cbd300000,0x0000007cbd400000] [id=21104]
  0x000001d06b6e7500 ConcurrentGCThread "G1 Refine#0" [stack: 0x0000007cbbb00000,0x0000007cbbc00000] [id=5668]
  0x000001d0707c7580 ConcurrentGCThread "G1 Refine#1" [stack: 0x0000007cbd500000,0x0000007cbd600000] [id=5640]
  0x000001d06ba89150 ConcurrentGCThread "G1 Refine#2" [stack: 0x0000007cbd600000,0x0000007cbd700000] [id=20052]
  0x000001d072e21ad0 ConcurrentGCThread "G1 Refine#3" [stack: 0x0000007cbd400000,0x0000007cbd500000] [id=18764]
  0x000001d072e20c20 ConcurrentGCThread "G1 Refine#4" [stack: 0x0000007cbd700000,0x0000007cbd800000] [id=9308]
  0x000001d072e20350 ConcurrentGCThread "G1 Refine#5" [stack: 0x0000007cbd800000,0x0000007cbd900000] [id=19072]
  0x000001d072e21200 ConcurrentGCThread "G1 Refine#6" [stack: 0x0000007cbd900000,0x0000007cbda00000] [id=22520]
  0x000001d06b6e7d40 ConcurrentGCThread "G1 Service" [stack: 0x0000007cbbc00000,0x0000007cbbd00000] [id=22112]

Threads with active compile tasks:
C2 CompilerThread0    51771 9593   !   4       com.sun.tools.javac.comp.MemberEnter::visitMethodDef (414 bytes)
C2 CompilerThread1    51771 9597   !   4       com.sun.tools.javac.comp.MemberEnter::visitVarDef (567 bytes)

VM state: not at safepoint (normal execution)

VM Mutex/Monitor currently owned by a thread: None

Heap address: 0x0000000704200000, size: 4030 MB, Compressed Oops mode: Zero based, Oop shift amount: 3

CDS archive(s) mapped at: [0x000001d000000000-0x000001d000bd0000-0x000001d000bd0000), size 12386304, SharedBaseAddress: 0x000001d000000000, ArchiveRelocationMode: 1.
Compressed class space mapped at: 0x000001d001000000-0x000001d041000000, reserved size: 1073741824
Narrow klass base: 0x000001d000000000, Narrow klass shift: 0, Narrow klass range: 0x100000000

GC Precious Log:
 CPUs: 8 total, 8 available
 Memory: 16118M
 Large Page Support: Disabled
 NUMA Support: Disabled
 Compressed Oops: Enabled (Zero based)
 Heap Region Size: 2M
 Heap Min Capacity: 8M
 Heap Initial Capacity: 252M
 Heap Max Capacity: 4030M
 Pre-touch: Disabled
 Parallel Workers: 8
 Concurrent Workers: 2
 Concurrent Refinement Workers: 8
 Periodic GC: Disabled

Heap:
 garbage-first heap   total 362496K, used 124198K [0x0000000704200000, 0x0000000800000000)
  region size 2048K, 3 young (6144K), 2 survivors (4096K)
 Metaspace       used 35429K, committed 35840K, reserved 1114112K
  class space    used 4034K, committed 4224K, reserved 1048576K

Heap Regions: E=young(eden), S=young(survivor), O=old, HS=humongous(starts), HC=humongous(continues), CS=collection set, F=free, OA=open archive, CA=closed archive, TAMS=top-at-mark-start (previous, next)
|   0|0x0000000704200000, 0x0000000704400000, 0x0000000704400000|100%| O|  |TAMS 0x0000000704400000, 0x0000000704400000| Untracked 
|   1|0x0000000704400000, 0x0000000704600000, 0x0000000704600000|100%| O|  |TAMS 0x0000000704600000, 0x0000000704600000| Untracked 
|   2|0x0000000704600000, 0x0000000704800000, 0x0000000704800000|100%| O|  |TAMS 0x0000000704800000, 0x0000000704800000| Untracked 
|   3|0x0000000704800000, 0x0000000704a00000, 0x0000000704a00000|100%|HS|  |TAMS 0x0000000704a00000, 0x0000000704a00000| Complete 
|   4|0x0000000704a00000, 0x0000000704c00000, 0x0000000704c00000|100%| O|  |TAMS 0x0000000704c00000, 0x0000000704c00000| Untracked 
|   5|0x0000000704c00000, 0x0000000704e00000, 0x0000000704e00000|100%| O|  |TAMS 0x0000000704e00000, 0x0000000704e00000| Untracked 
|   6|0x0000000704e00000, 0x0000000705000000, 0x0000000705000000|100%| O|  |TAMS 0x0000000705000000, 0x0000000705000000| Untracked 
|   7|0x0000000705000000, 0x0000000705200000, 0x0000000705200000|100%| O|  |TAMS 0x0000000705200000, 0x0000000705200000| Untracked 
|   8|0x0000000705200000, 0x0000000705400000, 0x0000000705400000|100%| O|  |TAMS 0x0000000705400000, 0x0000000705400000| Untracked 
|   9|0x0000000705400000, 0x0000000705600000, 0x0000000705600000|100%| O|  |TAMS 0x0000000705600000, 0x0000000705600000| Untracked 
|  10|0x0000000705600000, 0x0000000705800000, 0x0000000705800000|100%| O|  |TAMS 0x0000000705800000, 0x0000000705800000| Untracked 
|  11|0x0000000705800000, 0x0000000705a00000, 0x0000000705a00000|100%| O|  |TAMS 0x0000000705a00000, 0x0000000705a00000| Untracked 
|  12|0x0000000705a00000, 0x0000000705c00000, 0x0000000705c00000|100%| O|  |TAMS 0x0000000705c00000, 0x0000000705c00000| Untracked 
|  13|0x0000000705c00000, 0x0000000705e00000, 0x0000000705e00000|100%| O|  |TAMS 0x0000000705e00000, 0x0000000705e00000| Untracked 
|  14|0x0000000705e00000, 0x0000000706000000, 0x0000000706000000|100%| O|  |TAMS 0x0000000706000000, 0x0000000706000000| Untracked 
|  15|0x0000000706000000, 0x0000000706200000, 0x0000000706200000|100%| O|  |TAMS 0x0000000706200000, 0x0000000706200000| Untracked 
|  16|0x0000000706200000, 0x0000000706400000, 0x0000000706400000|100%| O|  |TAMS 0x0000000706400000, 0x0000000706400000| Untracked 
|  17|0x0000000706400000, 0x0000000706600000, 0x0000000706600000|100%| O|  |TAMS 0x0000000706600000, 0x0000000706600000| Untracked 
|  18|0x0000000706600000, 0x0000000706800000, 0x0000000706800000|100%| O|  |TAMS 0x0000000706800000, 0x0000000706800000| Untracked 
|  19|0x0000000706800000, 0x0000000706a00000, 0x0000000706a00000|100%| O|  |TAMS 0x0000000706a00000, 0x0000000706a00000| Untracked 
|  20|0x0000000706a00000, 0x0000000706c00000, 0x0000000706c00000|100%| O|  |TAMS 0x0000000706c00000, 0x0000000706c00000| Untracked 
|  21|0x0000000706c00000, 0x0000000706e00000, 0x0000000706e00000|100%| O|  |TAMS 0x0000000706e00000, 0x0000000706e00000| Untracked 
|  22|0x0000000706e00000, 0x0000000707000000, 0x0000000707000000|100%| O|  |TAMS 0x0000000707000000, 0x0000000707000000| Untracked 
|  23|0x0000000707000000, 0x0000000707200000, 0x0000000707200000|100%| O|  |TAMS 0x0000000707200000, 0x0000000707200000| Untracked 
|  24|0x0000000707200000, 0x0000000707400000, 0x0000000707400000|100%| O|  |TAMS 0x0000000707312200, 0x0000000707400000| Untracked 
|  25|0x0000000707400000, 0x0000000707600000, 0x0000000707600000|100%| O|  |TAMS 0x0000000707400000, 0x0000000707600000| Untracked 
|  26|0x0000000707600000, 0x0000000707800000, 0x0000000707800000|100%| O|  |TAMS 0x0000000707600000, 0x0000000707800000| Untracked 
|  27|0x0000000707800000, 0x0000000707a00000, 0x0000000707a00000|100%| O|  |TAMS 0x0000000707800000, 0x0000000707a00000| Untracked 
|  28|0x0000000707a00000, 0x0000000707c00000, 0x0000000707c00000|100%| O|  |TAMS 0x0000000707a00000, 0x0000000707abf200| Untracked 
|  29|0x0000000707c00000, 0x0000000707e00000, 0x0000000707e00000|100%|HS|  |TAMS 0x0000000707c00000, 0x0000000707c00000| Complete 
|  30|0x0000000707e00000, 0x0000000708000000, 0x0000000708000000|100%| O|  |TAMS 0x0000000707e00000, 0x0000000707e00000| Untracked 
|  31|0x0000000708000000, 0x0000000708200000, 0x0000000708200000|100%| O|  |TAMS 0x0000000708000000, 0x0000000708000000| Untracked 
|  32|0x0000000708200000, 0x0000000708400000, 0x0000000708400000|100%| O|  |TAMS 0x0000000708200000, 0x0000000708200000| Untracked 
|  33|0x0000000708400000, 0x0000000708600000, 0x0000000708600000|100%| O|  |TAMS 0x0000000708400000, 0x0000000708400000| Untracked 
|  34|0x0000000708600000, 0x0000000708800000, 0x0000000708800000|100%| O|  |TAMS 0x0000000708600000, 0x0000000708600000| Untracked 
|  35|0x0000000708800000, 0x0000000708a00000, 0x0000000708a00000|100%| O|  |TAMS 0x0000000708800000, 0x0000000708800000| Untracked 
|  36|0x0000000708a00000, 0x0000000708c00000, 0x0000000708c00000|100%| O|  |TAMS 0x0000000708a00000, 0x0000000708a00000| Untracked 
|  37|0x0000000708c00000, 0x0000000708e00000, 0x0000000708e00000|100%| O|  |TAMS 0x0000000708c00000, 0x0000000708c00000| Untracked 
|  38|0x0000000708e00000, 0x0000000709000000, 0x0000000709000000|100%|HS|  |TAMS 0x0000000708e00000, 0x0000000708e00000| Complete 
|  39|0x0000000709000000, 0x0000000709200000, 0x0000000709200000|100%| O|  |TAMS 0x0000000709000000, 0x0000000709000000| Untracked 
|  40|0x0000000709200000, 0x0000000709400000, 0x0000000709400000|100%| O|  |TAMS 0x0000000709200000, 0x0000000709200000| Untracked 
|  41|0x0000000709400000, 0x0000000709600000, 0x0000000709600000|100%| O|  |TAMS 0x0000000709400000, 0x0000000709400000| Untracked 
|  42|0x0000000709600000, 0x0000000709800000, 0x0000000709800000|100%| O|  |TAMS 0x0000000709600000, 0x0000000709600000| Untracked 
|  43|0x0000000709800000, 0x0000000709a00000, 0x0000000709a00000|100%|HS|  |TAMS 0x0000000709800000, 0x0000000709800000| Complete 
|  44|0x0000000709a00000, 0x0000000709c00000, 0x0000000709c00000|100%|HC|  |TAMS 0x0000000709a00000, 0x0000000709a00000| Complete 
|  45|0x0000000709c00000, 0x0000000709e00000, 0x0000000709e00000|100%| O|  |TAMS 0x0000000709c00000, 0x0000000709c00000| Untracked 
|  46|0x0000000709e00000, 0x000000070a000000, 0x000000070a000000|100%| O|  |TAMS 0x0000000709e00000, 0x0000000709e00000| Untracked 
|  47|0x000000070a000000, 0x000000070a200000, 0x000000070a200000|100%| O|  |TAMS 0x000000070a000000, 0x000000070a000000| Untracked 
|  48|0x000000070a200000, 0x000000070a400000, 0x000000070a400000|100%| O|  |TAMS 0x000000070a200000, 0x000000070a200000| Untracked 
|  49|0x000000070a400000, 0x000000070a600000, 0x000000070a600000|100%| O|  |TAMS 0x000000070a400000, 0x000000070a400000| Untracked 
|  50|0x000000070a600000, 0x000000070a800000, 0x000000070a800000|100%| O|  |TAMS 0x000000070a600000, 0x000000070a600000| Untracked 
|  51|0x000000070a800000, 0x000000070aa00000, 0x000000070aa00000|100%| O|  |TAMS 0x000000070a800000, 0x000000070a800000| Untracked 
|  52|0x000000070aa00000, 0x000000070ac00000, 0x000000070ac00000|100%| O|  |TAMS 0x000000070aa00000, 0x000000070aa00000| Untracked 
|  53|0x000000070ac00000, 0x000000070ae00000, 0x000000070ae00000|100%| O|  |TAMS 0x000000070ac00000, 0x000000070ac00000| Untracked 
|  54|0x000000070ae00000, 0x000000070b000000, 0x000000070b000000|100%| O|  |TAMS 0x000000070ae00000, 0x000000070ae00000| Untracked 
|  55|0x000000070b000000, 0x000000070b200000, 0x000000070b200000|100%| O|  |TAMS 0x000000070b000000, 0x000000070b000000| Untracked 
|  56|0x000000070b200000, 0x000000070b400000, 0x000000070b400000|100%| O|  |TAMS 0x000000070b200000, 0x000000070b200000| Untracked 
|  57|0x000000070b400000, 0x000000070b600000, 0x000000070b600000|100%| O|  |TAMS 0x000000070b400000, 0x000000070b400000| Untracked 
|  58|0x000000070b600000, 0x000000070b69f600, 0x000000070b800000| 31%| O|  |TAMS 0x000000070b600000, 0x000000070b600000| Untracked 
|  59|0x000000070b800000, 0x000000070b800000, 0x000000070ba00000|  0%| F|  |TAMS 0x000000070b800000, 0x000000070b800000| Untracked 
|  60|0x000000070ba00000, 0x000000070ba00000, 0x000000070bc00000|  0%| F|  |TAMS 0x000000070ba00000, 0x000000070ba00000| Untracked 
|  61|0x000000070bc00000, 0x000000070bc00000, 0x000000070be00000|  0%| F|  |TAMS 0x000000070bc00000, 0x000000070bc00000| Untracked 
|  62|0x000000070be00000, 0x000000070be00000, 0x000000070c000000|  0%| F|  |TAMS 0x000000070be00000, 0x000000070be00000| Untracked 
|  63|0x000000070c000000, 0x000000070c000000, 0x000000070c200000|  0%| F|  |TAMS 0x000000070c000000, 0x000000070c000000| Untracked 
|  64|0x000000070c200000, 0x000000070c200000, 0x000000070c400000|  0%| F|  |TAMS 0x000000070c200000, 0x000000070c200000| Untracked 
|  65|0x000000070c400000, 0x000000070c400000, 0x000000070c600000|  0%| F|  |TAMS 0x000000070c400000, 0x000000070c400000| Untracked 
|  66|0x000000070c600000, 0x000000070c600000, 0x000000070c800000|  0%| F|  |TAMS 0x000000070c600000, 0x000000070c600000| Untracked 
|  67|0x000000070c800000, 0x000000070c800000, 0x000000070ca00000|  0%| F|  |TAMS 0x000000070c800000, 0x000000070c800000| Untracked 
|  68|0x000000070ca00000, 0x000000070ca00000, 0x000000070cc00000|  0%| F|  |TAMS 0x000000070ca00000, 0x000000070ca00000| Untracked 
|  69|0x000000070cc00000, 0x000000070cc00000, 0x000000070ce00000|  0%| F|  |TAMS 0x000000070cc00000, 0x000000070cc00000| Untracked 
|  70|0x000000070ce00000, 0x000000070ce00000, 0x000000070d000000|  0%| F|  |TAMS 0x000000070ce00000, 0x000000070ce00000| Untracked 
|  71|0x000000070d000000, 0x000000070d000000, 0x000000070d200000|  0%| F|  |TAMS 0x000000070d000000, 0x000000070d000000| Untracked 
|  72|0x000000070d200000, 0x000000070d200000, 0x000000070d400000|  0%| F|  |TAMS 0x000000070d200000, 0x000000070d200000| Untracked 
|  73|0x000000070d400000, 0x000000070d400000, 0x000000070d600000|  0%| F|  |TAMS 0x000000070d400000, 0x000000070d400000| Untracked 
|  74|0x000000070d600000, 0x000000070d600000, 0x000000070d800000|  0%| F|  |TAMS 0x000000070d600000, 0x000000070d600000| Untracked 
|  75|0x000000070d800000, 0x000000070d800000, 0x000000070da00000|  0%| F|  |TAMS 0x000000070d800000, 0x000000070d800000| Untracked 
|  76|0x000000070da00000, 0x000000070da00000, 0x000000070dc00000|  0%| F|  |TAMS 0x000000070da00000, 0x000000070da00000| Untracked 
|  77|0x000000070dc00000, 0x000000070dc00000, 0x000000070de00000|  0%| F|  |TAMS 0x000000070dc00000, 0x000000070dc00000| Untracked 
|  78|0x000000070de00000, 0x000000070de00000, 0x000000070e000000|  0%| F|  |TAMS 0x000000070de00000, 0x000000070de00000| Untracked 
|  79|0x000000070e000000, 0x000000070e000000, 0x000000070e200000|  0%| F|  |TAMS 0x000000070e000000, 0x000000070e000000| Untracked 
|  80|0x000000070e200000, 0x000000070e200000, 0x000000070e400000|  0%| F|  |TAMS 0x000000070e200000, 0x000000070e200000| Untracked 
|  81|0x000000070e400000, 0x000000070e400000, 0x000000070e600000|  0%| F|  |TAMS 0x000000070e400000, 0x000000070e400000| Untracked 
|  82|0x000000070e600000, 0x000000070e600000, 0x000000070e800000|  0%| F|  |TAMS 0x000000070e600000, 0x000000070e600000| Untracked 
|  83|0x000000070e800000, 0x000000070e800000, 0x000000070ea00000|  0%| F|  |TAMS 0x000000070e800000, 0x000000070e800000| Untracked 
|  84|0x000000070ea00000, 0x000000070ea00000, 0x000000070ec00000|  0%| F|  |TAMS 0x000000070ea00000, 0x000000070ea00000| Untracked 
|  85|0x000000070ec00000, 0x000000070ec00000, 0x000000070ee00000|  0%| F|  |TAMS 0x000000070ec00000, 0x000000070ec00000| Untracked 
|  86|0x000000070ee00000, 0x000000070ee00000, 0x000000070f000000|  0%| F|  |TAMS 0x000000070ee00000, 0x000000070ee00000| Untracked 
|  87|0x000000070f000000, 0x000000070f000000, 0x000000070f200000|  0%| F|  |TAMS 0x000000070f000000, 0x000000070f000000| Untracked 
|  88|0x000000070f200000, 0x000000070f200000, 0x000000070f400000|  0%| F|  |TAMS 0x000000070f200000, 0x000000070f200000| Untracked 
|  89|0x000000070f400000, 0x000000070f400000, 0x000000070f600000|  0%| F|  |TAMS 0x000000070f400000, 0x000000070f400000| Untracked 
|  90|0x000000070f600000, 0x000000070f600000, 0x000000070f800000|  0%| F|  |TAMS 0x000000070f600000, 0x000000070f600000| Untracked 
|  91|0x000000070f800000, 0x000000070f800000, 0x000000070fa00000|  0%| F|  |TAMS 0x000000070f800000, 0x000000070f800000| Untracked 
|  92|0x000000070fa00000, 0x000000070fa00000, 0x000000070fc00000|  0%| F|  |TAMS 0x000000070fa00000, 0x000000070fa00000| Untracked 
|  93|0x000000070fc00000, 0x000000070fc00000, 0x000000070fe00000|  0%| F|  |TAMS 0x000000070fc00000, 0x000000070fc00000| Untracked 
|  94|0x000000070fe00000, 0x000000070fe00000, 0x0000000710000000|  0%| F|  |TAMS 0x000000070fe00000, 0x000000070fe00000| Untracked 
|  95|0x0000000710000000, 0x0000000710000000, 0x0000000710200000|  0%| F|  |TAMS 0x0000000710000000, 0x0000000710000000| Untracked 
|  96|0x0000000710200000, 0x0000000710200000, 0x0000000710400000|  0%| F|  |TAMS 0x0000000710200000, 0x0000000710200000| Untracked 
|  97|0x0000000710400000, 0x0000000710400000, 0x0000000710600000|  0%| F|  |TAMS 0x0000000710400000, 0x0000000710400000| Untracked 
|  98|0x0000000710600000, 0x0000000710600000, 0x0000000710800000|  0%| F|  |TAMS 0x0000000710600000, 0x0000000710600000| Untracked 
|  99|0x0000000710800000, 0x0000000710800000, 0x0000000710a00000|  0%| F|  |TAMS 0x0000000710800000, 0x0000000710800000| Untracked 
| 100|0x0000000710a00000, 0x0000000710a00000, 0x0000000710c00000|  0%| F|  |TAMS 0x0000000710a00000, 0x0000000710a00000| Untracked 
| 101|0x0000000710c00000, 0x0000000710c00000, 0x0000000710e00000|  0%| F|  |TAMS 0x0000000710c00000, 0x0000000710c00000| Untracked 
| 102|0x0000000710e00000, 0x0000000710e00000, 0x0000000711000000|  0%| F|  |TAMS 0x0000000710e00000, 0x0000000710e00000| Untracked 
| 103|0x0000000711000000, 0x0000000711000000, 0x0000000711200000|  0%| F|  |TAMS 0x0000000711000000, 0x0000000711000000| Untracked 
| 104|0x0000000711200000, 0x0000000711200000, 0x0000000711400000|  0%| F|  |TAMS 0x0000000711200000, 0x0000000711200000| Untracked 
| 105|0x0000000711400000, 0x0000000711400000, 0x0000000711600000|  0%| F|  |TAMS 0x0000000711400000, 0x0000000711400000| Untracked 
| 106|0x0000000711600000, 0x0000000711600000, 0x0000000711800000|  0%| F|  |TAMS 0x0000000711600000, 0x0000000711600000| Untracked 
| 107|0x0000000711800000, 0x0000000711800000, 0x0000000711a00000|  0%| F|  |TAMS 0x0000000711800000, 0x0000000711800000| Untracked 
| 108|0x0000000711a00000, 0x0000000711a00000, 0x0000000711c00000|  0%| F|  |TAMS 0x0000000711a00000, 0x0000000711a00000| Untracked 
| 109|0x0000000711c00000, 0x0000000711c00000, 0x0000000711e00000|  0%| F|  |TAMS 0x0000000711c00000, 0x0000000711c00000| Untracked 
| 110|0x0000000711e00000, 0x0000000711e00000, 0x0000000712000000|  0%| F|  |TAMS 0x0000000711e00000, 0x0000000711e00000| Untracked 
| 111|0x0000000712000000, 0x0000000712000000, 0x0000000712200000|  0%| F|  |TAMS 0x0000000712000000, 0x0000000712000000| Untracked 
| 112|0x0000000712200000, 0x0000000712200000, 0x0000000712400000|  0%| F|  |TAMS 0x0000000712200000, 0x0000000712200000| Untracked 
| 113|0x0000000712400000, 0x0000000712400000, 0x0000000712600000|  0%| F|  |TAMS 0x0000000712400000, 0x0000000712400000| Untracked 
| 114|0x0000000712600000, 0x0000000712600000, 0x0000000712800000|  0%| F|  |TAMS 0x0000000712600000, 0x0000000712600000| Untracked 
| 115|0x0000000712800000, 0x0000000712800000, 0x0000000712a00000|  0%| F|  |TAMS 0x0000000712800000, 0x0000000712800000| Untracked 
| 116|0x0000000712a00000, 0x0000000712a00000, 0x0000000712c00000|  0%| F|  |TAMS 0x0000000712a00000, 0x0000000712a00000| Untracked 
| 117|0x0000000712c00000, 0x0000000712c00000, 0x0000000712e00000|  0%| F|  |TAMS 0x0000000712c00000, 0x0000000712c00000| Untracked 
| 118|0x0000000712e00000, 0x0000000712e00000, 0x0000000713000000|  0%| F|  |TAMS 0x0000000712e00000, 0x0000000712e00000| Untracked 
| 119|0x0000000713000000, 0x0000000713000000, 0x0000000713200000|  0%| F|  |TAMS 0x0000000713000000, 0x0000000713000000| Untracked 
| 120|0x0000000713200000, 0x0000000713200000, 0x0000000713400000|  0%| F|  |TAMS 0x0000000713200000, 0x0000000713200000| Untracked 
| 121|0x0000000713400000, 0x0000000713400000, 0x0000000713600000|  0%| F|  |TAMS 0x0000000713400000, 0x0000000713400000| Untracked 
| 122|0x0000000713600000, 0x0000000713600000, 0x0000000713800000|  0%| F|  |TAMS 0x0000000713600000, 0x0000000713600000| Untracked 
| 123|0x0000000713800000, 0x0000000713800000, 0x0000000713a00000|  0%| F|  |TAMS 0x0000000713800000, 0x0000000713800000| Untracked 
| 124|0x0000000713a00000, 0x0000000713a00000, 0x0000000713c00000|  0%| F|  |TAMS 0x0000000713a00000, 0x0000000713a00000| Untracked 
| 125|0x0000000713c00000, 0x0000000713c00000, 0x0000000713e00000|  0%| F|  |TAMS 0x0000000713c00000, 0x0000000713c00000| Untracked 
| 126|0x0000000713e00000, 0x0000000713e00000, 0x0000000714000000|  0%| F|  |TAMS 0x0000000713e00000, 0x0000000713e00000| Untracked 
| 127|0x0000000714000000, 0x0000000714000000, 0x0000000714200000|  0%| F|  |TAMS 0x0000000714000000, 0x0000000714000000| Untracked 
| 128|0x0000000714200000, 0x0000000714200000, 0x0000000714400000|  0%| F|  |TAMS 0x0000000714200000, 0x0000000714200000| Untracked 
| 129|0x0000000714400000, 0x0000000714400000, 0x0000000714600000|  0%| F|  |TAMS 0x0000000714400000, 0x0000000714400000| Untracked 
| 130|0x0000000714600000, 0x0000000714600000, 0x0000000714800000|  0%| F|  |TAMS 0x0000000714600000, 0x0000000714600000| Untracked 
| 131|0x0000000714800000, 0x0000000714800000, 0x0000000714a00000|  0%| F|  |TAMS 0x0000000714800000, 0x0000000714800000| Untracked 
| 132|0x0000000714a00000, 0x0000000714a00000, 0x0000000714c00000|  0%| F|  |TAMS 0x0000000714a00000, 0x0000000714a00000| Untracked 
| 133|0x0000000714c00000, 0x0000000714c00000, 0x0000000714e00000|  0%| F|  |TAMS 0x0000000714c00000, 0x0000000714c00000| Untracked 
| 134|0x0000000714e00000, 0x0000000714e00000, 0x0000000715000000|  0%| F|  |TAMS 0x0000000714e00000, 0x0000000714e00000| Untracked 
| 135|0x0000000715000000, 0x0000000715000000, 0x0000000715200000|  0%| F|  |TAMS 0x0000000715000000, 0x0000000715000000| Untracked 
| 136|0x0000000715200000, 0x0000000715200000, 0x0000000715400000|  0%| F|  |TAMS 0x0000000715200000, 0x0000000715200000| Untracked 
| 137|0x0000000715400000, 0x0000000715400000, 0x0000000715600000|  0%| F|  |TAMS 0x0000000715400000, 0x0000000715400000| Untracked 
| 138|0x0000000715600000, 0x0000000715600000, 0x0000000715800000|  0%| F|  |TAMS 0x0000000715600000, 0x0000000715600000| Untracked 
| 139|0x0000000715800000, 0x0000000715800000, 0x0000000715a00000|  0%| F|  |TAMS 0x0000000715800000, 0x0000000715800000| Untracked 
| 140|0x0000000715a00000, 0x0000000715a00000, 0x0000000715c00000|  0%| F|  |TAMS 0x0000000715a00000, 0x0000000715a00000| Untracked 
| 141|0x0000000715c00000, 0x0000000715c00000, 0x0000000715e00000|  0%| F|  |TAMS 0x0000000715c00000, 0x0000000715c00000| Untracked 
| 142|0x0000000715e00000, 0x0000000715e00000, 0x0000000716000000|  0%| F|  |TAMS 0x0000000715e00000, 0x0000000715e00000| Untracked 
| 143|0x0000000716000000, 0x0000000716000000, 0x0000000716200000|  0%| F|  |TAMS 0x0000000716000000, 0x0000000716000000| Untracked 
| 144|0x0000000716200000, 0x0000000716200000, 0x0000000716400000|  0%| F|  |TAMS 0x0000000716200000, 0x0000000716200000| Untracked 
| 145|0x0000000716400000, 0x0000000716400000, 0x0000000716600000|  0%| F|  |TAMS 0x0000000716400000, 0x0000000716400000| Untracked 
| 146|0x0000000716600000, 0x0000000716600000, 0x0000000716800000|  0%| F|  |TAMS 0x0000000716600000, 0x0000000716600000| Untracked 
| 147|0x0000000716800000, 0x0000000716800000, 0x0000000716a00000|  0%| F|  |TAMS 0x0000000716800000, 0x0000000716800000| Untracked 
| 148|0x0000000716a00000, 0x0000000716a00000, 0x0000000716c00000|  0%| F|  |TAMS 0x0000000716a00000, 0x0000000716a00000| Untracked 
| 149|0x0000000716c00000, 0x0000000716c00000, 0x0000000716e00000|  0%| F|  |TAMS 0x0000000716c00000, 0x0000000716c00000| Untracked 
| 150|0x0000000716e00000, 0x0000000716e00000, 0x0000000717000000|  0%| F|  |TAMS 0x0000000716e00000, 0x0000000716e00000| Untracked 
| 151|0x0000000717000000, 0x0000000717000000, 0x0000000717200000|  0%| F|  |TAMS 0x0000000717000000, 0x0000000717000000| Untracked 
| 152|0x0000000717200000, 0x0000000717200000, 0x0000000717400000|  0%| F|  |TAMS 0x0000000717200000, 0x0000000717200000| Untracked 
| 153|0x0000000717400000, 0x0000000717400000, 0x0000000717600000|  0%| F|  |TAMS 0x0000000717400000, 0x0000000717400000| Untracked 
| 154|0x0000000717600000, 0x0000000717600000, 0x0000000717800000|  0%| F|  |TAMS 0x0000000717600000, 0x0000000717600000| Untracked 
| 155|0x0000000717800000, 0x0000000717800000, 0x0000000717a00000|  0%| F|  |TAMS 0x0000000717800000, 0x0000000717800000| Untracked 
| 156|0x0000000717a00000, 0x0000000717a00000, 0x0000000717c00000|  0%| F|  |TAMS 0x0000000717a00000, 0x0000000717a00000| Untracked 
| 157|0x0000000717c00000, 0x0000000717c00000, 0x0000000717e00000|  0%| F|  |TAMS 0x0000000717c00000, 0x0000000717c00000| Untracked 
| 158|0x0000000717e00000, 0x0000000717e00000, 0x0000000718000000|  0%| F|  |TAMS 0x0000000717e00000, 0x0000000717e00000| Untracked 
| 159|0x0000000718000000, 0x0000000718000000, 0x0000000718200000|  0%| F|  |TAMS 0x0000000718000000, 0x0000000718000000| Untracked 
| 160|0x0000000718200000, 0x0000000718200000, 0x0000000718400000|  0%| F|  |TAMS 0x0000000718200000, 0x0000000718200000| Untracked 
| 161|0x0000000718400000, 0x0000000718400000, 0x0000000718600000|  0%| F|  |TAMS 0x0000000718400000, 0x0000000718400000| Untracked 
| 162|0x0000000718600000, 0x0000000718600000, 0x0000000718800000|  0%| F|  |TAMS 0x0000000718600000, 0x0000000718600000| Untracked 
| 163|0x0000000718800000, 0x0000000718800000, 0x0000000718a00000|  0%| F|  |TAMS 0x0000000718800000, 0x0000000718800000| Untracked 
| 164|0x0000000718a00000, 0x0000000718a00000, 0x0000000718c00000|  0%| F|  |TAMS 0x0000000718a00000, 0x0000000718a00000| Untracked 
| 165|0x0000000718c00000, 0x0000000718c00000, 0x0000000718e00000|  0%| F|  |TAMS 0x0000000718c00000, 0x0000000718c00000| Untracked 
| 166|0x0000000718e00000, 0x0000000718e00000, 0x0000000719000000|  0%| F|  |TAMS 0x0000000718e00000, 0x0000000718e00000| Untracked 
| 167|0x0000000719000000, 0x0000000719000000, 0x0000000719200000|  0%| F|  |TAMS 0x0000000719000000, 0x0000000719000000| Untracked 
| 168|0x0000000719200000, 0x0000000719200000, 0x0000000719400000|  0%| F|  |TAMS 0x0000000719200000, 0x0000000719200000| Untracked 
| 169|0x0000000719400000, 0x0000000719400000, 0x0000000719600000|  0%| F|  |TAMS 0x0000000719400000, 0x0000000719400000| Untracked 
| 170|0x0000000719600000, 0x0000000719600000, 0x0000000719800000|  0%| F|  |TAMS 0x0000000719600000, 0x0000000719600000| Untracked 
| 171|0x0000000719800000, 0x0000000719800000, 0x0000000719a00000|  0%| F|  |TAMS 0x0000000719800000, 0x0000000719800000| Untracked 
| 172|0x0000000719a00000, 0x0000000719a00000, 0x0000000719c00000|  0%| F|  |TAMS 0x0000000719a00000, 0x0000000719a00000| Untracked 
| 173|0x0000000719c00000, 0x0000000719caa4a0, 0x0000000719e00000| 33%| S|CS|TAMS 0x0000000719c00000, 0x0000000719c00000| Complete 
| 174|0x0000000719e00000, 0x000000071a000000, 0x000000071a000000|100%| S|CS|TAMS 0x0000000719e00000, 0x0000000719e00000| Complete 
| 175|0x000000071a000000, 0x000000071a200000, 0x000000071a200000|100%| E|  |TAMS 0x000000071a000000, 0x000000071a000000| Complete 
|2014|0x00000007ffe00000, 0x0000000800000000, 0x0000000800000000|100%| O|  |TAMS 0x0000000800000000, 0x0000000800000000| Untracked 

Card table byte_map: [0x000001d060010000,0x000001d0607f0000] _byte_map_base: 0x000001d05c7ef000

Marking Bits (Prev, Next): (CMBitMap*) 0x000001d04707ee10, (CMBitMap*) 0x000001d04707edd0
 Prev Bits: [0x000001d064ed0000, 0x000001d068dc8000)
 Next Bits: [0x000001d060fd0000, 0x000001d064ec8000)

Polling page: 0x000001d0470e0000

Metaspace:

Usage:
  Non-class:     30.66 MB used.
      Class:      3.94 MB used.
       Both:     34.60 MB used.

Virtual space:
  Non-class space:       64.00 MB reserved,      30.88 MB ( 48%) committed,  1 nodes.
      Class space:        1.00 GB reserved,       4.12 MB ( <1%) committed,  1 nodes.
             Both:        1.06 GB reserved,      35.00 MB (  3%) committed. 

Chunk freelists:
   Non-Class:  368.00 KB
       Class:  11.69 MB
        Both:  12.05 MB

MaxMetaspaceSize: unlimited
CompressedClassSpaceSize: 1.00 GB
Initial GC threshold: 21.00 MB
Current GC threshold: 44.06 MB
CDS: on
MetaspaceReclaimPolicy: balanced
 - commit_granule_bytes: 65536.
 - commit_granule_words: 8192.
 - virtual_space_node_default_size: 8388608.
 - enlarge_chunks_in_place: 1.
 - new_chunks_are_fully_committed: 0.
 - uncommit_free_chunks: 1.
 - use_allocation_guard: 0.
 - handle_deallocations: 1.


Internal statistics:

num_allocs_failed_limit: 6.
num_arena_births: 306.
num_arena_deaths: 0.
num_vsnodes_births: 2.
num_vsnodes_deaths: 0.
num_space_committed: 559.
num_space_uncommitted: 0.
num_chunks_returned_to_freelist: 6.
num_chunks_taken_from_freelist: 1657.
num_chunk_merges: 6.
num_chunk_splits: 1128.
num_chunks_enlarged: 816.
num_inconsistent_stats: 0.

CodeHeap 'non-profiled nmethods': size=120000Kb used=6028Kb max_used=6517Kb free=113971Kb
 bounds [0x000001d0578a0000, 0x000001d057f00000, 0x000001d05edd0000]
CodeHeap 'profiled nmethods': size=120000Kb used=15932Kb max_used=17229Kb free=104067Kb
 bounds [0x000001d04fdd0000, 0x000001d050eb0000, 0x000001d057300000]
CodeHeap 'non-nmethods': size=5760Kb used=1258Kb max_used=1307Kb free=4501Kb
 bounds [0x000001d057300000, 0x000001d057570000, 0x000001d0578a0000]
 total_blobs=8069 nmethods=7511 adapters=470
 compilation: enabled
              stopped_count=0, restarted_count=0
 full_count=0

Compilation events (20 events):
Event: 48.527 Thread 0x000001d06b85bc70 nmethod 9629 0x000001d050d0c910 code [0x000001d050d0cac0, 0x000001d050d0ccf8]
Event: 48.527 Thread 0x000001d06b85bc70 9603       3       com.sun.tools.javac.comp.TypeEnter$HierarchyPhase::complete (73 bytes)
Event: 48.529 Thread 0x000001d06b85bc70 nmethod 9603 0x000001d050b98910 code [0x000001d050b98b60, 0x000001d050b99728]
Event: 48.529 Thread 0x000001d06b85bc70 9604       3       com.sun.tools.javac.comp.TypeEnter$HierarchyPhase::runPhase (172 bytes)
Event: 48.531 Thread 0x000001d06b85bc70 nmethod 9604 0x000001d050913b10 code [0x000001d050913da0, 0x000001d050914c48]
Event: 48.531 Thread 0x000001d06b85bc70 9619       3       com.sun.tools.javac.comp.Check::checkNonCyclicDecl (44 bytes)
Event: 48.532 Thread 0x000001d06b85bc70 nmethod 9619 0x000001d050cbd490 code [0x000001d050cbd6c0, 0x000001d050cbe0c8]
Event: 48.532 Thread 0x000001d06b85bc70 9620       3       com.sun.tools.javac.comp.Check$CycleChecker::<init> (31 bytes)
Event: 48.533 Thread 0x000001d06b85bc70 nmethod 9620 0x000001d05011f690 code [0x000001d05011f880, 0x000001d05011ff38]
Event: 48.533 Thread 0x000001d06b85bc70 9623       1       com.sun.tools.javac.tree.JCTree$JCVariableDecl::getModifiers (5 bytes)
Event: 48.533 Thread 0x000001d06b85bc70 nmethod 9623 0x000001d0578d4d10 code [0x000001d0578d4ea0, 0x000001d0578d4f78]
Event: 48.583 Thread 0x000001d06b85bc70 9634       3       com.sun.tools.javac.comp.MemberEnter$InitTreeVisitor::<init> (10 bytes)
Event: 48.583 Thread 0x000001d06b85bc70 nmethod 9634 0x000001d050d5c790 code [0x000001d050d5c940, 0x000001d050d5cb18]
Event: 48.589 Thread 0x000001d06b85bc70 9635       3       com.sun.tools.javac.comp.Annotate$1::<init> (10 bytes)
Event: 48.591 Thread 0x000001d06b85bc70 nmethod 9635 0x000001d050c9cc90 code [0x000001d050c9ce40, 0x000001d050c9d0d8]
Event: 48.591 Thread 0x000001d06b85bc70 9636   !   2       com.sun.tools.javac.comp.Annotate::attributeAnnotationValue (508 bytes)
Event: 48.595 Thread 0x000001d06b85bc70 nmethod 9636 0x000001d050a9ed90 code [0x000001d050a9f1e0, 0x000001d050aa07d8]
Event: 48.642 Thread 0x000001d06b85bc70 9637       2       com.sun.tools.javac.tree.TreeScanner::visitTypeArray (9 bytes)
Event: 48.642 Thread 0x000001d06b85bc70 nmethod 9637 0x000001d050a25310 code [0x000001d050a254a0, 0x000001d050a255e8]
Event: 48.644 Thread 0x000001d06b85bc70 9638       3       com.sun.tools.javac.comp.Annotate::annotateNow (658 bytes)

GC Heap History (20 events):
Event: 20.865 GC heap after
{Heap after GC invocations=14 (full 0):
 garbage-first heap   total 212992K, used 62804K [0x0000000704200000, 0x0000000800000000)
  region size 2048K, 2 young (4096K), 2 survivors (4096K)
 Metaspace       used 26818K, committed 27136K, reserved 1114112K
  class space    used 3041K, committed 3200K, reserved 1048576K
}
Event: 24.727 GC heap before
{Heap before GC invocations=14 (full 0):
 garbage-first heap   total 212992K, used 148820K [0x0000000704200000, 0x0000000800000000)
  region size 2048K, 43 young (88064K), 2 survivors (4096K)
 Metaspace       used 29112K, committed 29376K, reserved 1114112K
  class space    used 3260K, committed 3392K, reserved 1048576K
}
Event: 24.753 GC heap after
{Heap after GC invocations=15 (full 0):
 garbage-first heap   total 212992K, used 70861K [0x0000000704200000, 0x0000000800000000)
  region size 2048K, 5 young (10240K), 5 survivors (10240K)
 Metaspace       used 29112K, committed 29376K, reserved 1114112K
  class space    used 3260K, committed 3392K, reserved 1048576K
}
Event: 27.413 GC heap before
{Heap before GC invocations=15 (full 0):
 garbage-first heap   total 212992K, used 152781K [0x0000000704200000, 0x0000000800000000)
  region size 2048K, 45 young (92160K), 5 survivors (10240K)
 Metaspace       used 29663K, committed 29952K, reserved 1114112K
  class space    used 3313K, committed 3456K, reserved 1048576K
}
Event: 27.443 GC heap after
{Heap after GC invocations=16 (full 0):
 garbage-first heap   total 212992K, used 73394K [0x0000000704200000, 0x0000000800000000)
  region size 2048K, 5 young (10240K), 5 survivors (10240K)
 Metaspace       used 29663K, committed 29952K, reserved 1114112K
  class space    used 3313K, committed 3456K, reserved 1048576K
}
Event: 29.556 GC heap before
{Heap before GC invocations=16 (full 0):
 garbage-first heap   total 212992K, used 157362K [0x0000000704200000, 0x0000000800000000)
  region size 2048K, 46 young (94208K), 5 survivors (10240K)
 Metaspace       used 29738K, committed 30080K, reserved 1114112K
  class space    used 3316K, committed 3456K, reserved 1048576K
}
Event: 29.595 GC heap after
{Heap after GC invocations=17 (full 0):
 garbage-first heap   total 212992K, used 78757K [0x0000000704200000, 0x0000000800000000)
  region size 2048K, 4 young (8192K), 4 survivors (8192K)
 Metaspace       used 29738K, committed 30080K, reserved 1114112K
  class space    used 3316K, committed 3456K, reserved 1048576K
}
Event: 31.051 GC heap before
{Heap before GC invocations=17 (full 0):
 garbage-first heap   total 212992K, used 162725K [0x0000000704200000, 0x0000000800000000)
  region size 2048K, 45 young (92160K), 4 survivors (8192K)
 Metaspace       used 29772K, committed 30080K, reserved 1114112K
  class space    used 3320K, committed 3456K, reserved 1048576K
}
Event: 31.081 GC heap after
{Heap after GC invocations=18 (full 0):
 garbage-first heap   total 212992K, used 82772K [0x0000000704200000, 0x0000000800000000)
  region size 2048K, 5 young (10240K), 5 survivors (10240K)
 Metaspace       used 29772K, committed 30080K, reserved 1114112K
  class space    used 3320K, committed 3456K, reserved 1048576K
}
Event: 33.266 GC heap before
{Heap before GC invocations=18 (full 0):
 garbage-first heap   total 212992K, used 166740K [0x0000000704200000, 0x0000000800000000)
  region size 2048K, 46 young (94208K), 5 survivors (10240K)
 Metaspace       used 29916K, committed 30272K, reserved 1114112K
  class space    used 3336K, committed 3520K, reserved 1048576K
}
Event: 33.299 GC heap after
{Heap after GC invocations=19 (full 0):
 garbage-first heap   total 256000K, used 88754K [0x0000000704200000, 0x0000000800000000)
  region size 2048K, 5 young (10240K), 5 survivors (10240K)
 Metaspace       used 29916K, committed 30272K, reserved 1114112K
  class space    used 3336K, committed 3520K, reserved 1048576K
}
Event: 34.358 GC heap before
{Heap before GC invocations=19 (full 0):
 garbage-first heap   total 256000K, used 203442K [0x0000000704200000, 0x0000000800000000)
  region size 2048K, 60 young (122880K), 5 survivors (10240K)
 Metaspace       used 29957K, committed 30336K, reserved 1114112K
  class space    used 3336K, committed 3520K, reserved 1048576K
}
Event: 34.405 GC heap after
{Heap after GC invocations=20 (full 0):
 garbage-first heap   total 256000K, used 95568K [0x0000000704200000, 0x0000000800000000)
  region size 2048K, 8 young (16384K), 8 survivors (16384K)
 Metaspace       used 29957K, committed 30336K, reserved 1114112K
  class space    used 3336K, committed 3520K, reserved 1048576K
}
Event: 35.383 GC heap before
{Heap before GC invocations=20 (full 0):
 garbage-first heap   total 256000K, used 202064K [0x0000000704200000, 0x0000000800000000)
  region size 2048K, 60 young (122880K), 8 survivors (16384K)
 Metaspace       used 30010K, committed 30336K, reserved 1114112K
  class space    used 3340K, committed 3520K, reserved 1048576K
}
Event: 35.432 GC heap after
{Heap after GC invocations=21 (full 0):
 garbage-first heap   total 256000K, used 101856K [0x0000000704200000, 0x0000000800000000)
  region size 2048K, 7 young (14336K), 7 survivors (14336K)
 Metaspace       used 30010K, committed 30336K, reserved 1114112K
  class space    used 3340K, committed 3520K, reserved 1048576K
}
Event: 36.315 GC heap before
{Heap before GC invocations=21 (full 0):
 garbage-first heap   total 256000K, used 210400K [0x0000000704200000, 0x0000000800000000)
  region size 2048K, 58 young (118784K), 7 survivors (14336K)
 Metaspace       used 30019K, committed 30336K, reserved 1114112K
  class space    used 3340K, committed 3520K, reserved 1048576K
}
Event: 36.373 GC heap after
{Heap after GC invocations=22 (full 0):
 garbage-first heap   total 256000K, used 112307K [0x0000000704200000, 0x0000000800000000)
  region size 2048K, 7 young (14336K), 7 survivors (14336K)
 Metaspace       used 30019K, committed 30336K, reserved 1114112K
  class space    used 3340K, committed 3520K, reserved 1048576K
}
Event: 36.827 GC heap before
{Heap before GC invocations=22 (full 0):
 garbage-first heap   total 256000K, used 208563K [0x0000000704200000, 0x0000000800000000)
  region size 2048K, 54 young (110592K), 7 survivors (14336K)
 Metaspace       used 30019K, committed 30336K, reserved 1114112K
  class space    used 3340K, committed 3520K, reserved 1048576K
}
Event: 36.863 GC heap after
{Heap after GC invocations=23 (full 0):
 garbage-first heap   total 362496K, used 111789K [0x0000000704200000, 0x0000000800000000)
  region size 2048K, 4 young (8192K), 4 survivors (8192K)
 Metaspace       used 30019K, committed 30336K, reserved 1114112K
  class space    used 3340K, committed 3520K, reserved 1048576K
}
Event: 48.648 GC heap before
{Heap before GC invocations=23 (full 0):
 garbage-first heap   total 362496K, used 289965K [0x0000000704200000, 0x0000000800000000)
  region size 2048K, 91 young (186368K), 4 survivors (8192K)
 Metaspace       used 35429K, committed 35840K, reserved 1114112K
  class space    used 4034K, committed 4224K, reserved 1048576K
}

Deoptimization events (20 events):
Event: 48.500 Thread 0x000001d047011850 Uncommon trap: trap_request=0xffffff66 fr.pc=0x000001d057e31670 relative=0x0000000000001e70
Event: 48.500 Thread 0x000001d047011850 Uncommon trap: reason=speculate_class_check action=maybe_recompile pc=0x000001d057e31670 method=com.sun.tools.javac.tree.JCTree.hasTag(Lcom/sun/tools/javac/tree/JCTree$Tag;)Z @ 2 c2
Event: 48.500 Thread 0x000001d047011850 DEOPT PACKING pc=0x000001d057e31670 sp=0x0000007cbb7fcdc0
Event: 48.500 Thread 0x000001d047011850 DEOPT UNPACKING pc=0x000001d057355ba3 sp=0x0000007cbb7fcd30 mode 2
Event: 48.563 Thread 0x000001d047011850 Uncommon trap: trap_request=0xffffff66 fr.pc=0x000001d057e31670 relative=0x0000000000001e70
Event: 48.563 Thread 0x000001d047011850 Uncommon trap: reason=speculate_class_check action=maybe_recompile pc=0x000001d057e31670 method=com.sun.tools.javac.tree.JCTree.hasTag(Lcom/sun/tools/javac/tree/JCTree$Tag;)Z @ 2 c2
Event: 48.563 Thread 0x000001d047011850 DEOPT PACKING pc=0x000001d057e31670 sp=0x0000007cbb7fcdc0
Event: 48.563 Thread 0x000001d047011850 DEOPT UNPACKING pc=0x000001d057355ba3 sp=0x0000007cbb7fcd30 mode 2
Event: 48.582 Thread 0x000001d047011850 Uncommon trap: trap_request=0xffffff66 fr.pc=0x000001d057e31670 relative=0x0000000000001e70
Event: 48.582 Thread 0x000001d047011850 Uncommon trap: reason=speculate_class_check action=maybe_recompile pc=0x000001d057e31670 method=com.sun.tools.javac.tree.JCTree.hasTag(Lcom/sun/tools/javac/tree/JCTree$Tag;)Z @ 2 c2
Event: 48.582 Thread 0x000001d047011850 DEOPT PACKING pc=0x000001d057e31670 sp=0x0000007cbb7fcdc0
Event: 48.582 Thread 0x000001d047011850 DEOPT UNPACKING pc=0x000001d057355ba3 sp=0x0000007cbb7fcd30 mode 2
Event: 48.583 Thread 0x000001d047011850 Uncommon trap: trap_request=0xffffff66 fr.pc=0x000001d057e31670 relative=0x0000000000001e70
Event: 48.583 Thread 0x000001d047011850 Uncommon trap: reason=speculate_class_check action=maybe_recompile pc=0x000001d057e31670 method=com.sun.tools.javac.tree.JCTree.hasTag(Lcom/sun/tools/javac/tree/JCTree$Tag;)Z @ 2 c2
Event: 48.583 Thread 0x000001d047011850 DEOPT PACKING pc=0x000001d057e31670 sp=0x0000007cbb7fcdc0
Event: 48.583 Thread 0x000001d047011850 DEOPT UNPACKING pc=0x000001d057355ba3 sp=0x0000007cbb7fcd30 mode 2
Event: 48.642 Thread 0x000001d047011850 Uncommon trap: trap_request=0xffffff45 fr.pc=0x000001d057e3464c relative=0x0000000000000acc
Event: 48.642 Thread 0x000001d047011850 Uncommon trap: reason=unstable_if action=reinterpret pc=0x000001d057e3464c method=com.sun.tools.javac.comp.Annotate.annotateNow(Lcom/sun/tools/javac/code/Symbol;Lcom/sun/tools/javac/util/List;Lcom/sun/tools/javac/comp/Env;ZZ)V @ 125 c2
Event: 48.642 Thread 0x000001d047011850 DEOPT PACKING pc=0x000001d057e3464c sp=0x0000007cbb7fcf90
Event: 48.642 Thread 0x000001d047011850 DEOPT UNPACKING pc=0x000001d057355ba3 sp=0x0000007cbb7fcf58 mode 2

Classes unloaded (0 events):
No events

Classes redefined (0 events):
No events

Internal exceptions (20 events):
Event: 42.495 Thread 0x000001d047011850 Exception <a 'java/lang/ClassNotFoundException'{0x000000071247a998}: org/mapstruct/ap/internal/model/common/ParameterCustomizer> (0x000000071247a998) 
thrown [s\open\src\hotspot\share\classfile\systemDictionary.cpp, line 256]
Event: 42.762 Thread 0x000001d047011850 Exception <a 'java/lang/ClassNotFoundException'{0x00000007125754d0}: org/mapstruct/ap/internal/model/MethodReferenceBeanInfo> (0x00000007125754d0) 
thrown [s\open\src\hotspot\share\classfile\systemDictionary.cpp, line 256]
Event: 42.763 Thread 0x000001d047011850 Exception <a 'java/lang/ClassNotFoundException'{0x000000071257cf58}: org/mapstruct/ap/internal/model/MethodReferenceCustomizer> (0x000000071257cf58) 
thrown [s\open\src\hotspot\share\classfile\systemDictionary.cpp, line 256]
Event: 42.828 Thread 0x000001d047011850 Exception <a 'java/lang/ClassNotFoundException'{0x00000007125fa718}: org/mapstruct/ap/internal/model/PropertyMappingBeanInfo> (0x00000007125fa718) 
thrown [s\open\src\hotspot\share\classfile\systemDictionary.cpp, line 256]
Event: 42.828 Thread 0x000001d047011850 Exception <a 'java/lang/ClassNotFoundException'{0x0000000712202668}: org/mapstruct/ap/internal/model/PropertyMappingCustomizer> (0x0000000712202668) 
thrown [s\open\src\hotspot\share\classfile\systemDictionary.cpp, line 256]
Event: 42.873 Thread 0x000001d047011850 Exception <a 'java/lang/ClassNotFoundException'{0x000000071223c6f0}: org/mapstruct/ap/internal/model/assignment/SetterWrapperBeanInfo> (0x000000071223c6f0) 
thrown [s\open\src\hotspot\share\classfile\systemDictionary.cpp, line 256]
Event: 42.883 Thread 0x000001d047011850 Exception <a 'java/lang/ClassNotFoundException'{0x0000000712245b50}: org/mapstruct/ap/internal/model/assignment/AssignmentWrapperBeanInfo> (0x0000000712245b50) 
thrown [s\open\src\hotspot\share\classfile\systemDictionary.cpp, line 256]
Event: 42.888 Thread 0x000001d047011850 Exception <a 'java/lang/ClassNotFoundException'{0x000000071224ea40}: org/mapstruct/ap/internal/model/assignment/AssignmentWrapperCustomizer> (0x000000071224ea40) 
thrown [s\open\src\hotspot\share\classfile\systemDictionary.cpp, line 256]
Event: 42.891 Thread 0x000001d047011850 Exception <a 'java/lang/ClassNotFoundException'{0x0000000712268448}: org/mapstruct/ap/internal/model/assignment/SetterWrapperCustomizer> (0x0000000712268448) 
thrown [s\open\src\hotspot\share\classfile\systemDictionary.cpp, line 256]
Event: 42.967 Thread 0x000001d047011850 Exception <a 'java/lang/ClassNotFoundException'{0x00000007122f51b0}: org/mapstruct/ap/internal/model/common/SourceRHSBeanInfo> (0x00000007122f51b0) 
thrown [s\open\src\hotspot\share\classfile\systemDictionary.cpp, line 256]
Event: 42.997 Thread 0x000001d047011850 Exception <a 'java/lang/ClassNotFoundException'{0x00000007123001d8}: org/mapstruct/ap/internal/model/common/SourceRHSCustomizer> (0x00000007123001d8) 
thrown [s\open\src\hotspot\share\classfile\systemDictionary.cpp, line 256]
Event: 43.024 Thread 0x000001d047011850 Exception <a 'java/lang/ClassNotFoundException'{0x000000071234bca0}: org/mapstruct/ap/internal/model/TypeConversionBeanInfo> (0x000000071234bca0) 
thrown [s\open\src\hotspot\share\classfile\systemDictionary.cpp, line 256]
Event: 43.024 Thread 0x000001d047011850 Exception <a 'java/lang/ClassNotFoundException'{0x0000000712356bf0}: org/mapstruct/ap/internal/model/TypeConversionCustomizer> (0x0000000712356bf0) 
thrown [s\open\src\hotspot\share\classfile\systemDictionary.cpp, line 256]
Event: 47.248 Thread 0x000001d047011850 Exception <a 'sun/nio/fs/WindowsException'{0x00000007120cc7b8}> (0x00000007120cc7b8) 
thrown [s\open\src\hotspot\share\prims\jni.cpp, line 516]
Event: 47.248 Thread 0x000001d047011850 Exception <a 'sun/nio/fs/WindowsException'{0x00000007120cca70}> (0x00000007120cca70) 
thrown [s\open\src\hotspot\share\prims\jni.cpp, line 516]
Event: 47.248 Thread 0x000001d047011850 Exception <a 'sun/nio/fs/WindowsException'{0x00000007120cd938}> (0x00000007120cd938) 
thrown [s\open\src\hotspot\share\prims\jni.cpp, line 516]
Event: 47.248 Thread 0x000001d047011850 Exception <a 'sun/nio/fs/WindowsException'{0x00000007120cdc78}> (0x00000007120cdc78) 
thrown [s\open\src\hotspot\share\prims\jni.cpp, line 516]
Event: 47.249 Thread 0x000001d047011850 Exception <a 'sun/nio/fs/WindowsException'{0x00000007120cec30}> (0x00000007120cec30) 
thrown [s\open\src\hotspot\share\prims\jni.cpp, line 516]
Event: 47.249 Thread 0x000001d047011850 Exception <a 'sun/nio/fs/WindowsException'{0x00000007120ceef0}> (0x00000007120ceef0) 
thrown [s\open\src\hotspot\share\prims\jni.cpp, line 516]
Event: 48.497 Thread 0x000001d047011850 Implicit null exception at 0x000001d057e11aff to 0x000001d057e137ac

VM Operations (20 events):
Event: 41.942 Executing VM operation: HandshakeAllThreads done
Event: 41.942 Executing VM operation: Cleanup
Event: 41.942 Executing VM operation: Cleanup done
Event: 41.942 Executing VM operation: HandshakeAllThreads
Event: 41.943 Executing VM operation: HandshakeAllThreads done
Event: 42.205 Executing VM operation: HandshakeAllThreads
Event: 42.207 Executing VM operation: HandshakeAllThreads done
Event: 42.576 Executing VM operation: HandshakeAllThreads
Event: 42.576 Executing VM operation: HandshakeAllThreads done
Event: 42.576 Executing VM operation: HandshakeAllThreads
Event: 42.576 Executing VM operation: HandshakeAllThreads done
Event: 42.583 Executing VM operation: HandshakeAllThreads
Event: 42.583 Executing VM operation: HandshakeAllThreads done
Event: 43.076 Executing VM operation: ICBufferFull
Event: 43.077 Executing VM operation: ICBufferFull done
Event: 44.082 Executing VM operation: Cleanup
Event: 44.082 Executing VM operation: Cleanup done
Event: 48.108 Executing VM operation: Cleanup
Event: 48.499 Executing VM operation: Cleanup done
Event: 48.648 Executing VM operation: G1CollectForAllocation

Events (20 events):
Event: 42.755 loading class jdk/internal/icu/text/NormalizerBase$NFDMode
Event: 42.755 loading class jdk/internal/icu/text/NormalizerBase$NFDMode done
Event: 42.755 loading class jdk/internal/icu/text/NormalizerBase$NFKDMode
Event: 42.756 loading class jdk/internal/icu/text/NormalizerBase$NFKDMode done
Event: 42.756 loading class jdk/internal/icu/text/NormalizerBase$NFCMode
Event: 42.756 loading class jdk/internal/icu/text/NormalizerBase$NFCMode done
Event: 42.756 loading class jdk/internal/icu/text/NormalizerBase$NFKCMode
Event: 42.756 loading class jdk/internal/icu/text/NormalizerBase$NFKCMode done
Event: 42.756 loading class jdk/internal/icu/text/UCharacterIterator
Event: 42.756 loading class jdk/internal/icu/text/UCharacterIterator done
Event: 42.756 loading class jdk/internal/icu/impl/ReplaceableUCharacterIterator
Event: 42.756 loading class jdk/internal/icu/impl/ReplaceableUCharacterIterator done
Event: 42.756 loading class jdk/internal/icu/text/ReplaceableString
Event: 42.756 loading class jdk/internal/icu/text/Replaceable
Event: 42.756 loading class jdk/internal/icu/text/Replaceable done
Event: 42.757 loading class jdk/internal/icu/text/ReplaceableString done
Event: 42.889 Thread 0x000001d0703d7460 Thread exited: 0x000001d0703d7460
Event: 43.086 Thread 0x000001d0703d6f10 Thread added: 0x000001d0703d6f10
Event: 47.247 Thread 0x000001d0703d6f10 Thread exited: 0x000001d0703d6f10
Event: 47.367 Thread 0x000001d0703d6f10 Thread added: 0x000001d0703d6f10


Dynamic libraries:
0x00007ff69ca30000 - 0x00007ff69ca40000 	C:\Program Files\Java\jdk-17\bin\java.exe
0x00007ffd393e0000 - 0x00007ffd39649000 	C:\WINDOWS\SYSTEM32\ntdll.dll
0x00007ffd37af0000 - 0x00007ffd37bb9000 	C:\WINDOWS\System32\KERNEL32.DLL
0x00007ffd369c0000 - 0x00007ffd36db3000 	C:\WINDOWS\System32\KERNELBASE.dll
0x00007ffd36570000 - 0x00007ffd366bb000 	C:\WINDOWS\System32\ucrtbase.dll
0x00007ffd21100000 - 0x00007ffd21119000 	C:\Program Files\Java\jdk-17\bin\jli.dll
0x00007ffd38370000 - 0x00007ffd38424000 	C:\WINDOWS\System32\ADVAPI32.dll
0x00007ffd37890000 - 0x00007ffd37939000 	C:\WINDOWS\System32\msvcrt.dll
0x00007ffd21120000 - 0x00007ffd2113b000 	C:\Program Files\Java\jdk-17\bin\VCRUNTIME140.dll
0x00007ffd377e0000 - 0x00007ffd37886000 	C:\WINDOWS\System32\sechost.dll
0x00007ffd37cd0000 - 0x00007ffd37de8000 	C:\WINDOWS\System32\RPCRT4.dll
0x00007ffd38170000 - 0x00007ffd38334000 	C:\WINDOWS\System32\USER32.dll
0x00007ffd36990000 - 0x00007ffd369b7000 	C:\WINDOWS\System32\win32u.dll
0x00007ffd38340000 - 0x00007ffd3836b000 	C:\WINDOWS\System32\GDI32.dll
0x00007ffd36e70000 - 0x00007ffd36f9d000 	C:\WINDOWS\System32\gdi32full.dll
0x00007ffd1e390000 - 0x00007ffd1e623000 	C:\WINDOWS\WinSxS\amd64_microsoft.windows.common-controls_6595b64144ccf1df_6.0.26100.5074_none_3e0d6f78e32fd63f\COMCTL32.dll
0x00007ffd36dc0000 - 0x00007ffd36e63000 	C:\WINDOWS\System32\msvcp_win.dll
0x00007ffd26560000 - 0x00007ffd2656b000 	C:\WINDOWS\SYSTEM32\VERSION.dll
0x00007ffd38970000 - 0x00007ffd3899f000 	C:\WINDOWS\System32\IMM32.DLL
0x00007ffd210f0000 - 0x00007ffd210fc000 	C:\Program Files\Java\jdk-17\bin\vcruntime140_1.dll
0x00007ffcfe150000 - 0x00007ffcfe1de000 	C:\Program Files\Java\jdk-17\bin\msvcp140.dll
0x00007ffccfa00000 - 0x00007ffcd05e1000 	C:\Program Files\Java\jdk-17\bin\server\jvm.dll
0x00007ffd38a60000 - 0x00007ffd38a68000 	C:\WINDOWS\System32\PSAPI.DLL
0x00007ffd10990000 - 0x00007ffd1099a000 	C:\WINDOWS\SYSTEM32\WSOCK32.dll
0x00007ffd388f0000 - 0x00007ffd38964000 	C:\WINDOWS\System32\WS2_32.dll
0x00007ffd2c090000 - 0x00007ffd2c0c5000 	C:\WINDOWS\SYSTEM32\WINMM.dll
0x00007ffd35310000 - 0x00007ffd3532b000 	C:\WINDOWS\SYSTEM32\kernel.appcore.dll
0x00007ffd20890000 - 0x00007ffd2089a000 	C:\Program Files\Java\jdk-17\bin\jimage.dll
0x00007ffd33c10000 - 0x00007ffd33e52000 	C:\WINDOWS\SYSTEM32\DBGHELP.DLL
0x00007ffd37460000 - 0x00007ffd377db000 	C:\WINDOWS\System32\combase.dll
0x00007ffd37990000 - 0x00007ffd37a67000 	C:\WINDOWS\System32\OLEAUT32.dll
0x00007ffd32b50000 - 0x00007ffd32b8d000 	C:\WINDOWS\SYSTEM32\dbgcore.DLL
0x00007ffd37110000 - 0x00007ffd371a9000 	C:\WINDOWS\System32\bcryptPrimitives.dll
0x00007ffd1fa10000 - 0x00007ffd1fa35000 	C:\Program Files\Java\jdk-17\bin\java.dll
0x00007ffcf8760000 - 0x00007ffcf8837000 	C:\Program Files\Java\jdk-17\bin\jsvml.dll
0x00007ffd38c50000 - 0x00007ffd3939d000 	C:\WINDOWS\System32\SHELL32.dll
0x00007ffd36fa0000 - 0x00007ffd3710c000 	C:\WINDOWS\System32\wintypes.dll
0x00007ffd34190000 - 0x00007ffd349e9000 	C:\WINDOWS\SYSTEM32\windows.storage.dll
0x00007ffd37bc0000 - 0x00007ffd37cb0000 	C:\WINDOWS\System32\SHCORE.dll
0x00007ffd372f0000 - 0x00007ffd37352000 	C:\WINDOWS\System32\shlwapi.dll
0x00007ffd36490000 - 0x00007ffd364b9000 	C:\WINDOWS\SYSTEM32\profapi.dll
0x00007ffd20870000 - 0x00007ffd20889000 	C:\Program Files\Java\jdk-17\bin\net.dll
0x00007ffd30270000 - 0x00007ffd3038f000 	C:\WINDOWS\SYSTEM32\WINHTTP.dll
0x00007ffd35870000 - 0x00007ffd358db000 	C:\WINDOWS\system32\mswsock.dll
0x00007ffd20590000 - 0x00007ffd205a6000 	C:\Program Files\Java\jdk-17\bin\nio.dll
0x00007ffd1f9f0000 - 0x00007ffd1fa08000 	C:\Program Files\Java\jdk-17\bin\zip.dll
0x00007ffd0a310000 - 0x00007ffd0a334000 	C:\Users\us\Downloads\apache-maven-3.9.9-bin\apache-maven-3.9.9\lib\jansi-native\Windows\x86_64\jansi.dll
0x00007ffd1f9e0000 - 0x00007ffd1f9f0000 	C:\Program Files\Java\jdk-17\bin\verify.dll

dbghelp: loaded successfully - version: 4.0.5 - missing functions: none
symbol engine: initialized successfully - sym options: 0x614 - pdb path: .;C:\Program Files\Java\jdk-17\bin;C:\WINDOWS\SYSTEM32;C:\WINDOWS\WinSxS\amd64_microsoft.windows.common-controls_6595b64144ccf1df_6.0.26100.5074_none_3e0d6f78e32fd63f;C:\Program Files\Java\jdk-17\bin\server;C:\Users\us\Downloads\apache-maven-3.9.9-bin\apache-maven-3.9.9\lib\jansi-native\Windows\x86_64

VM Arguments:
jvm_args: -Dclassworlds.conf=C:\Users\us\Downloads\apache-maven-3.9.9-bin\apache-maven-3.9.9\bin\m2.conf -Dmaven.home=C:\Users\us\Downloads\apache-maven-3.9.9-bin\apache-maven-3.9.9 -Dlibrary.jansi.path=C:\Users\us\Downloads\apache-maven-3.9.9-bin\apache-maven-3.9.9\lib\jansi-native -Dmaven.multiModuleProjectDirectory=C:\Fpo 2 version\DATE-FPO-Backend 
java_command: org.codehaus.plexus.classworlds.launcher.Launcher clean compile -DskipTests
java_class_path (initial): C:\Users\us\Downloads\apache-maven-3.9.9-bin\apache-maven-3.9.9\boot\plexus-classworlds-2.8.0.jar
Launcher Type: SUN_STANDARD

[Global flags]
     intx CICompilerCount                          = 4                                         {product} {ergonomic}
     uint ConcGCThreads                            = 2                                         {product} {ergonomic}
     uint G1ConcRefinementThreads                  = 8                                         {product} {ergonomic}
   size_t G1HeapRegionSize                         = 2097152                                   {product} {ergonomic}
    uintx GCDrainStackTargetSize                   = 64                                        {product} {ergonomic}
   size_t InitialHeapSize                          = 264241152                                 {product} {ergonomic}
   size_t MarkStackSize                            = 4194304                                   {product} {ergonomic}
   size_t MaxHeapSize                              = 4225761280                                {product} {ergonomic}
   size_t MaxNewSize                               = 2535456768                                {product} {ergonomic}
   size_t MinHeapDeltaBytes                        = 2097152                                   {product} {ergonomic}
   size_t MinHeapSize                              = 8388608                                   {product} {ergonomic}
    uintx NonNMethodCodeHeapSize                   = 5839372                                {pd product} {ergonomic}
    uintx NonProfiledCodeHeapSize                  = 122909434                              {pd product} {ergonomic}
    uintx ProfiledCodeHeapSize                     = 122909434                              {pd product} {ergonomic}
    uintx ReservedCodeCacheSize                    = 251658240                              {pd product} {ergonomic}
     bool SegmentedCodeCache                       = true                                      {product} {ergonomic}
   size_t SoftMaxHeapSize                          = 4225761280                             {manageable} {ergonomic}
     bool UseCompressedClassPointers               = true                           {product lp64_product} {ergonomic}
     bool UseCompressedOops                        = true                           {product lp64_product} {ergonomic}
     bool UseG1GC                                  = true                                      {product} {ergonomic}
     bool UseLargePagesIndividualAllocation        = false                                  {pd product} {ergonomic}

Logging:
Log output configuration:
 #0: stdout all=warning uptime,level,tags
 #1: stderr all=off uptime,level,tags

Environment Variables:
PATH=C:\Python313\Scripts\;C:\Python313\;C:\WINDOWS\system32;C:\WINDOWS;C:\WINDOWS\System32\Wbem;C:\WINDOWS\System32\WindowsPowerShell\v1.0\;C:\WINDOWS\System32\OpenSSH\;C:\Program Files\Git\cmd;C:\Users\us\Downloads\apache-maven-3.9.9-bin\apache-maven-3.9.9\bin;C:\Program Files\Java\jdk-17\bin;;C:\Program Files\Git LFS;C:\ProgramData\chocolatey\bin;c:\Users\us\AppData\Local\Programs\cursor\resources\app\bin;c:\Users\us\AppData\Local\Programs\cursor\resources\app\bin;C:\Karthik workspace\Node.js\;C:\Users\us\AppData\Local\Microsoft\WindowsApps;C:\Users\us\AppData\Local\Programs\Microsoft VS Code\bin;C:\Users\us\AppData\Local\GitHubDesktop\bin;C:\Users\us\AppData\Local\Programs\cursor\resources\app\bin;C:\Users\us\AppData\Roaming\npm
USERNAME=us
LANG=en_US.UTF-8
OS=Windows_NT
PROCESSOR_IDENTIFIER=Intel64 Family 6 Model 140 Stepping 1, GenuineIntel



---------------  S Y S T E M  ---------------

OS:
 Windows 11 , 64 bit Build 26100 (10.0.26100.5074)
OS uptime: 1 days 17:15 hours
Hyper-V role detected

CPU: total 8 (initial active 8) (4 cores per cpu, 2 threads per core) family 6 model 140 stepping 1 microcode 0xb8, cx8, cmov, fxsr, ht, mmx, 3dnowpref, sse, sse2, sse3, ssse3, sse4.1, sse4.2, popcnt, lzcnt, tsc, tscinvbit, avx, avx2, aes, erms, clmul, bmi1, bmi2, adx, avx512f, avx512dq, avx512cd, avx512bw, avx512vl, sha, fma, vzeroupper, avx512_vpopcntdq, avx512_vpclmulqdq, avx512_vaes, avx512_vnni, clflush, clflushopt, clwb, avx512_vbmi2, avx512_vbmi, hv

Memory: 4k page, system-wide physical 16118M (519M free)
TotalPageFile size 29750M (AvailPageFile size 7M)
current process WorkingSet (physical memory assigned to process): 506M, peak: 524M
current process commit charge ("private bytes"): 546M, peak: 570M

vm_info: Java HotSpot(TM) 64-Bit Server VM (17.0.14+8-LTS-191) for windows-amd64 JRE (17.0.14+8-LTS-191), built on Dec  3 2024 11:07:59 by "mach5one" with MS VC++ 17.6 (VS2022)

END.
