#
# There is insufficient memory for the Java Runtime Environment to continue.
# Native memory allocation (malloc) failed to allocate 1169184 bytes. Error detail: Chunk::new
# Possible reasons:
#   The system is out of physical RAM or swap space
#   This process is running with CompressedOops enabled, and the Java Heap may be blocking the growth of the native heap
# Possible solutions:
#   Reduce memory load on the system
#   Increase physical memory or swap space
#   Check if swap backing store is full
#   Decrease Java heap size (-Xmx/-Xms)
#   Decrease number of Java threads
#   Decrease Java thread stack sizes (-Xss)
#   Set larger code cache with -XX:ReservedCodeCacheSize=
#   JVM is running with Unscaled Compressed Oops mode in which the Java heap is
#     placed in the first 4GB address space. The Java Heap base address is the
#     maximum limit for the native heap growth. Please use -XX:HeapBaseMinAddress
#     to set the Java Heap base and to place the Java Heap above 4GB virtual address.
# This output file may be truncated or incomplete.
#
#  Out of Memory Error (arena.cpp:168), pid=21148, tid=21028
#
# JRE version: OpenJDK Runtime Environment Temurin-21.0.8+9 (21.0.8+9) (build 21.0.8+9-LTS)
# Java VM: OpenJDK 64-Bit Server VM Temurin-21.0.8+9 (21.0.8+9-LTS, mixed mode, sharing, tiered, compressed oops, compressed class ptrs, parallel gc, windows-amd64)
# No core dump will be written. Minidumps are not enabled by default on client versions of Windows
#

---------------  S U M M A R Y ------------

Command Line: --add-modules=ALL-SYSTEM --add-opens=java.base/java.util=ALL-UNNAMED --add-opens=java.base/java.lang=ALL-UNNAMED --add-opens=java.base/sun.nio.fs=ALL-UNNAMED -Declipse.application=org.eclipse.jdt.ls.core.id1 -Dosgi.bundles.defaultStartLevel=4 -Declipse.product=org.eclipse.jdt.ls.core.product -Djava.import.generatesMetadataFilesAtProjectRoot=false -DDetectVMInstallationsJob.disabled=true -Dfile.encoding=utf8 -XX:+UseParallelGC -XX:GCTimeRatio=4 -XX:AdaptiveSizePolicyWeight=90 -Dsun.zip.disableMemoryMapping=true -Xmx2G -Xms100m -Xlog:disable -javaagent:c:\Users\us\.vscode\extensions\redhat.java-1.46.0-win32-x64\lombok\lombok-1.18.39-4050.jar -XX:+HeapDumpOnOutOfMemoryError -XX:HeapDumpPath=c:\Users\us\AppData\Roaming\Code\User\workspaceStorage\427a046cafd72eca70f8d2edee299d5e\redhat.java -Daether.dependencyCollector.impl=bf c:\Users\us\.vscode\extensions\redhat.java-1.46.0-win32-x64\server\plugins\org.eclipse.equinox.launcher_1.7.0.v20250519-0528.jar -configuration c:\Users\us\AppData\Roaming\Code\User\globalStorage\redhat.java\1.46.0\config_win -data c:\Users\us\AppData\Roaming\Code\User\workspaceStorage\427a046cafd72eca70f8d2edee299d5e\redhat.java\jdt_ws --pipe=\\.\pipe\lsp-29a2854fd4be8f332508205a5773fc65-sock

Host: 11th Gen Intel(R) Core(TM) i5-1145G7 @ 2.60GHz, 8 cores, 15G,  Windows 11 , 64 bit Build 26100 (10.0.26100.5074)
Time: Mon Oct  6 16:46:52 2025 India Standard Time elapsed time: 50.835141 seconds (0d 0h 0m 50s)

---------------  T H R E A D  ---------------

Current thread (0x000002444d705a60):  JavaThread "C2 CompilerThread0" daemon [_thread_in_native, id=21028, stack(0x000000ff88800000,0x000000ff88900000) (1024K)]


Current CompileTask:
C2:50835 8919   !   4       org.eclipse.jdt.internal.core.util.DeduplicationUtil::intern (149 bytes)

Stack: [0x000000ff88800000,0x000000ff88900000]
Native frames: (J=compiled Java code, j=interpreted, Vv=VM code, C=native code)
V  [jvm.dll+0x6d2449]
V  [jvm.dll+0x8ae341]
V  [jvm.dll+0x8b08be]
V  [jvm.dll+0x8b0fa3]
V  [jvm.dll+0x280c96]
V  [jvm.dll+0xc581d]
V  [jvm.dll+0xc5d53]
V  [jvm.dll+0x3b919c]
V  [jvm.dll+0x385315]
V  [jvm.dll+0x38477a]
V  [jvm.dll+0x248ed0]
V  [jvm.dll+0x2484af]
V  [jvm.dll+0x1c89ee]
V  [jvm.dll+0x257d4d]
V  [jvm.dll+0x2562ea]
V  [jvm.dll+0x3f2d16]
V  [jvm.dll+0x857e6b]
V  [jvm.dll+0x6d0b0d]
C  [ucrtbase.dll+0x37b0]
C  [KERNEL32.DLL+0x2e8d7]
C  [ntdll.dll+0x8d9c]


---------------  P R O C E S S  ---------------

Threads class SMR info:
_java_thread_list=0x0000024470037ae0, length=51, elements={
0x000002444d792cf0, 0x000002444d6f83b0, 0x000002444d6fb5b0, 0x000002444d6fdc10,
0x000002444d701780, 0x000002444d7041e0, 0x000002444d704c30, 0x000002444d705a60,
0x0000024465a11a00, 0x000002444d7f74e0, 0x0000024465c14700, 0x000002446a899b40,
0x000002446a3f6480, 0x000002446a323bb0, 0x000002446a324210, 0x000002446a964150,
0x000002446a950d00, 0x000002446aae2bd0, 0x0000024465b6b030, 0x000002446a7f43b0,
0x000002446a7f7830, 0x000002446a7f4a40, 0x000002446a7f50d0, 0x000002446a7f5760,
0x000002446a7f5df0, 0x000002446a7f6480, 0x000002446a7f6b10, 0x000002446b482cb0,
0x000002446b482620, 0x000002446b484060, 0x000002446b4846f0, 0x000002446b483340,
0x000002446b4839d0, 0x000002446b484d80, 0x000002446b481900, 0x000002446b485410,
0x000002446b488200, 0x000002446b4867c0, 0x000002446b488f20, 0x000002446b488890,
0x000002446b486130, 0x000002446b486e50, 0x000002446b4874e0, 0x000002446e2eda90,
0x000002446e2ee120, 0x000002446e2ef4d0, 0x000002446e2ee7b0, 0x000002446e2eee40,
0x000002446e2efb60, 0x000002446b46a0b0, 0x000002446d1d1060
}

Java Threads: ( => current thread )
  0x000002444d792cf0 JavaThread "main"                              [_thread_blocked, id=18188, stack(0x000000ff87e00000,0x000000ff87f00000) (1024K)]
  0x000002444d6f83b0 JavaThread "Reference Handler"          daemon [_thread_blocked, id=2080, stack(0x000000ff88200000,0x000000ff88300000) (1024K)]
  0x000002444d6fb5b0 JavaThread "Finalizer"                  daemon [_thread_blocked, id=20564, stack(0x000000ff88300000,0x000000ff88400000) (1024K)]
  0x000002444d6fdc10 JavaThread "Signal Dispatcher"          daemon [_thread_blocked, id=20284, stack(0x000000ff88400000,0x000000ff88500000) (1024K)]
  0x000002444d701780 JavaThread "Attach Listener"            daemon [_thread_blocked, id=12796, stack(0x000000ff88500000,0x000000ff88600000) (1024K)]
  0x000002444d7041e0 JavaThread "Service Thread"             daemon [_thread_blocked, id=3208, stack(0x000000ff88600000,0x000000ff88700000) (1024K)]
  0x000002444d704c30 JavaThread "Monitor Deflation Thread"   daemon [_thread_blocked, id=18036, stack(0x000000ff88700000,0x000000ff88800000) (1024K)]
=>0x000002444d705a60 JavaThread "C2 CompilerThread0"         daemon [_thread_in_native, id=21028, stack(0x000000ff88800000,0x000000ff88900000) (1024K)]
  0x0000024465a11a00 JavaThread "C1 CompilerThread0"         daemon [_thread_blocked, id=25532, stack(0x000000ff88900000,0x000000ff88a00000) (1024K)]
  0x000002444d7f74e0 JavaThread "Common-Cleaner"             daemon [_thread_blocked, id=1488, stack(0x000000ff88a00000,0x000000ff88b00000) (1024K)]
  0x0000024465c14700 JavaThread "Notification Thread"        daemon [_thread_blocked, id=25092, stack(0x000000ff88b00000,0x000000ff88c00000) (1024K)]
  0x000002446a899b40 JavaThread "Active Thread: Equinox Container: 6c7467ee-7e02-44cb-b3bc-0c13d18d87d7"        [_thread_blocked, id=20024, stack(0x000000ff89300000,0x000000ff89400000) (1024K)]
  0x000002446a3f6480 JavaThread "Refresh Thread: Equinox Container: 6c7467ee-7e02-44cb-b3bc-0c13d18d87d7" daemon [_thread_blocked, id=6532, stack(0x000000ff89400000,0x000000ff89500000) (1024K)]
  0x000002446a323bb0 JavaThread "Framework Event Dispatcher: Equinox Container: 6c7467ee-7e02-44cb-b3bc-0c13d18d87d7" daemon [_thread_blocked, id=18308, stack(0x000000ff89600000,0x000000ff89700000) (1024K)]
  0x000002446a324210 JavaThread "Start Level: Equinox Container: 6c7467ee-7e02-44cb-b3bc-0c13d18d87d7" daemon [_thread_blocked, id=17424, stack(0x000000ff89700000,0x000000ff89800000) (1024K)]
  0x000002446a964150 JavaThread "Bundle File Closer"         daemon [_thread_blocked, id=12040, stack(0x000000ff89200000,0x000000ff89300000) (1024K)]
  0x000002446a950d00 JavaThread "SCR Component Actor"        daemon [_thread_blocked, id=17960, stack(0x000000ff89800000,0x000000ff89900000) (1024K)]
  0x000002446aae2bd0 JavaThread "Worker-JM"                         [_thread_blocked, id=17012, stack(0x000000ff89900000,0x000000ff89a00000) (1024K)]
  0x0000024465b6b030 JavaThread "JNA Cleaner"                daemon [_thread_blocked, id=23456, stack(0x000000ff89a00000,0x000000ff89b00000) (1024K)]
  0x000002446a7f43b0 JavaThread "Worker-0"                          [_thread_blocked, id=12924, stack(0x000000ff89c00000,0x000000ff89d00000) (1024K)]
  0x000002446a7f7830 JavaThread "Worker-1"                          [_thread_blocked, id=17272, stack(0x000000ff89b00000,0x000000ff89c00000) (1024K)]
  0x000002446a7f4a40 JavaThread "Worker-2: Java indexing... "        [_thread_blocked, id=7092, stack(0x000000ff89d00000,0x000000ff89e00000) (1024K)]
  0x000002446a7f50d0 JavaThread "Worker-3: Building"                [_thread_in_Java, id=17660, stack(0x000000ff89f00000,0x000000ff8a000000) (1024K)]
  0x000002446a7f5760 JavaThread "Java indexing"              daemon [_thread_in_Java, id=10024, stack(0x000000ff8a100000,0x000000ff8a200000) (1024K)]
  0x000002446a7f5df0 JavaThread "Worker-4"                          [_thread_blocked, id=16188, stack(0x000000ff8a200000,0x000000ff8a300000) (1024K)]
  0x000002446a7f6480 JavaThread "Worker-5"                          [_thread_blocked, id=6996, stack(0x000000ff8a000000,0x000000ff8a100000) (1024K)]
  0x000002446a7f6b10 JavaThread "Thread-1"                   daemon [_thread_in_native, id=17776, stack(0x000000ff8a500000,0x000000ff8a600000) (1024K)]
  0x000002446b482cb0 JavaThread "Thread-2"                   daemon [_thread_in_native, id=2868, stack(0x000000ff8a600000,0x000000ff8a700000) (1024K)]
  0x000002446b482620 JavaThread "Thread-3"                   daemon [_thread_in_native, id=2908, stack(0x000000ff8a700000,0x000000ff8a800000) (1024K)]
  0x000002446b484060 JavaThread "Thread-4"                   daemon [_thread_in_native, id=20368, stack(0x000000ff8a800000,0x000000ff8a900000) (1024K)]
  0x000002446b4846f0 JavaThread "Thread-5"                   daemon [_thread_in_native, id=17600, stack(0x000000ff8a900000,0x000000ff8aa00000) (1024K)]
  0x000002446b483340 JavaThread "Thread-6"                   daemon [_thread_in_native, id=21052, stack(0x000000ff8aa00000,0x000000ff8ab00000) (1024K)]
  0x000002446b4839d0 JavaThread "Thread-7"                   daemon [_thread_in_native, id=17016, stack(0x000000ff8ab00000,0x000000ff8ac00000) (1024K)]
  0x000002446b484d80 JavaThread "Thread-8"                   daemon [_thread_in_native, id=17628, stack(0x000000ff8ac00000,0x000000ff8ad00000) (1024K)]
  0x000002446b481900 JavaThread "Thread-9"                   daemon [_thread_in_native, id=22688, stack(0x000000ff8ad00000,0x000000ff8ae00000) (1024K)]
  0x000002446b485410 JavaThread "pool-2-thread-1"                   [_thread_blocked, id=20148, stack(0x000000ff8af00000,0x000000ff8b000000) (1024K)]
  0x000002446b488200 JavaThread "WorkspaceEventsHandler"            [_thread_blocked, id=15760, stack(0x000000ff87c00000,0x000000ff87d00000) (1024K)]
  0x000002446b4867c0 JavaThread "pool-1-thread-1"                   [_thread_blocked, id=11696, stack(0x000000ff8b000000,0x000000ff8b100000) (1024K)]
  0x000002446b488f20 JavaThread "LocalFile Deleter"          daemon [_thread_blocked, id=20620, stack(0x000000ff89e00000,0x000000ff89f00000) (1024K)]
  0x000002446b488890 JavaThread "LocalFile Deleter"          daemon [_thread_blocked, id=24916, stack(0x000000ff8ae00000,0x000000ff8af00000) (1024K)]
  0x000002446b486130 JavaThread "LocalFile Deleter"          daemon [_thread_blocked, id=19820, stack(0x000000ff8b100000,0x000000ff8b200000) (1024K)]
  0x000002446b486e50 JavaThread "LocalFile Deleter"          daemon [_thread_blocked, id=7716, stack(0x000000ff8b200000,0x000000ff8b300000) (1024K)]
  0x000002446b4874e0 JavaThread "LocalFile Deleter"          daemon [_thread_blocked, id=3556, stack(0x000000ff8b300000,0x000000ff8b400000) (1024K)]
  0x000002446e2eda90 JavaThread "Compiler Source File Reader" daemon [_thread_blocked, id=19008, stack(0x000000ff8b400000,0x000000ff8b500000) (1024K)]
  0x000002446e2ee120 JavaThread "Compiler Source File Reader" daemon [_thread_blocked, id=20128, stack(0x000000ff8b500000,0x000000ff8b600000) (1024K)]
  0x000002446e2ef4d0 JavaThread "Compiler Source File Reader" daemon [_thread_blocked, id=23224, stack(0x000000ff8b600000,0x000000ff8b700000) (1024K)]
  0x000002446e2ee7b0 JavaThread "Compiler Source File Reader" daemon [_thread_blocked, id=14668, stack(0x000000ff8b700000,0x000000ff8b800000) (1024K)]
  0x000002446e2eee40 JavaThread "Compiler Source File Reader" daemon [_thread_blocked, id=25556, stack(0x000000ff8b800000,0x000000ff8b900000) (1024K)]
  0x000002446e2efb60 JavaThread "Compiler Source File Reader" daemon [_thread_blocked, id=19172, stack(0x000000ff8b900000,0x000000ff8ba00000) (1024K)]
  0x000002446b46a0b0 JavaThread "C2 CompilerThread1"         daemon [_thread_in_native, id=8904, stack(0x000000ff8ba00000,0x000000ff8bb00000) (1024K)]
  0x000002446d1d1060 JavaThread "C2 CompilerThread2"         daemon [_thread_in_native, id=20848, stack(0x000000ff8bb00000,0x000000ff8bc00000) (1024K)]
Total: 51

Other Threads:
  0x000002444d82ac00 VMThread "VM Thread"                           [id=11388, stack(0x000000ff88100000,0x000000ff88200000) (1024K)]
  0x000002444d7f6c10 WatcherThread "VM Periodic Task Thread"        [id=13992, stack(0x000000ff88000000,0x000000ff88100000) (1024K)]
  0x000002444d7a9d70 WorkerThread "GC Thread#0"                     [id=2160, stack(0x000000ff87f00000,0x000000ff88000000) (1024K)]
  0x000002446a46af30 WorkerThread "GC Thread#1"                     [id=18040, stack(0x000000ff88c00000,0x000000ff88d00000) (1024K)]
  0x000002446a46b2d0 WorkerThread "GC Thread#2"                     [id=24724, stack(0x000000ff88d00000,0x000000ff88e00000) (1024K)]
  0x000002446a46b670 WorkerThread "GC Thread#3"                     [id=20404, stack(0x000000ff88e00000,0x000000ff88f00000) (1024K)]
  0x000002446a46ba10 WorkerThread "GC Thread#4"                     [id=15768, stack(0x000000ff88f00000,0x000000ff89000000) (1024K)]
  0x000002446a1262c0 WorkerThread "GC Thread#5"                     [id=18908, stack(0x000000ff89000000,0x000000ff89100000) (1024K)]
  0x000002446a126660 WorkerThread "GC Thread#6"                     [id=1908, stack(0x000000ff89100000,0x000000ff89200000) (1024K)]
  0x00000244659c8850 WorkerThread "GC Thread#7"                     [id=21660, stack(0x000000ff89500000,0x000000ff89600000) (1024K)]
Total: 10

Threads with active compile tasks:
C2 CompilerThread0  50873 8919   !   4       org.eclipse.jdt.internal.core.util.DeduplicationUtil::intern (149 bytes)
C2 CompilerThread1  50873 8947       4       java.util.regex.Pattern::compile (537 bytes)
C2 CompilerThread2  50873 8945       4       java.net.URI::decode (376 bytes)
Total: 3

VM state: not at safepoint (normal execution)

VM Mutex/Monitor currently owned by a thread: None

Heap address: 0x0000000080000000, size: 2048 MB, Compressed Oops mode: 32-bit

CDS archive(s) mapped at: [0x0000024400000000-0x0000024400ba0000-0x0000024400ba0000), size 12189696, SharedBaseAddress: 0x0000024400000000, ArchiveRelocationMode: 1.
Compressed class space mapped at: 0x0000024401000000-0x0000024441000000, reserved size: 1073741824
Narrow klass base: 0x0000024400000000, Narrow klass shift: 0, Narrow klass range: 0x100000000

GC Precious Log:
 CardTable entry size: 512
 CPUs: 8 total, 8 available
 Memory: 16118M
 Large Page Support: Disabled
 NUMA Support: Disabled
 Compressed Oops: Enabled (32-bit)
 Alignments: Space 512K, Generation 512K, Heap 2M
 Heap Min Capacity: 100M
 Heap Initial Capacity: 100M
 Heap Max Capacity: 2G
 Pre-touch: Disabled
 Parallel Workers: 8

Heap:
 PSYoungGen      total 16896K, used 2915K [0x00000000d5580000, 0x00000000d6780000, 0x0000000100000000)
  eden space 15360K, 10% used [0x00000000d5580000,0x00000000d570cde0,0x00000000d6480000)
  from space 1536K, 86% used [0x00000000d6480000,0x00000000d65cc070,0x00000000d6600000)
  to   space 1536K, 0% used [0x00000000d6600000,0x00000000d6600000,0x00000000d6780000)
 ParOldGen       total 68608K, used 64235K [0x0000000080000000, 0x0000000084300000, 0x00000000d5580000)
  object space 68608K, 93% used [0x0000000080000000,0x0000000083ebad68,0x0000000084300000)
 Metaspace       used 56712K, committed 57984K, reserved 1114112K
  class space    used 6060K, committed 6656K, reserved 1048576K

Card table byte_map: [0x000002444d120000,0x000002444d530000] _byte_map_base: 0x000002444cd20000

Marking Bits: (ParMarkBitMap*) 0x00007ffc8295a340
 Begin Bits: [0x000002445fc20000, 0x0000024461c20000)
 End Bits:   [0x0000024461c20000, 0x0000024463c20000)

Polling page: 0x000002444b6f0000

Metaspace:

Usage:
  Non-class:     49.47 MB used.
      Class:      5.92 MB used.
       Both:     55.38 MB used.

Virtual space:
  Non-class space:       64.00 MB reserved,      50.12 MB ( 78%) committed,  1 nodes.
      Class space:        1.00 GB reserved,       6.50 MB ( <1%) committed,  1 nodes.
             Both:        1.06 GB reserved,      56.62 MB (  5%) committed. 

Chunk freelists:
   Non-Class:  13.64 MB
       Class:  9.50 MB
        Both:  23.14 MB

MaxMetaspaceSize: unlimited
CompressedClassSpaceSize: 1.00 GB
Initial GC threshold: 21.00 MB
Current GC threshold: 58.88 MB
CDS: on
 - commit_granule_bytes: 65536.
 - commit_granule_words: 8192.
 - virtual_space_node_default_size: 8388608.
 - enlarge_chunks_in_place: 1.
 - use_allocation_guard: 0.


Internal statistics:

num_allocs_failed_limit: 14.
num_arena_births: 1130.
num_arena_deaths: 14.
num_vsnodes_births: 2.
num_vsnodes_deaths: 0.
num_space_committed: 906.
num_space_uncommitted: 0.
num_chunks_returned_to_freelist: 28.
num_chunks_taken_from_freelist: 3903.
num_chunk_merges: 14.
num_chunk_splits: 2318.
num_chunks_enlarged: 1173.
num_inconsistent_stats: 0.

CodeHeap 'non-profiled nmethods': size=120000Kb used=6089Kb max_used=6089Kb free=113910Kb
 bounds [0x0000024458440000, 0x0000024458a40000, 0x000002445f970000]
CodeHeap 'profiled nmethods': size=120000Kb used=18934Kb max_used=18934Kb free=101066Kb
 bounds [0x0000024450970000, 0x0000024451bf0000, 0x0000024457ea0000]
CodeHeap 'non-nmethods': size=5760Kb used=1413Kb max_used=1478Kb free=4346Kb
 bounds [0x0000024457ea0000, 0x0000024458110000, 0x0000024458440000]
CodeCache: size=245760Kb, used=26436Kb, max_used=26501Kb, free=219322Kb
 total_blobs=8994, nmethods=8283, adapters=617, full_count=0
Compilation: enabled, stopped_count=0, restarted_count=0

Compilation events (20 events):
Event: 49.755 Thread 0x000002446d1d1060 nmethod 8924 0x0000024458a2ae10 code [0x0000024458a2afe0, 0x0000024458a2b598]
Event: 49.755 Thread 0x000002446d1d1060 8941       4       sun.nio.fs.WindowsPath::startsWith (105 bytes)
Event: 49.782 Thread 0x000002446b46a0b0 nmethod 8934 0x0000024458a2b910 code [0x0000024458a2bb80, 0x0000024458a2c9e8]
Event: 49.782 Thread 0x000002446b46a0b0 8943       4       lombok.eclipse.handlers.EclipseHandlerUtil::methodExists (280 bytes)
Event: 49.796 Thread 0x0000024465a11a00 8944       3       lombok.core.FieldAugment$MapFieldAugment::write (13 bytes)
Event: 49.796 Thread 0x0000024465a11a00 nmethod 8944 0x0000024451becb10 code [0x0000024451beccc0, 0x0000024451bece98]
Event: 49.820 Thread 0x000002446d1d1060 nmethod 8941 0x0000024458a2d510 code [0x0000024458a2d840, 0x0000024458a2ee58]
Event: 49.820 Thread 0x000002446d1d1060 8945       4       java.net.URI::decode (376 bytes)
Event: 49.827 Thread 0x000002446b46a0b0 nmethod 8943 0x0000024458a2fe90 code [0x0000024458a300c0, 0x0000024458a30e08]
Event: 49.827 Thread 0x000002446b46a0b0 8920       4       java.util.ImmutableCollections$AbstractImmutableList::iterator (13 bytes)
Event: 49.830 Thread 0x000002446b46a0b0 nmethod 8920 0x0000024458a31590 code [0x0000024458a31740, 0x0000024458a318d8]
Event: 49.830 Thread 0x000002446b46a0b0 8940       4       java.lang.String::valueOf (39 bytes)
Event: 49.833 Thread 0x000002446b46a0b0 nmethod 8940 0x0000024458a31a10 code [0x0000024458a31ba0, 0x0000024458a31d68]
Event: 49.833 Thread 0x000002446b46a0b0 8935       4       org.eclipse.jdt.internal.compiler.parser.Parser::concatNodeLists (31 bytes)
Event: 49.835 Thread 0x000002446b46a0b0 nmethod 8935 0x0000024458a31e90 code [0x0000024458a32020, 0x0000024458a32130]
Event: 49.835 Thread 0x000002446b46a0b0 8942       4       org.eclipse.jdt.internal.compiler.parser.Parser::consumeModifiers2 (31 bytes)
Event: 49.837 Thread 0x000002446b46a0b0 nmethod 8942 0x0000024458a32210 code [0x0000024458a323a0, 0x0000024458a324b0]
Event: 49.841 Thread 0x0000024465a11a00 8946       3       org.eclipse.jdt.internal.core.builder.SourceFile::getFileName (18 bytes)
Event: 49.843 Thread 0x0000024465a11a00 nmethod 8946 0x0000024451becf90 code [0x0000024451bed180, 0x0000024451bed5d0]
Event: 49.851 Thread 0x000002446b46a0b0 8947       4       java.util.regex.Pattern::compile (537 bytes)

GC Heap History (20 events):
Event: 39.764 GC heap after
{Heap after GC invocations=35 (full 2):
 PSYoungGen      total 16896K, used 160K [0x00000000d5580000, 0x00000000d6980000, 0x0000000100000000)
  eden space 15360K, 0% used [0x00000000d5580000,0x00000000d5580000,0x00000000d6480000)
  from space 1536K, 10% used [0x00000000d6700000,0x00000000d6728000,0x00000000d6880000)
  to   space 512K, 0% used [0x00000000d6900000,0x00000000d6900000,0x00000000d6980000)
 ParOldGen       total 68608K, used 51971K [0x0000000080000000, 0x0000000084300000, 0x00000000d5580000)
  object space 68608K, 75% used [0x0000000080000000,0x00000000832c0ea0,0x0000000084300000)
 Metaspace       used 55188K, committed 56384K, reserved 1114112K
  class space    used 5925K, committed 6528K, reserved 1048576K
}
Event: 41.852 GC heap before
{Heap before GC invocations=36 (full 2):
 PSYoungGen      total 16896K, used 15520K [0x00000000d5580000, 0x00000000d6980000, 0x0000000100000000)
  eden space 15360K, 100% used [0x00000000d5580000,0x00000000d6480000,0x00000000d6480000)
  from space 1536K, 10% used [0x00000000d6700000,0x00000000d6728000,0x00000000d6880000)
  to   space 512K, 0% used [0x00000000d6900000,0x00000000d6900000,0x00000000d6980000)
 ParOldGen       total 68608K, used 51971K [0x0000000080000000, 0x0000000084300000, 0x00000000d5580000)
  object space 68608K, 75% used [0x0000000080000000,0x00000000832c0ea0,0x0000000084300000)
 Metaspace       used 56034K, committed 57280K, reserved 1114112K
  class space    used 6006K, committed 6592K, reserved 1048576K
}
Event: 41.855 GC heap after
{Heap after GC invocations=36 (full 2):
 PSYoungGen      total 15872K, used 480K [0x00000000d5580000, 0x00000000d6980000, 0x0000000100000000)
  eden space 15360K, 0% used [0x00000000d5580000,0x00000000d5580000,0x00000000d6480000)
  from space 512K, 93% used [0x00000000d6900000,0x00000000d6978010,0x00000000d6980000)
  to   space 2048K, 0% used [0x00000000d6580000,0x00000000d6580000,0x00000000d6780000)
 ParOldGen       total 68608K, used 53123K [0x0000000080000000, 0x0000000084300000, 0x00000000d5580000)
  object space 68608K, 77% used [0x0000000080000000,0x00000000833e0fa0,0x0000000084300000)
 Metaspace       used 56034K, committed 57280K, reserved 1114112K
  class space    used 6006K, committed 6592K, reserved 1048576K
}
Event: 42.640 GC heap before
{Heap before GC invocations=37 (full 2):
 PSYoungGen      total 15872K, used 15840K [0x00000000d5580000, 0x00000000d6980000, 0x0000000100000000)
  eden space 15360K, 100% used [0x00000000d5580000,0x00000000d6480000,0x00000000d6480000)
  from space 512K, 93% used [0x00000000d6900000,0x00000000d6978010,0x00000000d6980000)
  to   space 2048K, 0% used [0x00000000d6580000,0x00000000d6580000,0x00000000d6780000)
 ParOldGen       total 68608K, used 53123K [0x0000000080000000, 0x0000000084300000, 0x00000000d5580000)
  object space 68608K, 77% used [0x0000000080000000,0x00000000833e0fa0,0x0000000084300000)
 Metaspace       used 56215K, committed 57536K, reserved 1114112K
  class space    used 6022K, committed 6656K, reserved 1048576K
}
Event: 42.644 GC heap after
{Heap after GC invocations=37 (full 2):
 PSYoungGen      total 17408K, used 1504K [0x00000000d5580000, 0x00000000d6980000, 0x0000000100000000)
  eden space 15360K, 0% used [0x00000000d5580000,0x00000000d5580000,0x00000000d6480000)
  from space 2048K, 73% used [0x00000000d6580000,0x00000000d66f8060,0x00000000d6780000)
  to   space 2048K, 0% used [0x00000000d6780000,0x00000000d6780000,0x00000000d6980000)
 ParOldGen       total 68608K, used 53643K [0x0000000080000000, 0x0000000084300000, 0x00000000d5580000)
  object space 68608K, 78% used [0x0000000080000000,0x0000000083462fb0,0x0000000084300000)
 Metaspace       used 56215K, committed 57536K, reserved 1114112K
  class space    used 6022K, committed 6656K, reserved 1048576K
}
Event: 43.455 GC heap before
{Heap before GC invocations=38 (full 2):
 PSYoungGen      total 17408K, used 16864K [0x00000000d5580000, 0x00000000d6980000, 0x0000000100000000)
  eden space 15360K, 100% used [0x00000000d5580000,0x00000000d6480000,0x00000000d6480000)
  from space 2048K, 73% used [0x00000000d6580000,0x00000000d66f8060,0x00000000d6780000)
  to   space 2048K, 0% used [0x00000000d6780000,0x00000000d6780000,0x00000000d6980000)
 ParOldGen       total 68608K, used 53643K [0x0000000080000000, 0x0000000084300000, 0x00000000d5580000)
  object space 68608K, 78% used [0x0000000080000000,0x0000000083462fb0,0x0000000084300000)
 Metaspace       used 56336K, committed 57600K, reserved 1114112K
  class space    used 6032K, committed 6656K, reserved 1048576K
}
Event: 43.460 GC heap after
{Heap after GC invocations=38 (full 2):
 PSYoungGen      total 16896K, used 1456K [0x00000000d5580000, 0x00000000d6900000, 0x0000000100000000)
  eden space 15360K, 0% used [0x00000000d5580000,0x00000000d5580000,0x00000000d6480000)
  from space 1536K, 94% used [0x00000000d6780000,0x00000000d68ec050,0x00000000d6900000)
  to   space 1536K, 0% used [0x00000000d6600000,0x00000000d6600000,0x00000000d6780000)
 ParOldGen       total 68608K, used 55020K [0x0000000080000000, 0x0000000084300000, 0x00000000d5580000)
  object space 68608K, 80% used [0x0000000080000000,0x00000000835bb0b0,0x0000000084300000)
 Metaspace       used 56336K, committed 57600K, reserved 1114112K
  class space    used 6032K, committed 6656K, reserved 1048576K
}
Event: 43.767 GC heap before
{Heap before GC invocations=39 (full 2):
 PSYoungGen      total 16896K, used 16816K [0x00000000d5580000, 0x00000000d6900000, 0x0000000100000000)
  eden space 15360K, 99% used [0x00000000d5580000,0x00000000d647ffe0,0x00000000d6480000)
  from space 1536K, 94% used [0x00000000d6780000,0x00000000d68ec050,0x00000000d6900000)
  to   space 1536K, 0% used [0x00000000d6600000,0x00000000d6600000,0x00000000d6780000)
 ParOldGen       total 68608K, used 55020K [0x0000000080000000, 0x0000000084300000, 0x00000000d5580000)
  object space 68608K, 80% used [0x0000000080000000,0x00000000835bb0b0,0x0000000084300000)
 Metaspace       used 56424K, committed 57728K, reserved 1114112K
  class space    used 6035K, committed 6656K, reserved 1048576K
}
Event: 43.771 GC heap after
{Heap after GC invocations=39 (full 2):
 PSYoungGen      total 16896K, used 1360K [0x00000000d5580000, 0x00000000d6800000, 0x0000000100000000)
  eden space 15360K, 0% used [0x00000000d5580000,0x00000000d5580000,0x00000000d6480000)
  from space 1536K, 88% used [0x00000000d6600000,0x00000000d6754070,0x00000000d6780000)
  to   space 512K, 0% used [0x00000000d6780000,0x00000000d6780000,0x00000000d6800000)
 ParOldGen       total 68608K, used 56418K [0x0000000080000000, 0x0000000084300000, 0x00000000d5580000)
  object space 68608K, 82% used [0x0000000080000000,0x0000000083718ab8,0x0000000084300000)
 Metaspace       used 56424K, committed 57728K, reserved 1114112K
  class space    used 6035K, committed 6656K, reserved 1048576K
}
Event: 44.761 GC heap before
{Heap before GC invocations=40 (full 2):
 PSYoungGen      total 16896K, used 16720K [0x00000000d5580000, 0x00000000d6800000, 0x0000000100000000)
  eden space 15360K, 100% used [0x00000000d5580000,0x00000000d6480000,0x00000000d6480000)
  from space 1536K, 88% used [0x00000000d6600000,0x00000000d6754070,0x00000000d6780000)
  to   space 512K, 0% used [0x00000000d6780000,0x00000000d6780000,0x00000000d6800000)
 ParOldGen       total 68608K, used 56418K [0x0000000080000000, 0x0000000084300000, 0x00000000d5580000)
  object space 68608K, 82% used [0x0000000080000000,0x0000000083718ab8,0x0000000084300000)
 Metaspace       used 56476K, committed 57728K, reserved 1114112K
  class space    used 6037K, committed 6656K, reserved 1048576K
}
Event: 44.766 GC heap after
{Heap after GC invocations=40 (full 2):
 PSYoungGen      total 15872K, used 480K [0x00000000d5580000, 0x00000000d6a80000, 0x0000000100000000)
  eden space 15360K, 0% used [0x00000000d5580000,0x00000000d5580000,0x00000000d6480000)
  from space 512K, 93% used [0x00000000d6780000,0x00000000d67f8010,0x00000000d6800000)
  to   space 3072K, 0% used [0x00000000d6480000,0x00000000d6480000,0x00000000d6780000)
 ParOldGen       total 68608K, used 58634K [0x0000000080000000, 0x0000000084300000, 0x00000000d5580000)
  object space 68608K, 85% used [0x0000000080000000,0x0000000083942b88,0x0000000084300000)
 Metaspace       used 56476K, committed 57728K, reserved 1114112K
  class space    used 6037K, committed 6656K, reserved 1048576K
}
Event: 46.203 GC heap before
{Heap before GC invocations=41 (full 2):
 PSYoungGen      total 15872K, used 15840K [0x00000000d5580000, 0x00000000d6a80000, 0x0000000100000000)
  eden space 15360K, 100% used [0x00000000d5580000,0x00000000d6480000,0x00000000d6480000)
  from space 512K, 93% used [0x00000000d6780000,0x00000000d67f8010,0x00000000d6800000)
  to   space 3072K, 0% used [0x00000000d6480000,0x00000000d6480000,0x00000000d6780000)
 ParOldGen       total 68608K, used 58634K [0x0000000080000000, 0x0000000084300000, 0x00000000d5580000)
  object space 68608K, 85% used [0x0000000080000000,0x0000000083942b88,0x0000000084300000)
 Metaspace       used 56513K, committed 57792K, reserved 1114112K
  class space    used 6039K, committed 6656K, reserved 1048576K
}
Event: 46.210 GC heap after
{Heap after GC invocations=41 (full 2):
 PSYoungGen      total 17408K, used 1600K [0x00000000d5580000, 0x00000000d6880000, 0x0000000100000000)
  eden space 15360K, 0% used [0x00000000d5580000,0x00000000d5580000,0x00000000d6480000)
  from space 2048K, 78% used [0x00000000d6480000,0x00000000d6610020,0x00000000d6680000)
  to   space 2048K, 0% used [0x00000000d6680000,0x00000000d6680000,0x00000000d6880000)
 ParOldGen       total 68608K, used 59154K [0x0000000080000000, 0x0000000084300000, 0x00000000d5580000)
  object space 68608K, 86% used [0x0000000080000000,0x00000000839c4b98,0x0000000084300000)
 Metaspace       used 56513K, committed 57792K, reserved 1114112K
  class space    used 6039K, committed 6656K, reserved 1048576K
}
Event: 47.304 GC heap before
{Heap before GC invocations=42 (full 2):
 PSYoungGen      total 17408K, used 16960K [0x00000000d5580000, 0x00000000d6880000, 0x0000000100000000)
  eden space 15360K, 100% used [0x00000000d5580000,0x00000000d6480000,0x00000000d6480000)
  from space 2048K, 78% used [0x00000000d6480000,0x00000000d6610020,0x00000000d6680000)
  to   space 2048K, 0% used [0x00000000d6680000,0x00000000d6680000,0x00000000d6880000)
 ParOldGen       total 68608K, used 59154K [0x0000000080000000, 0x0000000084300000, 0x00000000d5580000)
  object space 68608K, 86% used [0x0000000080000000,0x00000000839c4b98,0x0000000084300000)
 Metaspace       used 56625K, committed 57856K, reserved 1114112K
  class space    used 6048K, committed 6656K, reserved 1048576K
}
Event: 47.313 GC heap after
{Heap after GC invocations=42 (full 2):
 PSYoungGen      total 17408K, used 1776K [0x00000000d5580000, 0x00000000d6880000, 0x0000000100000000)
  eden space 15360K, 0% used [0x00000000d5580000,0x00000000d5580000,0x00000000d6480000)
  from space 2048K, 86% used [0x00000000d6680000,0x00000000d683c050,0x00000000d6880000)
  to   space 2048K, 0% used [0x00000000d6480000,0x00000000d6480000,0x00000000d6680000)
 ParOldGen       total 68608K, used 60610K [0x0000000080000000, 0x0000000084300000, 0x00000000d5580000)
  object space 68608K, 88% used [0x0000000080000000,0x0000000083b30bb8,0x0000000084300000)
 Metaspace       used 56625K, committed 57856K, reserved 1114112K
  class space    used 6048K, committed 6656K, reserved 1048576K
}
Event: 47.845 GC heap before
{Heap before GC invocations=43 (full 2):
 PSYoungGen      total 17408K, used 17136K [0x00000000d5580000, 0x00000000d6880000, 0x0000000100000000)
  eden space 15360K, 100% used [0x00000000d5580000,0x00000000d6480000,0x00000000d6480000)
  from space 2048K, 86% used [0x00000000d6680000,0x00000000d683c050,0x00000000d6880000)
  to   space 2048K, 0% used [0x00000000d6480000,0x00000000d6480000,0x00000000d6680000)
 ParOldGen       total 68608K, used 60610K [0x0000000080000000, 0x0000000084300000, 0x00000000d5580000)
  object space 68608K, 88% used [0x0000000080000000,0x0000000083b30bb8,0x0000000084300000)
 Metaspace       used 56699K, committed 57920K, reserved 1114112K
  class space    used 6060K, committed 6656K, reserved 1048576K
}
Event: 47.849 GC heap after
{Heap after GC invocations=43 (full 2):
 PSYoungGen      total 16896K, used 1040K [0x00000000d5580000, 0x00000000d6780000, 0x0000000100000000)
  eden space 15360K, 0% used [0x00000000d5580000,0x00000000d5580000,0x00000000d6480000)
  from space 1536K, 67% used [0x00000000d6480000,0x00000000d6584030,0x00000000d6600000)
  to   space 1536K, 0% used [0x00000000d6600000,0x00000000d6600000,0x00000000d6780000)
 ParOldGen       total 68608K, used 62243K [0x0000000080000000, 0x0000000084300000, 0x00000000d5580000)
  object space 68608K, 90% used [0x0000000080000000,0x0000000083cc8ca8,0x0000000084300000)
 Metaspace       used 56699K, committed 57920K, reserved 1114112K
  class space    used 6060K, committed 6656K, reserved 1048576K
}
Event: 47.982 GC heap before
{Heap before GC invocations=44 (full 2):
 PSYoungGen      total 16896K, used 16400K [0x00000000d5580000, 0x00000000d6780000, 0x0000000100000000)
  eden space 15360K, 100% used [0x00000000d5580000,0x00000000d6480000,0x00000000d6480000)
  from space 1536K, 67% used [0x00000000d6480000,0x00000000d6584030,0x00000000d6600000)
  to   space 1536K, 0% used [0x00000000d6600000,0x00000000d6600000,0x00000000d6780000)
 ParOldGen       total 68608K, used 62243K [0x0000000080000000, 0x0000000084300000, 0x00000000d5580000)
  object space 68608K, 90% used [0x0000000080000000,0x0000000083cc8ca8,0x0000000084300000)
 Metaspace       used 56706K, committed 57920K, reserved 1114112K
  class space    used 6060K, committed 6656K, reserved 1048576K
}
Event: 49.737 GC heap after
{Heap after GC invocations=44 (full 2):
 PSYoungGen      total 16896K, used 1184K [0x00000000d5580000, 0x00000000d6b00000, 0x0000000100000000)
  eden space 15360K, 0% used [0x00000000d5580000,0x00000000d5580000,0x00000000d6480000)
  from space 1536K, 77% used [0x00000000d6600000,0x00000000d6728060,0x00000000d6780000)
  to   space 1536K, 0% used [0x00000000d6480000,0x00000000d6480000,0x00000000d6600000)
 ParOldGen       total 68608K, used 63147K [0x0000000080000000, 0x0000000084300000, 0x00000000d5580000)
  object space 68608K, 92% used [0x0000000080000000,0x0000000083daad08,0x0000000084300000)
 Metaspace       used 56706K, committed 57920K, reserved 1114112K
  class space    used 6060K, committed 6656K, reserved 1048576K
}
Event: 49.869 GC heap before
{Heap before GC invocations=45 (full 2):
 PSYoungGen      total 16896K, used 16544K [0x00000000d5580000, 0x00000000d6b00000, 0x0000000100000000)
  eden space 15360K, 100% used [0x00000000d5580000,0x00000000d6480000,0x00000000d6480000)
  from space 1536K, 77% used [0x00000000d6600000,0x00000000d6728060,0x00000000d6780000)
  to   space 1536K, 0% used [0x00000000d6480000,0x00000000d6480000,0x00000000d6600000)
 ParOldGen       total 68608K, used 63147K [0x0000000080000000, 0x0000000084300000, 0x00000000d5580000)
  object space 68608K, 92% used [0x0000000080000000,0x0000000083daad08,0x0000000084300000)
 Metaspace       used 56712K, committed 57984K, reserved 1114112K
  class space    used 6060K, committed 6656K, reserved 1048576K
}

Dll operation events (10 events):
Event: 0.049 Loaded shared library c:\Users\us\.vscode\extensions\redhat.java-1.46.0-win32-x64\jre\21.0.8-win32-x86_64\bin\java.dll
Event: 0.552 Loaded shared library c:\Users\us\.vscode\extensions\redhat.java-1.46.0-win32-x64\jre\21.0.8-win32-x86_64\bin\zip.dll
Event: 0.627 Loaded shared library C:\Users\us\.vscode\extensions\redhat.java-1.46.0-win32-x64\jre\21.0.8-win32-x86_64\bin\instrument.dll
Event: 0.646 Loaded shared library C:\Users\us\.vscode\extensions\redhat.java-1.46.0-win32-x64\jre\21.0.8-win32-x86_64\bin\net.dll
Event: 0.651 Loaded shared library C:\Users\us\.vscode\extensions\redhat.java-1.46.0-win32-x64\jre\21.0.8-win32-x86_64\bin\nio.dll
Event: 0.665 Loaded shared library C:\Users\us\.vscode\extensions\redhat.java-1.46.0-win32-x64\jre\21.0.8-win32-x86_64\bin\zip.dll
Event: 0.725 Loaded shared library C:\Users\us\.vscode\extensions\redhat.java-1.46.0-win32-x64\jre\21.0.8-win32-x86_64\bin\jimage.dll
Event: 1.236 Loaded shared library c:\Users\us\.vscode\extensions\redhat.java-1.46.0-win32-x64\jre\21.0.8-win32-x86_64\bin\verify.dll
Event: 7.201 Loaded shared library C:\Users\us\AppData\Roaming\Code\User\globalStorage\redhat.java\1.46.0\config_win\org.eclipse.equinox.launcher\org.eclipse.equinox.launcher.win32.win32.x86_64_1.2.1400.v20250801-0854\eclipse_11916.dll
Event: 18.456 Loaded shared library C:\Users\us\AppData\Local\Temp\jna-3742\jna15063676234966988742.dll

Deoptimization events (20 events):
Event: 47.430 Thread 0x000002446a7f5760 DEOPT PACKING pc=0x0000024451ba5a4e sp=0x000000ff8a1fe160
Event: 47.430 Thread 0x000002446a7f5760 DEOPT UNPACKING pc=0x0000024457ef78e2 sp=0x000000ff8a1fd6e0 mode 0
Event: 47.432 Thread 0x000002446a7f5760 DEOPT PACKING pc=0x0000024451ba5a4e sp=0x000000ff8a1fe160
Event: 47.432 Thread 0x000002446a7f5760 DEOPT UNPACKING pc=0x0000024457ef78e2 sp=0x000000ff8a1fd6e0 mode 0
Event: 47.471 Thread 0x000002446a7f5760 Uncommon trap: trap_request=0xffffff45 fr.pc=0x000002445899736c relative=0x0000000000001e4c
Event: 47.483 Thread 0x000002446a7f5760 Uncommon trap: reason=unstable_if action=reinterpret pc=0x000002445899736c method=org.eclipse.jdt.internal.compiler.parser.Scanner.internalScanIdentifierOrKeyword(II[C)Lorg/eclipse/jdt/internal/compiler/parser/TerminalToken; @ 2291 c2
Event: 47.483 Thread 0x000002446a7f5760 DEOPT PACKING pc=0x000002445899736c sp=0x000000ff8a1fe1e0
Event: 47.483 Thread 0x000002446a7f5760 DEOPT UNPACKING pc=0x0000024457ef6da2 sp=0x000000ff8a1fe188 mode 2
Event: 47.565 Thread 0x000002446a7f5760 Uncommon trap: trap_request=0xffffffbe fr.pc=0x00000244587bb1e0 relative=0x0000000000003060
Event: 47.565 Thread 0x000002446a7f5760 Uncommon trap: reason=profile_predicate action=maybe_recompile pc=0x00000244587bb1e0 method=org.eclipse.jdt.internal.core.util.DeduplicationUtil.intern(Ljava/util/List;)Ljava/util/List; @ 127 c2
Event: 47.565 Thread 0x000002446a7f5760 DEOPT PACKING pc=0x00000244587bb1e0 sp=0x000000ff8a1fe4e0
Event: 47.565 Thread 0x000002446a7f5760 DEOPT UNPACKING pc=0x0000024457ef6da2 sp=0x000000ff8a1fe4d0 mode 2
Event: 47.565 Thread 0x000002446a7f5760 Uncommon trap: trap_request=0xffffffbe fr.pc=0x00000244587bb1e0 relative=0x0000000000003060
Event: 47.565 Thread 0x000002446a7f5760 Uncommon trap: reason=profile_predicate action=maybe_recompile pc=0x00000244587bb1e0 method=org.eclipse.jdt.internal.core.util.DeduplicationUtil.intern(Ljava/util/List;)Ljava/util/List; @ 127 c2
Event: 47.565 Thread 0x000002446a7f5760 DEOPT PACKING pc=0x00000244587bb1e0 sp=0x000000ff8a1fe4f0
Event: 47.566 Thread 0x000002446a7f5760 DEOPT UNPACKING pc=0x0000024457ef6da2 sp=0x000000ff8a1fe4e0 mode 2
Event: 47.566 Thread 0x000002446a7f5760 Uncommon trap: trap_request=0xffffffbe fr.pc=0x00000244587bb1e0 relative=0x0000000000003060
Event: 47.566 Thread 0x000002446a7f5760 Uncommon trap: reason=profile_predicate action=maybe_recompile pc=0x00000244587bb1e0 method=org.eclipse.jdt.internal.core.util.DeduplicationUtil.intern(Ljava/util/List;)Ljava/util/List; @ 127 c2
Event: 47.566 Thread 0x000002446a7f5760 DEOPT PACKING pc=0x00000244587bb1e0 sp=0x000000ff8a1fe4f0
Event: 47.566 Thread 0x000002446a7f5760 DEOPT UNPACKING pc=0x0000024457ef6da2 sp=0x000000ff8a1fe4e0 mode 2

Classes loaded (20 events):
Event: 35.801 Loading class java/util/Vector$1
Event: 35.802 Loading class java/util/Vector$1 done
Event: 36.518 Loading class sun/nio/cs/ISO_8859_1$Encoder
Event: 36.519 Loading class sun/nio/cs/ISO_8859_1$Encoder done
Event: 36.519 Loading class sun/nio/cs/Surrogate$Parser
Event: 36.519 Loading class sun/nio/cs/Surrogate$Parser done
Event: 36.519 Loading class sun/nio/cs/Surrogate
Event: 36.519 Loading class sun/nio/cs/Surrogate done
Event: 37.485 Loading class java/util/regex/Pattern$Caret
Event: 37.486 Loading class java/util/regex/Pattern$Caret done
Event: 43.322 Loading class java/util/stream/ReferencePipeline$4
Event: 43.339 Loading class java/util/stream/ReferencePipeline$4 done
Event: 43.353 Loading class java/util/stream/Nodes$IntFixedNodeBuilder
Event: 43.402 Loading class java/util/stream/Node$Builder$OfInt
Event: 43.403 Loading class java/util/stream/Node$Builder$OfInt done
Event: 43.403 Loading class java/util/stream/Nodes$IntArrayNode
Event: 43.408 Loading class java/util/stream/Nodes$IntArrayNode done
Event: 43.408 Loading class java/util/stream/Nodes$IntFixedNodeBuilder done
Event: 43.409 Loading class java/util/stream/ReferencePipeline$4$1
Event: 43.409 Loading class java/util/stream/ReferencePipeline$4$1 done

Classes unloaded (7 events):
Event: 21.001 Thread 0x000002444d82ac00 Unloading class 0x00000244011a8800 'java/lang/invoke/LambdaForm$MH+0x00000244011a8800'
Event: 21.001 Thread 0x000002444d82ac00 Unloading class 0x00000244011a8400 'java/lang/invoke/LambdaForm$MH+0x00000244011a8400'
Event: 21.001 Thread 0x000002444d82ac00 Unloading class 0x00000244011a8000 'java/lang/invoke/LambdaForm$MH+0x00000244011a8000'
Event: 21.001 Thread 0x000002444d82ac00 Unloading class 0x00000244011a7c00 'java/lang/invoke/LambdaForm$MH+0x00000244011a7c00'
Event: 21.001 Thread 0x000002444d82ac00 Unloading class 0x00000244011a7800 'java/lang/invoke/LambdaForm$BMH+0x00000244011a7800'
Event: 21.001 Thread 0x000002444d82ac00 Unloading class 0x00000244011a7400 'java/lang/invoke/LambdaForm$DMH+0x00000244011a7400'
Event: 21.001 Thread 0x000002444d82ac00 Unloading class 0x00000244011a6000 'java/lang/invoke/LambdaForm$DMH+0x00000244011a6000'

Classes redefined (0 events):
No events

Internal exceptions (20 events):
Event: 31.944 Thread 0x000002446a7f50d0 Exception <a 'java/lang/NoSuchMethodError'{0x00000000d65a6ca0}: 'java.lang.Object java.lang.invoke.DelegatingMethodHandle$Holder.delegate(java.lang.Object, int, java.lang.Object, java.lang.Object)'> (0x00000000d65a6ca0) 
thrown [s\src\hotspot\share\interpreter\linkResolver.cpp, line 773]
Event: 31.953 Thread 0x000002446a7f50d0 Implicit null exception at 0x000002445857cef6 to 0x000002445857d22c
Event: 31.957 Thread 0x000002446a7f50d0 Exception <a 'java/lang/NoSuchMethodError'{0x00000000d66c02c0}: 'int java.lang.invoke.Invokers$Holder.linkToTargetMethod(java.lang.Object, java.lang.Object, java.lang.Object)'> (0x00000000d66c02c0) 
thrown [s\src\hotspot\share\interpreter\linkResolver.cpp, line 773]
Event: 33.177 Thread 0x000002446a7f43b0 Exception <a 'java/lang/NoClassDefFoundError'{0x00000000d620a228}: com/google/inject/servlet/ServletModuleTargetVisitor> (0x00000000d620a228) 
thrown [s\src\hotspot\share\classfile\systemDictionary.cpp, line 301]
Event: 34.755 Thread 0x000002446a7f50d0 Exception <a 'sun/nio/fs/WindowsException'{0x00000000d6726b60}> (0x00000000d6726b60) 
thrown [s\src\hotspot\share\prims\jni.cpp, line 520]
Event: 34.762 Thread 0x000002446b488f20 Exception <a 'sun/nio/fs/WindowsException'{0x00000000d6751d28}> (0x00000000d6751d28) 
thrown [s\src\hotspot\share\prims\jni.cpp, line 520]
Event: 34.768 Thread 0x000002446b488890 Exception <a 'sun/nio/fs/WindowsException'{0x00000000d675dc18}> (0x00000000d675dc18) 
thrown [s\src\hotspot\share\prims\jni.cpp, line 520]
Event: 34.787 Thread 0x000002446b486130 Exception <a 'sun/nio/fs/WindowsException'{0x00000000d6769860}> (0x00000000d6769860) 
thrown [s\src\hotspot\share\prims\jni.cpp, line 520]
Event: 34.867 Thread 0x000002446b4867c0 Exception <a 'java/io/FileNotFoundException'{0x00000000d5649f18}> (0x00000000d5649f18) 
thrown [s\src\hotspot\share\prims\jni.cpp, line 520]
Event: 35.251 Thread 0x000002446a7f43b0 Exception <a 'sun/nio/fs/WindowsException'{0x00000000d61d07e8}> (0x00000000d61d07e8) 
thrown [s\src\hotspot\share\prims\jni.cpp, line 520]
Event: 35.251 Thread 0x000002446a7f43b0 Exception <a 'sun/nio/fs/WindowsException'{0x00000000d61d10c8}> (0x00000000d61d10c8) 
thrown [s\src\hotspot\share\prims\jni.cpp, line 520]
Event: 35.303 Thread 0x000002446b4867c0 Exception <a 'java/lang/IncompatibleClassChangeError'{0x00000000d644ca98}: Found class java.lang.Object, but interface was expected> (0x00000000d644ca98) 
thrown [s\src\hotspot\share\interpreter\linkResolver.cpp, line 840]
Event: 35.335 Thread 0x000002446a7f43b0 Exception <a 'java/io/FileNotFoundException'{0x00000000d651d3e0}> (0x00000000d651d3e0) 
thrown [s\src\hotspot\share\prims\jni.cpp, line 520]
Event: 35.338 Thread 0x000002446a7f43b0 Exception <a 'java/io/FileNotFoundException'{0x00000000d651e498}> (0x00000000d651e498) 
thrown [s\src\hotspot\share\prims\jni.cpp, line 520]
Event: 35.338 Thread 0x000002446a7f43b0 Exception <a 'java/io/FileNotFoundException'{0x00000000d651f1d8}> (0x00000000d651f1d8) 
thrown [s\src\hotspot\share\prims\jni.cpp, line 520]
Event: 40.821 Thread 0x000002446a7f50d0 Exception <a 'java/lang/NoSuchMethodError'{0x00000000d5b0c408}: 'void java.lang.invoke.DelegatingMethodHandle$Holder.reinvoke_L(java.lang.Object, java.lang.Object, java.lang.Object, int, java.lang.Object, int, int)'> (0x00000000d5b0c408) 
thrown [s\src\hotspot\share\interpreter\linkResolver.cpp, line 773]
Event: 41.570 Thread 0x000002446a7f50d0 Exception <a 'java/lang/NoSuchMethodError'{0x00000000d6100f58}: 'java.lang.Object java.lang.invoke.DirectMethodHandle$Holder.invokeStatic(java.lang.Object, java.lang.Object, int, int)'> (0x00000000d6100f58) 
thrown [s\src\hotspot\share\interpreter\linkResolver.cpp, line 773]
Event: 41.571 Thread 0x000002446a7f50d0 Exception <a 'java/lang/NoSuchMethodError'{0x00000000d6105358}: 'java.lang.Object java.lang.invoke.DirectMethodHandle$Holder.invokeSpecial(java.lang.Object, java.lang.Object, java.lang.Object, int, int)'> (0x00000000d6105358) 
thrown [s\src\hotspot\share\interpreter\linkResolver.cpp, line 773]
Event: 44.769 Thread 0x000002446a7f5760 Implicit null exception at 0x00000244588e2ca3 to 0x00000244588e3008
Event: 46.214 Thread 0x000002446a7f5760 Implicit null exception at 0x000002445860a106 to 0x000002445860a1fc

ZGC Phase Switch (0 events):
No events

VM Operations (20 events):
Event: 42.644 Executing VM operation: ParallelGCFailedAllocation (Allocation Failure) done
Event: 43.455 Executing VM operation: ParallelGCFailedAllocation (Allocation Failure)
Event: 43.460 Executing VM operation: ParallelGCFailedAllocation (Allocation Failure) done
Event: 43.760 Executing VM operation: ParallelGCFailedAllocation (Allocation Failure)
Event: 43.771 Executing VM operation: ParallelGCFailedAllocation (Allocation Failure) done
Event: 44.761 Executing VM operation: ParallelGCFailedAllocation (Allocation Failure)
Event: 44.766 Executing VM operation: ParallelGCFailedAllocation (Allocation Failure) done
Event: 45.183 Executing VM operation: ParallelGCFailedAllocation (Allocation Failure)
Event: 46.211 Executing VM operation: ParallelGCFailedAllocation (Allocation Failure) done
Event: 46.467 Executing VM operation: HandshakeAllThreads (Deoptimize)
Event: 46.499 Executing VM operation: HandshakeAllThreads (Deoptimize) done
Event: 46.511 Executing VM operation: HandshakeAllThreads (Deoptimize)
Event: 46.575 Executing VM operation: HandshakeAllThreads (Deoptimize) done
Event: 47.082 Executing VM operation: ParallelGCFailedAllocation (Allocation Failure)
Event: 47.313 Executing VM operation: ParallelGCFailedAllocation (Allocation Failure) done
Event: 47.749 Executing VM operation: ParallelGCFailedAllocation (Allocation Failure)
Event: 47.849 Executing VM operation: ParallelGCFailedAllocation (Allocation Failure) done
Event: 47.982 Executing VM operation: ParallelGCFailedAllocation (Allocation Failure)
Event: 49.737 Executing VM operation: ParallelGCFailedAllocation (Allocation Failure) done
Event: 49.869 Executing VM operation: ParallelGCFailedAllocation (Allocation Failure)

Memory protections (0 events):
No events

Nmethod flushes (20 events):
Event: 26.948 Thread 0x000002444d82ac00 flushing  nmethod 0x000002445106c910
Event: 26.948 Thread 0x000002444d82ac00 flushing  nmethod 0x000002445106dd90
Event: 26.948 Thread 0x000002444d82ac00 flushing  nmethod 0x000002445106e690
Event: 26.948 Thread 0x000002444d82ac00 flushing  nmethod 0x000002445106f890
Event: 26.948 Thread 0x000002444d82ac00 flushing  nmethod 0x0000024451070090
Event: 26.948 Thread 0x000002444d82ac00 flushing  nmethod 0x0000024451070810
Event: 26.948 Thread 0x000002444d82ac00 flushing  nmethod 0x0000024451071910
Event: 26.948 Thread 0x000002444d82ac00 flushing  nmethod 0x0000024451072e10
Event: 26.948 Thread 0x000002444d82ac00 flushing  nmethod 0x0000024451073f10
Event: 26.948 Thread 0x000002444d82ac00 flushing  nmethod 0x0000024451074b90
Event: 26.948 Thread 0x000002444d82ac00 flushing  nmethod 0x0000024451075090
Event: 26.948 Thread 0x000002444d82ac00 flushing  nmethod 0x0000024451075b10
Event: 26.948 Thread 0x000002444d82ac00 flushing  nmethod 0x0000024451095610
Event: 26.948 Thread 0x000002444d82ac00 flushing  nmethod 0x00000244510acb10
Event: 26.948 Thread 0x000002444d82ac00 flushing  nmethod 0x00000244510b0510
Event: 26.948 Thread 0x000002444d82ac00 flushing  nmethod 0x00000244510b3890
Event: 26.948 Thread 0x000002444d82ac00 flushing  nmethod 0x000002445110ed90
Event: 26.948 Thread 0x000002444d82ac00 flushing  nmethod 0x0000024451110e90
Event: 26.948 Thread 0x000002444d82ac00 flushing  nmethod 0x0000024451135910
Event: 26.948 Thread 0x000002444d82ac00 flushing  nmethod 0x0000024451156590

Events (20 events):
Event: 33.400 Thread 0x000002446af4c1a0 Thread exited: 0x000002446af4c1a0
Event: 33.592 Thread 0x0000024465a11a00 Thread added: 0x000002446af4c1a0
Event: 34.182 Thread 0x000002446af4c1a0 Thread exited: 0x000002446af4c1a0
Event: 34.760 Thread 0x000002446a7f50d0 Thread added: 0x000002446b488f20
Event: 34.765 Thread 0x000002446b488f20 Thread added: 0x000002446b488890
Event: 34.769 Thread 0x000002446b488890 Thread added: 0x000002446b486130
Event: 34.769 Thread 0x000002446b486130 Thread added: 0x000002446b486e50
Event: 34.770 Thread 0x000002446b486e50 Thread added: 0x000002446b4874e0
Event: 34.937 Thread 0x000002446a7f50d0 Thread added: 0x000002446e2eda90
Event: 34.937 Thread 0x000002446a7f50d0 Thread added: 0x000002446e2ee120
Event: 34.937 Thread 0x000002446a7f50d0 Thread added: 0x000002446e2ef4d0
Event: 34.938 Thread 0x000002446a7f50d0 Thread added: 0x000002446e2ee7b0
Event: 34.938 Thread 0x000002446a7f50d0 Thread added: 0x000002446e2eee40
Event: 34.938 Thread 0x000002446a7f50d0 Thread added: 0x000002446e2efb60
Event: 36.145 Thread 0x000002444d705a60 Thread added: 0x000002446d0df3d0
Event: 36.622 Thread 0x000002446d0df3d0 Thread exited: 0x000002446d0df3d0
Event: 38.410 Thread 0x0000024465a11a00 Thread added: 0x000002446c763ea0
Event: 38.559 Thread 0x000002446c763ea0 Thread exited: 0x000002446c763ea0
Event: 39.151 Thread 0x0000024465a11a00 Thread added: 0x000002446b46a0b0
Event: 49.742 Thread 0x000002446b46a0b0 Thread added: 0x000002446d1d1060


Dynamic libraries:
0x00007ff75b9d0000 - 0x00007ff75b9de000 	c:\Users\us\.vscode\extensions\redhat.java-1.46.0-win32-x64\jre\21.0.8-win32-x86_64\bin\java.exe
0x00007ffd393e0000 - 0x00007ffd39649000 	C:\WINDOWS\SYSTEM32\ntdll.dll
0x00007ffd37af0000 - 0x00007ffd37bb9000 	C:\WINDOWS\System32\KERNEL32.DLL
0x00007ffd369c0000 - 0x00007ffd36db3000 	C:\WINDOWS\System32\KERNELBASE.dll
0x00007ffd32f40000 - 0x00007ffd32fde000 	C:\WINDOWS\SYSTEM32\apphelp.dll
0x00007ffd36570000 - 0x00007ffd366bb000 	C:\WINDOWS\System32\ucrtbase.dll
0x00007ffd05570000 - 0x00007ffd05588000 	c:\Users\us\.vscode\extensions\redhat.java-1.46.0-win32-x64\jre\21.0.8-win32-x86_64\bin\jli.dll
0x00007ffd38170000 - 0x00007ffd38334000 	C:\WINDOWS\System32\USER32.dll
0x00007ffd02b80000 - 0x00007ffd02b9e000 	c:\Users\us\.vscode\extensions\redhat.java-1.46.0-win32-x64\jre\21.0.8-win32-x86_64\bin\VCRUNTIME140.dll
0x00007ffd36990000 - 0x00007ffd369b7000 	C:\WINDOWS\System32\win32u.dll
0x00007ffd38340000 - 0x00007ffd3836b000 	C:\WINDOWS\System32\GDI32.dll
0x00007ffd1e390000 - 0x00007ffd1e623000 	C:\WINDOWS\WinSxS\amd64_microsoft.windows.common-controls_6595b64144ccf1df_6.0.26100.5074_none_3e0d6f78e32fd63f\COMCTL32.dll
0x00007ffd36e70000 - 0x00007ffd36f9d000 	C:\WINDOWS\System32\gdi32full.dll
0x00007ffd36dc0000 - 0x00007ffd36e63000 	C:\WINDOWS\System32\msvcp_win.dll
0x00007ffd37890000 - 0x00007ffd37939000 	C:\WINDOWS\System32\msvcrt.dll
0x00007ffd38970000 - 0x00007ffd3899f000 	C:\WINDOWS\System32\IMM32.DLL
0x00007ffd14d40000 - 0x00007ffd14d4c000 	c:\Users\us\.vscode\extensions\redhat.java-1.46.0-win32-x64\jre\21.0.8-win32-x86_64\bin\vcruntime140_1.dll
0x00007ffcdd630000 - 0x00007ffcdd6bd000 	c:\Users\us\.vscode\extensions\redhat.java-1.46.0-win32-x64\jre\21.0.8-win32-x86_64\bin\msvcp140.dll
0x00007ffc81ca0000 - 0x00007ffc82a37000 	c:\Users\us\.vscode\extensions\redhat.java-1.46.0-win32-x64\jre\21.0.8-win32-x86_64\bin\server\jvm.dll
0x00007ffd38370000 - 0x00007ffd38424000 	C:\WINDOWS\System32\ADVAPI32.dll
0x00007ffd377e0000 - 0x00007ffd37886000 	C:\WINDOWS\System32\sechost.dll
0x00007ffd37cd0000 - 0x00007ffd37de8000 	C:\WINDOWS\System32\RPCRT4.dll
0x00007ffd388f0000 - 0x00007ffd38964000 	C:\WINDOWS\System32\WS2_32.dll
0x00007ffd363f0000 - 0x00007ffd3644e000 	C:\WINDOWS\SYSTEM32\POWRPROF.dll
0x00007ffd2c090000 - 0x00007ffd2c0c5000 	C:\WINDOWS\SYSTEM32\WINMM.dll
0x00007ffd26560000 - 0x00007ffd2656b000 	C:\WINDOWS\SYSTEM32\VERSION.dll
0x00007ffd363d0000 - 0x00007ffd363e4000 	C:\WINDOWS\SYSTEM32\UMPDC.dll
0x00007ffd35310000 - 0x00007ffd3532b000 	C:\WINDOWS\SYSTEM32\kernel.appcore.dll
0x00007ffd13180000 - 0x00007ffd1318a000 	c:\Users\us\.vscode\extensions\redhat.java-1.46.0-win32-x64\jre\21.0.8-win32-x86_64\bin\jimage.dll
0x00007ffd33c10000 - 0x00007ffd33e52000 	C:\WINDOWS\SYSTEM32\DBGHELP.DLL
0x00007ffd37460000 - 0x00007ffd377db000 	C:\WINDOWS\System32\combase.dll
0x00007ffd37990000 - 0x00007ffd37a67000 	C:\WINDOWS\System32\OLEAUT32.dll
0x00007ffd1fab0000 - 0x00007ffd1faed000 	C:\WINDOWS\SYSTEM32\dbgcore.DLL
0x00007ffd37110000 - 0x00007ffd371a9000 	C:\WINDOWS\System32\bcryptPrimitives.dll
0x00007ffd12fa0000 - 0x00007ffd12faf000 	c:\Users\us\.vscode\extensions\redhat.java-1.46.0-win32-x64\jre\21.0.8-win32-x86_64\bin\instrument.dll
0x00007ffd02b60000 - 0x00007ffd02b7f000 	c:\Users\us\.vscode\extensions\redhat.java-1.46.0-win32-x64\jre\21.0.8-win32-x86_64\bin\java.dll
0x00007ffd38c50000 - 0x00007ffd3939d000 	C:\WINDOWS\System32\SHELL32.dll
0x00007ffd36fa0000 - 0x00007ffd3710c000 	C:\WINDOWS\System32\wintypes.dll
0x00007ffd34190000 - 0x00007ffd349e9000 	C:\WINDOWS\SYSTEM32\windows.storage.dll
0x00007ffd37bc0000 - 0x00007ffd37cb0000 	C:\WINDOWS\System32\SHCORE.dll
0x00007ffd372f0000 - 0x00007ffd37352000 	C:\WINDOWS\System32\shlwapi.dll
0x00007ffd36490000 - 0x00007ffd364b9000 	C:\WINDOWS\SYSTEM32\profapi.dll
0x00007ffcf48f0000 - 0x00007ffcf4908000 	c:\Users\us\.vscode\extensions\redhat.java-1.46.0-win32-x64\jre\21.0.8-win32-x86_64\bin\zip.dll
0x00007ffd12d90000 - 0x00007ffd12da0000 	C:\Users\us\.vscode\extensions\redhat.java-1.46.0-win32-x64\jre\21.0.8-win32-x86_64\bin\net.dll
0x00007ffd30270000 - 0x00007ffd3038f000 	C:\WINDOWS\SYSTEM32\WINHTTP.dll
0x00007ffd35870000 - 0x00007ffd358db000 	C:\WINDOWS\system32\mswsock.dll
0x00007ffcdca50000 - 0x00007ffcdca66000 	C:\Users\us\.vscode\extensions\redhat.java-1.46.0-win32-x64\jre\21.0.8-win32-x86_64\bin\nio.dll
0x00007ffd0b750000 - 0x00007ffd0b760000 	c:\Users\us\.vscode\extensions\redhat.java-1.46.0-win32-x64\jre\21.0.8-win32-x86_64\bin\verify.dll
0x00007ffd14230000 - 0x00007ffd14274000 	C:\Users\us\AppData\Roaming\Code\User\globalStorage\redhat.java\1.46.0\config_win\org.eclipse.equinox.launcher\org.eclipse.equinox.launcher.win32.win32.x86_64_1.2.1400.v20250801-0854\eclipse_11916.dll
0x00007ffd37fd0000 - 0x00007ffd38168000 	C:\WINDOWS\System32\ole32.dll
0x00007ffd35c40000 - 0x00007ffd35c5b000 	C:\WINDOWS\SYSTEM32\CRYPTSP.dll
0x00007ffd35270000 - 0x00007ffd352ab000 	C:\WINDOWS\system32\rsaenh.dll
0x00007ffd35910000 - 0x00007ffd3593b000 	C:\WINDOWS\SYSTEM32\USERENV.dll
0x00007ffd36460000 - 0x00007ffd36486000 	C:\WINDOWS\SYSTEM32\bcrypt.dll
0x00007ffd35aa0000 - 0x00007ffd35aac000 	C:\WINDOWS\SYSTEM32\CRYPTBASE.dll
0x00007ffd34d10000 - 0x00007ffd34d44000 	C:\WINDOWS\SYSTEM32\IPHLPAPI.DLL
0x00007ffd37ad0000 - 0x00007ffd37ada000 	C:\WINDOWS\System32\NSI.dll
0x00007ffd13f00000 - 0x00007ffd13f49000 	C:\Users\us\AppData\Local\Temp\jna-3742\jna15063676234966988742.dll
0x00007ffd38a60000 - 0x00007ffd38a68000 	C:\WINDOWS\System32\PSAPI.DLL
0x00007ffd30820000 - 0x00007ffd3083e000 	C:\WINDOWS\SYSTEM32\dhcpcsvc6.DLL
0x00007ffd307f0000 - 0x00007ffd30813000 	C:\WINDOWS\SYSTEM32\dhcpcsvc.DLL

JVMTI agents:
c:\Users\us\.vscode\extensions\redhat.java-1.46.0-win32-x64\lombok\lombok-1.18.39-4050.jar path:c:\Users\us\.vscode\extensions\redhat.java-1.46.0-win32-x64\jre\21.0.8-win32-x86_64\bin\instrument.dll, loaded, initialized, instrumentlib options:none

dbghelp: loaded successfully - version: 4.0.5 - missing functions: none
symbol engine: initialized successfully - sym options: 0x614 - pdb path: .;c:\Users\us\.vscode\extensions\redhat.java-1.46.0-win32-x64\jre\21.0.8-win32-x86_64\bin;C:\WINDOWS\SYSTEM32;C:\WINDOWS\WinSxS\amd64_microsoft.windows.common-controls_6595b64144ccf1df_6.0.26100.5074_none_3e0d6f78e32fd63f;c:\Users\us\.vscode\extensions\redhat.java-1.46.0-win32-x64\jre\21.0.8-win32-x86_64\bin\server;C:\Users\us\AppData\Roaming\Code\User\globalStorage\redhat.java\1.46.0\config_win\org.eclipse.equinox.launcher\org.eclipse.equinox.launcher.win32.win32.x86_64_1.2.1400.v20250801-0854;C:\Users\us\AppData\Local\Temp\jna-3742

VM Arguments:
jvm_args: --add-modules=ALL-SYSTEM --add-opens=java.base/java.util=ALL-UNNAMED --add-opens=java.base/java.lang=ALL-UNNAMED --add-opens=java.base/sun.nio.fs=ALL-UNNAMED -Declipse.application=org.eclipse.jdt.ls.core.id1 -Dosgi.bundles.defaultStartLevel=4 -Declipse.product=org.eclipse.jdt.ls.core.product -Djava.import.generatesMetadataFilesAtProjectRoot=false -DDetectVMInstallationsJob.disabled=true -Dfile.encoding=utf8 -XX:+UseParallelGC -XX:GCTimeRatio=4 -XX:AdaptiveSizePolicyWeight=90 -Dsun.zip.disableMemoryMapping=true -Xmx2G -Xms100m -Xlog:disable -javaagent:c:\Users\us\.vscode\extensions\redhat.java-1.46.0-win32-x64\lombok\lombok-1.18.39-4050.jar -XX:+HeapDumpOnOutOfMemoryError -XX:HeapDumpPath=c:\Users\us\AppData\Roaming\Code\User\workspaceStorage\427a046cafd72eca70f8d2edee299d5e\redhat.java -Daether.dependencyCollector.impl=bf 
java_command: c:\Users\us\.vscode\extensions\redhat.java-1.46.0-win32-x64\server\plugins\org.eclipse.equinox.launcher_1.7.0.v20250519-0528.jar -configuration c:\Users\us\AppData\Roaming\Code\User\globalStorage\redhat.java\1.46.0\config_win -data c:\Users\us\AppData\Roaming\Code\User\workspaceStorage\427a046cafd72eca70f8d2edee299d5e\redhat.java\jdt_ws --pipe=\\.\pipe\lsp-29a2854fd4be8f332508205a5773fc65-sock
java_class_path (initial): c:\Users\us\.vscode\extensions\redhat.java-1.46.0-win32-x64\server\plugins\org.eclipse.equinox.launcher_1.7.0.v20250519-0528.jar
Launcher Type: SUN_STANDARD

[Global flags]
    uintx AdaptiveSizePolicyWeight                 = 90                                        {product} {command line}
     intx CICompilerCount                          = 4                                         {product} {ergonomic}
    uintx GCTimeRatio                              = 4                                         {product} {command line}
     bool HeapDumpOnOutOfMemoryError               = true                                   {manageable} {command line}
    ccstr HeapDumpPath                             = c:\Users\us\AppData\Roaming\Code\User\workspaceStorage\427a046cafd72eca70f8d2edee299d5e\redhat.java         {manageable} {command line}
   size_t InitialHeapSize                          = 104857600                                 {product} {command line}
   size_t MaxHeapSize                              = 2147483648                                {product} {command line}
   size_t MaxNewSize                               = 715653120                                 {product} {ergonomic}
   size_t MinHeapDeltaBytes                        = 524288                                    {product} {ergonomic}
   size_t MinHeapSize                              = 104857600                                 {product} {command line}
   size_t NewSize                                  = 34603008                                  {product} {ergonomic}
    uintx NonNMethodCodeHeapSize                   = 5839372                                {pd product} {ergonomic}
    uintx NonProfiledCodeHeapSize                  = 122909434                              {pd product} {ergonomic}
   size_t OldSize                                  = 70254592                                  {product} {ergonomic}
    uintx ProfiledCodeHeapSize                     = 122909434                              {pd product} {ergonomic}
    uintx ReservedCodeCacheSize                    = 251658240                              {pd product} {ergonomic}
     bool SegmentedCodeCache                       = true                                      {product} {ergonomic}
   size_t SoftMaxHeapSize                          = 2147483648                             {manageable} {ergonomic}
     bool UseCompressedOops                        = true                           {product lp64_product} {ergonomic}
     bool UseLargePagesIndividualAllocation        = false                                  {pd product} {ergonomic}
     bool UseParallelGC                            = true                                      {product} {command line}

Logging:
Log output configuration:
 #0: stdout all=off uptime,level,tags foldmultilines=false
 #1: stderr all=off uptime,level,tags foldmultilines=false

Environment Variables:
PATH=C:\Python313\Scripts\;C:\Python313\;C:\WINDOWS\system32;C:\WINDOWS;C:\WINDOWS\System32\Wbem;C:\WINDOWS\System32\WindowsPowerShell\v1.0\;C:\WINDOWS\System32\OpenSSH\;C:\Program Files\Git\cmd;C:\Users\us\Downloads\apache-maven-3.9.9-bin\apache-maven-3.9.9\bin;C:\Program Files\Java\jdk-17\bin;;C:\Program Files\Git LFS;C:\ProgramData\chocolatey\bin;c:\Users\us\AppData\Local\Programs\cursor\resources\app\bin;c:\Users\us\AppData\Local\Programs\cursor\resources\app\bin;C:\Karthik workspace\Node.js\;C:\Users\us\AppData\Local\Microsoft\WindowsApps;C:\Users\us\AppData\Local\Programs\Microsoft VS Code\bin;C:\Users\us\AppData\Local\GitHubDesktop\bin;C:\Users\us\AppData\Local\Programs\cursor\resources\app\bin;C:\Users\us\AppData\Roaming\npm
USERNAME=us
OS=Windows_NT
PROCESSOR_IDENTIFIER=Intel64 Family 6 Model 140 Stepping 1, GenuineIntel
TMP=C:\Users\us\AppData\Local\Temp
TEMP=C:\Users\us\AppData\Local\Temp




Periodic native trim disabled

---------------  S Y S T E M  ---------------

OS:
 Windows 11 , 64 bit Build 26100 (10.0.26100.5074)
OS uptime: 0 days 21:57 hours
Hyper-V role detected

CPU: total 8 (initial active 8) (4 cores per cpu, 2 threads per core) family 6 model 140 stepping 1 microcode 0xb8, cx8, cmov, fxsr, ht, mmx, 3dnowpref, sse, sse2, sse3, ssse3, sse4.1, sse4.2, popcnt, lzcnt, tsc, tscinvbit, avx, avx2, aes, erms, clmul, bmi1, bmi2, adx, avx512f, avx512dq, avx512cd, avx512bw, avx512vl, sha, fma, vzeroupper, avx512_vpopcntdq, avx512_vpclmulqdq, avx512_vaes, avx512_vnni, clflush, clflushopt, clwb, avx512_vbmi2, avx512_vbmi, hv, rdtscp, rdpid, fsrm, gfni, avx512_bitalg, f16c, cet_ibt, cet_ss, avx512_ifma
Processor Information for the first 8 processors :
  Max Mhz: 1498, Current Mhz: 1498, Mhz Limit: 1498

Memory: 4k page, system-wide physical 16118M (642M free)
TotalPageFile size 29750M (AvailPageFile size 14M)
current process WorkingSet (physical memory assigned to process): 276M, peak: 304M
current process commit charge ("private bytes"): 358M, peak: 387M

vm_info: OpenJDK 64-Bit Server VM (21.0.8+9-LTS) for windows-amd64 JRE (21.0.8+9-LTS), built on 2025-07-15T00:00:00Z by "admin" with MS VC++ 17.7 (VS2022)

END.
